==============================================================
File generated by Vivado(TM) HLS - High-Level Synthesis from C, C++ and SystemC
Version: 2017.1
Copyright (C) 1986-2017 Xilinx, Inc. All Rights Reserved.

==============================================================

INFO: [SYN 201-201] Setting up clock 'default' with a period of 10ns.
INFO: [HLS 200-10] Setting target device to 'xc7z020clg484-1'
INFO: [HLS 200-10] Analyzing design file 'IP_3.0_loop_unrolling.c' ... 
INFO: [HLS 200-10] Validating synthesis directives ...
INFO: [HLS 200-111] Finished Checking Pragmas Time (s): cpu = 00:00:02 ; elapsed = 00:00:06 . Memory (MB): peak = 98.398 ; gain = 48.941
INFO: [HLS 200-111] Finished Linking Time (s): cpu = 00:00:02 ; elapsed = 00:00:07 . Memory (MB): peak = 98.418 ; gain = 48.961
INFO: [HLS 200-10] Starting code transformations ...
INFO: [XFORM 203-603] Inlining function 'ap_fixed_base<121, 68, false, (ap_q_mode)5, (ap_o_mode)3, 0>::operator<<' into 'hls::cast_IEEE754<unsigned short, (ap_q_mode)6, double>' (r:/builds/2017.1/nightly/2017_04_14_1846317/src/products/hls/hls_lib/src/hls/hls_round.h:485).
INFO: [XFORM 203-603] Inlining function 'ap_fixed_base<1, 17, false, (ap_q_mode)5, (ap_o_mode)0, 0>::overflow_adjust' into 'ap_fixed_base<1, 17, false, (ap_q_mode)5, (ap_o_mode)0, 0>::ap_fixed_base<121, 68, false, (ap_q_mode)5, (ap_o_mode)3, 0>' ().
INFO: [HLS 200-111] Finished Standard Transforms Time (s): cpu = 00:00:08 ; elapsed = 00:00:23 . Memory (MB): peak = 410.723 ; gain = 361.266
INFO: [HLS 200-10] Checking synthesizability ...
INFO: [XFORM 203-602] Inlining function 'fp_struct<double>::mantissa' into 'hls::cast_IEEE754<unsigned short, (ap_q_mode)6, double>' (r:/builds/2017.1/nightly/2017_04_14_1846317/src/products/hls/hls_lib/src/hls/hls_round.h:482) automatically.
INFO: [XFORM 203-602] Inlining function 'fp_struct<double>::expv' into 'hls::cast_IEEE754<unsigned short, (ap_q_mode)6, double>' (r:/builds/2017.1/nightly/2017_04_14_1846317/src/products/hls/hls_lib/src/hls/hls_round.h:485) automatically.
INFO: [XFORM 203-602] Inlining function 'fp_struct<double>::__signbit' into 'hls::cast_IEEE754<unsigned short, (ap_q_mode)6, double>' (r:/builds/2017.1/nightly/2017_04_14_1846317/src/products/hls/hls_lib/src/hls/hls_round.h:505) automatically.
INFO: [XFORM 203-602] Inlining function 'hls::cast_IEEE754<unsigned short, (ap_q_mode)6, double>' into 'hls::cast_IEEE754<unsigned short, double>' (r:/builds/2017.1/nightly/2017_04_14_1846317/src/products/hls/hls_lib/src/hls/hls_round.h:523) automatically.
INFO: [XFORM 203-602] Inlining function 'hls::cast_IEEE754<unsigned short, double>' into '__hls_fptoui_double_i16' (r:/builds/2017.1/nightly/2017_04_14_1846317/src/products/hls/hls_lib/src/lib_floatconversion.cpp:60) automatically.
INFO: [XFORM 203-602] Inlining function '__hls_fptoui_double_i16' into 'sobel' (IP_3.0_loop_unrolling.c:37) automatically.
INFO: [HLS 200-111] Finished Checking Synthesizability Time (s): cpu = 00:00:11 ; elapsed = 00:00:26 . Memory (MB): peak = 547.039 ; gain = 497.582
INFO: [XFORM 203-501] Unrolling loop 'Convulution_row' (IP_3.0_loop_unrolling.c:21) in function 'sobel' partially with a factor of 26.
INFO: [XFORM 203-602] Inlining function 'fp_struct<double>::mantissa' into 'hls::cast_IEEE754<unsigned short, (ap_q_mode)6, double>' (r:/builds/2017.1/nightly/2017_04_14_1846317/src/products/hls/hls_lib/src/hls/hls_round.h:482) automatically.
INFO: [XFORM 203-602] Inlining function 'fp_struct<double>::expv' into 'hls::cast_IEEE754<unsigned short, (ap_q_mode)6, double>' (r:/builds/2017.1/nightly/2017_04_14_1846317/src/products/hls/hls_lib/src/hls/hls_round.h:485) automatically.
INFO: [XFORM 203-602] Inlining function 'hls::cast_IEEE754<unsigned short, (ap_q_mode)6, double>' into 'hls::cast_IEEE754<unsigned short, double>' (r:/builds/2017.1/nightly/2017_04_14_1846317/src/products/hls/hls_lib/src/hls/hls_round.h:523) automatically.
INFO: [XFORM 203-602] Inlining function 'hls::cast_IEEE754<unsigned short, double>' into '__hls_fptoui_double_i16' (r:/builds/2017.1/nightly/2017_04_14_1846317/src/products/hls/hls_lib/src/lib_floatconversion.cpp:60) automatically.
INFO: [HLS 200-111] Finished Pre-synthesis Time (s): cpu = 00:00:15 ; elapsed = 00:00:33 . Memory (MB): peak = 802.516 ; gain = 753.059
WARNING: [XFORM 203-561] Updating loop upper bound from 40 to 39 for loop 'Convulution_row' in function 'sobel'.
WARNING: [XFORM 203-561] Updating loop lower bound from 40 to 39 for loop 'Convulution_row' in function 'sobel'.
INFO: [XFORM 203-541] Flattening a loop nest 'Loop-1' (IP_3.0_loop_unrolling.c:20:7) in function 'sobel'.
WARNING: [XFORM 203-631] Renaming function '__hls_fptoui_double_i16' (r:/builds/2017.1/nightly/2017_04_14_1846317/src/products/hls/hls_lib/src/lib_floatconversion.cpp:60:57) into __hls_fptoui_double_.
INFO: [XFORM 203-531] Rewinding loop 'L_Convulution_row' in function 'sobel'.
INFO: [HLS 200-111] Finished Architecture Synthesis Time (s): cpu = 00:00:22 ; elapsed = 00:00:42 . Memory (MB): peak = 918.828 ; gain = 869.371
INFO: [HLS 200-10] Starting hardware synthesis ...
INFO: [HLS 200-10] Synthesizing 'sobel' ...
WARNING: [SYN 201-103] Legalizing function name '__hls_fptoui_double_' to 'p_hls_fptoui_double_s'.
WARNING: [SYN 201-107] Renaming port name 'sobel/input' to 'sobel/input_r' to avoid the conflict with HDL keywords or other object names.
WARNING: [SYN 201-107] Renaming port name 'sobel/output' to 'sobel/output_r' to avoid the conflict with HDL keywords or other object names.
INFO: [HLS 200-10] ----------------------------------------------------------------
INFO: [HLS 200-10] -- Implementing module 'p_hls_fptoui_double_s' 
INFO: [HLS 200-10] ----------------------------------------------------------------
INFO: [SCHED 204-11] Starting scheduling ...
INFO: [SCHED 204-61] Pipelining function '__hls_fptoui_double_'.
INFO: [SCHED 204-61] Pipelining result: Target II: 1, Final II: 1, Depth: 2.
INFO: [SCHED 204-11] Finished scheduling.
INFO: [HLS 200-111]  Elapsed time: 46.259 seconds; current allocated memory: 863.981 MB.
INFO: [BIND 205-100] Starting micro-architecture generation ...
INFO: [BIND 205-101] Performing variable lifetime analysis.
INFO: [BIND 205-101] Exploring resource sharing.
INFO: [BIND 205-101] Binding ...
INFO: [BIND 205-100] Finished micro-architecture generation.
INFO: [HLS 200-111]  Elapsed time: 0.272 seconds; current allocated memory: 864.097 MB.
INFO: [HLS 200-10] ----------------------------------------------------------------
INFO: [HLS 200-10] -- Implementing module 'sobel' 
INFO: [HLS 200-10] ----------------------------------------------------------------
INFO: [SCHED 204-11] Starting scheduling ...
INFO: [SCHED 204-61] Pipelining loop 'L_Convulution_row'.
WARNING: [SCHED 204-68] Unable to enforce a carried dependence constraint (II = 1, distance = 1, offset = 1)
   between bus request on port 'INPUT_BUNDLE' (IP_3.0_loop_unrolling.c:22) and bus request on port 'INPUT_BUNDLE' (IP_3.0_loop_unrolling.c:22).
WARNING: [SCHED 204-68] Unable to enforce a carried dependence constraint (II = 2, distance = 1, offset = 1)
   between bus request on port 'INPUT_BUNDLE' (IP_3.0_loop_unrolling.c:22) and bus request on port 'INPUT_BUNDLE' (IP_3.0_loop_unrolling.c:22).
WARNING: [SCHED 204-68] Unable to enforce a carried dependence constraint (II = 3, distance = 1, offset = 1)
   between bus request on port 'INPUT_BUNDLE' (IP_3.0_loop_unrolling.c:22) and bus request on port 'INPUT_BUNDLE' (IP_3.0_loop_unrolling.c:22).
WARNING: [SCHED 204-68] Unable to enforce a carried dependence constraint (II = 4, distance = 1, offset = 1)
   between bus request on port 'INPUT_BUNDLE' (IP_3.0_loop_unrolling.c:22) and bus request on port 'INPUT_BUNDLE' (IP_3.0_loop_unrolling.c:22).
WARNING: [SCHED 204-68] Unable to enforce a carried dependence constraint (II = 130, distance = 1, offset = 1)
   between bus request on port 'INPUT_BUNDLE' (IP_3.0_loop_unrolling.c:22) and bus request on port 'INPUT_BUNDLE' (IP_3.0_loop_unrolling.c:22).
WARNING: [SCHED 204-68] Unable to enforce a carried dependence constraint (II = 193, distance = 1, offset = 1)
   between bus request on port 'INPUT_BUNDLE' (IP_3.0_loop_unrolling.c:22) and bus request on port 'INPUT_BUNDLE' (IP_3.0_loop_unrolling.c:22).
WARNING: [SCHED 204-68] Unable to enforce a carried dependence constraint (II = 225, distance = 1, offset = 1)
   between bus request on port 'INPUT_BUNDLE' (IP_3.0_loop_unrolling.c:22) and bus request on port 'INPUT_BUNDLE' (IP_3.0_loop_unrolling.c:22).
WARNING: [SCHED 204-68] Unable to enforce a carried dependence constraint (II = 241, distance = 1, offset = 1)
   between bus request on port 'INPUT_BUNDLE' (IP_3.0_loop_unrolling.c:22) and bus request on port 'INPUT_BUNDLE' (IP_3.0_loop_unrolling.c:22).
WARNING: [SCHED 204-68] Unable to enforce a carried dependence constraint (II = 249, distance = 1, offset = 1)
   between bus request on port 'INPUT_BUNDLE' (IP_3.0_loop_unrolling.c:22) and bus request on port 'INPUT_BUNDLE' (IP_3.0_loop_unrolling.c:22).
WARNING: [SCHED 204-68] Unable to enforce a carried dependence constraint (II = 253, distance = 1, offset = 1)
   between bus request on port 'INPUT_BUNDLE' (IP_3.0_loop_unrolling.c:22) and bus request on port 'INPUT_BUNDLE' (IP_3.0_loop_unrolling.c:22).
WARNING: [SCHED 204-68] Unable to enforce a carried dependence constraint (II = 255, distance = 1, offset = 1)
   between bus request on port 'INPUT_BUNDLE' (IP_3.0_loop_unrolling.c:29) and bus request on port 'INPUT_BUNDLE' (IP_3.0_loop_unrolling.c:22).
WARNING: [SCHED 204-68] Unable to enforce a carried dependence constraint (II = 256, distance = 1, offset = 1)
   between bus request on port 'INPUT_BUNDLE' (IP_3.0_loop_unrolling.c:22) and bus request on port 'INPUT_BUNDLE' (IP_3.0_loop_unrolling.c:22).
INFO: [SCHED 204-61] Unable to satisfy pipeline directive: Unable to pipeline the region.
INFO: [SCHED 204-11] Finished scheduling.
INFO: [HLS 200-111]  Elapsed time: 16.672 seconds; current allocated memory: 878.445 MB.
INFO: [BIND 205-100] Starting micro-architecture generation ...
INFO: [BIND 205-101] Performing variable lifetime analysis.
INFO: [BIND 205-101] Exploring resource sharing.
INFO: [BIND 205-101] Binding ...
INFO: [BIND 205-100] Finished micro-architecture generation.
INFO: [HLS 200-111]  Elapsed time: 12.761 seconds; current allocated memory: 896.528 MB.
INFO: [HLS 200-10] ----------------------------------------------------------------
INFO: [HLS 200-10] -- Generating RTL for module 'p_hls_fptoui_double_s' 
INFO: [HLS 200-10] ----------------------------------------------------------------
INFO: [RTGEN 206-100] Finished creating RTL model for 'p_hls_fptoui_double_s'.
INFO: [HLS 200-111]  Elapsed time: 6.594 seconds; current allocated memory: 897.537 MB.
INFO: [HLS 200-10] ----------------------------------------------------------------
INFO: [HLS 200-10] -- Generating RTL for module 'sobel' 
INFO: [HLS 200-10] ----------------------------------------------------------------
INFO: [RTGEN 206-500] Setting interface mode on port 'sobel/INPUT_BUNDLE' to 'm_axi'.
INFO: [RTGEN 206-500] Setting interface mode on port 'sobel/OUTPUT_BUNDLE' to 'm_axi'.
INFO: [RTGEN 206-500] Setting interface mode on port 'sobel/input_r' to 's_axilite & ap_none'.
INFO: [RTGEN 206-500] Setting interface mode on port 'sobel/output_r' to 's_axilite & ap_none'.
INFO: [RTGEN 206-500] Setting interface mode on function 'sobel' to 's_axilite & ap_ctrl_hs'.
INFO: [RTGEN 206-100] Bundling port 'return', 'input_r' and 'output_r' to AXI-Lite port AXILiteS.
INFO: [SYN 201-210] Renamed object name 'sobel_uitodp_32ns_64_6' to 'sobel_uitodp_32nsbkb' due to the length limit 20
INFO: [SYN 201-210] Renamed object name 'sobel_dsqrt_64ns_64ns_64_31' to 'sobel_dsqrt_64ns_cud' due to the length limit 20
INFO: [SYN 201-210] Renamed object name 'sobel_mul_mul_11s_11s_20_1' to 'sobel_mul_mul_11sdEe' due to the length limit 20
INFO: [SYN 201-210] Renamed object name 'sobel_mac_muladd_11s_11s_20s_20_1' to 'sobel_mac_muladd_eOg' due to the length limit 20
INFO: [RTGEN 206-100] Generating core module 'sobel_dsqrt_64ns_cud': 1 instance(s).
INFO: [RTGEN 206-100] Generating core module 'sobel_mac_muladd_eOg': 42 instance(s).
INFO: [RTGEN 206-100] Generating core module 'sobel_mul_mul_11sdEe': 42 instance(s).
INFO: [RTGEN 206-100] Generating core module 'sobel_uitodp_32nsbkb': 1 instance(s).
INFO: [RTGEN 206-100] Finished creating RTL model for 'sobel'.
INFO: [HLS 200-111]  Elapsed time: 10.645 seconds; current allocated memory: 941.633 MB.
INFO: [HLS 200-111] Finished generating all RTL models Time (s): cpu = 00:01:25 ; elapsed = 00:01:50 . Memory (MB): peak = 1172.801 ; gain = 1123.344
INFO: [SYSC 207-301] Generating SystemC RTL for sobel.
INFO: [VHDL 208-304] Generating VHDL RTL for sobel.
INFO: [VLOG 209-307] Generating Verilog RTL for sobel.
INFO: [HLS 200-112] Total elapsed time: 110.056 seconds; peak allocated memory: 941.633 MB.
