

================================================================
== Vivado HLS Report for 'sobel'
================================================================
* Date:           Mon Jun 12 04:27:29 2017

* Version:        2017.1 (Build 1846317 on Fri Apr 14 19:19:38 MDT 2017)
* Project:        IP_3.0
* Solution:       3.1_pipeline
* Product family: zynq
* Target device:  xc7z020clg484-1


================================================================
== Performance Estimates
================================================================
+ Timing (ns): 
    * Summary: 
    +--------+-------+----------+------------+
    |  Clock | Target| Estimated| Uncertainty|
    +--------+-------+----------+------------+
    |ap_clk  |  10.00|      8.75|        1.25|
    +--------+-------+----------+------------+

+ Latency (clock cycles): 
    * Summary: 
    +---------+---------+---------+---------+---------+
    |      Latency      |      Interval     | Pipeline|
    |   min   |   max   |   min   |   max   |   Type  |
    +---------+---------+---------+---------+---------+
    |  8355931|  8355931|  8355932|  8355932|   none  |
    +---------+---------+---------+---------+---------+

    + Detail: 
        * Instance: 
        N/A

        * Loop: 
        +---------------------+---------+---------+----------+-----------+-----------+---------+----------+
        |                     |      Latency      | Iteration|  Initiation Interval  |   Trip  |          |
        |      Loop Name      |   min   |   max   |  Latency |  achieved |   target  |  Count  | Pipelined|
        +---------------------+---------+---------+----------+-----------+-----------+---------+----------+
        |- L_Convulution_row  |  8355929|  8355929|        66|          8|          1|  1044484|    yes   |
        +---------------------+---------+---------+----------+-----------+-----------+---------+----------+

============================================================
+ Verbose Summary: Synthesis Manager
============================================================
InlineROM: 1
ExposeGlobal: 0
============================================================
+ Verbose Summary: CDFG Model
============================================================
IsTopModel: 1
ResetActiveHigh: 1
IsCombinational: 0
IsDatapathOnly: 0
HasWiredReturn: 1
HasMFsm: 0
HasVarLatency: 1
IsPipeline: 0
IsRtlPipelined: 0
IsInstanceOverlapped: 0
IsDontTouch: 0
HasImplIP: 0
IsGatedGlobalClock: 0

+ Individual pipeline summary: 
  * Pipeline-0: initiation interval (II) = 8, depth = 66


============================================================
+ Verbose Summary: Schedule
============================================================
* Number of FSM states: 68
* Pipeline: 1
  Pipeline-0: II = 8, D = 66, States = { 2 3 4 5 6 7 8 9 10 11 12 13 14 15 16 17 18 19 20 21 22 23 24 25 26 27 28 29 30 31 32 33 34 35 36 37 38 39 40 41 42 43 44 45 46 47 48 49 50 51 52 53 54 55 56 57 58 59 60 61 62 63 64 65 66 67 }
* Dataflow Pipeline: 0

* FSM state transitions: 
1 --> 
	2  / true
2 --> 
	68  / (exitcond_flatten)
	3  / (!exitcond_flatten)
3 --> 
	4  / true
4 --> 
	5  / true
5 --> 
	6  / true
6 --> 
	7  / true
7 --> 
	8  / true
8 --> 
	9  / true
9 --> 
	10  / true
10 --> 
	11  / true
11 --> 
	12  / true
12 --> 
	13  / true
13 --> 
	14  / true
14 --> 
	15  / true
15 --> 
	16  / true
16 --> 
	17  / true
17 --> 
	18  / true
18 --> 
	19  / true
19 --> 
	20  / true
20 --> 
	21  / true
21 --> 
	22  / true
22 --> 
	23  / true
23 --> 
	24  / true
24 --> 
	25  / true
25 --> 
	26  / true
26 --> 
	27  / true
27 --> 
	28  / true
28 --> 
	29  / true
29 --> 
	30  / true
30 --> 
	31  / true
31 --> 
	32  / true
32 --> 
	33  / true
33 --> 
	34  / true
34 --> 
	35  / true
35 --> 
	36  / true
36 --> 
	37  / true
37 --> 
	38  / true
38 --> 
	39  / true
39 --> 
	40  / true
40 --> 
	41  / true
41 --> 
	42  / true
42 --> 
	43  / true
43 --> 
	44  / true
44 --> 
	45  / true
45 --> 
	46  / true
46 --> 
	47  / true
47 --> 
	48  / true
48 --> 
	49  / true
49 --> 
	50  / true
50 --> 
	51  / true
51 --> 
	52  / true
52 --> 
	53  / true
53 --> 
	54  / true
54 --> 
	55  / true
55 --> 
	56  / true
56 --> 
	57  / true
57 --> 
	58  / true
58 --> 
	59  / true
59 --> 
	60  / true
60 --> 
	61  / true
61 --> 
	62  / true
62 --> 
	63  / true
63 --> 
	64  / true
64 --> 
	65  / true
65 --> 
	66  / true
66 --> 
	67  / true
67 --> 
	2  / true
68 --> 
* FSM state operations: 

 <State 1>: 1.77ns
ST_1: StgValue_69 (5)  [1/1] 0.00ns
:0  call void (...)* @_ssdm_op_SpecBitsMap(i8* %OUTPUT_BUNDLE), !map !467

ST_1: StgValue_70 (6)  [1/1] 0.00ns
:1  call void (...)* @_ssdm_op_SpecBitsMap(i8* %INPUT_BUNDLE), !map !473

ST_1: StgValue_71 (7)  [1/1] 0.00ns
:2  call void (...)* @_ssdm_op_SpecTopModule([6 x i8]* @sobel_str) nounwind

ST_1: output_read (8)  [1/1] 1.00ns
:3  %output_read = call i32 @_ssdm_op_Read.s_axilite.i32(i32 %output_r)

ST_1: input_read (9)  [1/1] 1.00ns
:4  %input_read = call i32 @_ssdm_op_Read.s_axilite.i32(i32 %input_r)

ST_1: StgValue_74 (10)  [1/1] 0.00ns  loc: IP_3.0_loop_unrolling.c:9
:5  call void (...)* @_ssdm_op_SpecInterface(i32 0, [10 x i8]* @p_str, i32 0, i32 0, [1 x i8]* @p_str1, i32 0, i32 0, [1 x i8]* @p_str1, [1 x i8]* @p_str1, [1 x i8]* @p_str1, i32 0, i32 0, i32 0, i32 0, [1 x i8]* @p_str1, [1 x i8]* @p_str1) nounwind

ST_1: StgValue_75 (11)  [1/1] 0.00ns
:6  call void (...)* @_ssdm_op_SpecInterface(i8* %INPUT_BUNDLE, [6 x i8]* @p_str2, i32 0, i32 0, [1 x i8]* @p_str1, i32 0, i32 1048576, [13 x i8]* @p_str3, [6 x i8]* @p_str4, [1 x i8]* @p_str1, i32 16, i32 16, i32 16, i32 16, [1 x i8]* @p_str1, [1 x i8]* @p_str1)

ST_1: StgValue_76 (12)  [1/1] 0.00ns
:7  call void (...)* @_ssdm_op_SpecInterface(i32 %input_r, [10 x i8]* @mode, i32 0, i32 0, [1 x i8]* @p_str1, i32 0, i32 1048576, [1 x i8]* @bundle, [6 x i8]* @p_str4, [1 x i8]* @p_str1, i32 16, i32 16, i32 16, i32 16, [1 x i8]* @p_str1, [1 x i8]* @p_str1)

ST_1: StgValue_77 (13)  [1/1] 0.00ns
:8  call void (...)* @_ssdm_op_SpecInterface(i8* %OUTPUT_BUNDLE, [6 x i8]* @p_str2, i32 0, i32 0, [1 x i8]* @p_str1, i32 0, i32 1048576, [14 x i8]* @p_str5, [6 x i8]* @p_str4, [1 x i8]* @p_str1, i32 16, i32 16, i32 16, i32 16, [1 x i8]* @p_str1, [1 x i8]* @p_str1)

ST_1: StgValue_78 (14)  [1/1] 0.00ns
:9  call void (...)* @_ssdm_op_SpecInterface(i32 %output_r, [10 x i8]* @mode3, i32 0, i32 0, [1 x i8]* @p_str1, i32 0, i32 1048576, [1 x i8]* @bundle4, [6 x i8]* @p_str4, [1 x i8]* @p_str1, i32 16, i32 16, i32 16, i32 16, [1 x i8]* @p_str1, [1 x i8]* @p_str1)

ST_1: StgValue_79 (15)  [1/1] 1.77ns  loc: IP_3.0_loop_unrolling.c:20
:10  br label %.preheader


 <State 2>: 6.45ns
ST_2: indvar_flatten (17)  [1/1] 0.00ns
.preheader:0  %indvar_flatten = phi i20 [ 0, %0 ], [ %indvar_flatten_next, %BurstBB20 ]

ST_2: j (18)  [1/1] 0.00ns  loc: IP_3.0_loop_unrolling.c:22
.preheader:1  %j = phi i10 [ 1, %0 ], [ %tmp_3_cast_mid2_v_v_s, %BurstBB20 ]

ST_2: i (19)  [1/1] 0.00ns
.preheader:2  %i = phi i10 [ 1, %0 ], [ %i_1, %BurstBB20 ]

ST_2: exitcond_flatten (20)  [1/1] 3.13ns
.preheader:3  %exitcond_flatten = icmp eq i20 %indvar_flatten, -4092

ST_2: indvar_flatten_next (21)  [1/1] 3.08ns
.preheader:4  %indvar_flatten_next = add i20 %indvar_flatten, 1

ST_2: StgValue_85 (22)  [1/1] 0.00ns
.preheader:5  br i1 %exitcond_flatten, label %1, label %.preheader.preheader

ST_2: tmp_1 (26)  [1/1] 3.02ns  loc: IP_3.0_loop_unrolling.c:21
.preheader.preheader:2  %tmp_1 = icmp eq i10 %i, -1

ST_2: i_mid2 (27)  [1/1] 2.07ns  loc: IP_3.0_loop_unrolling.c:21
.preheader.preheader:3  %i_mid2 = select i1 %tmp_1, i10 1, i10 %i

ST_2: j_s (28)  [1/1] 2.84ns  loc: IP_3.0_loop_unrolling.c:20
.preheader.preheader:4  %j_s = add i10 1, %j

ST_2: tmp_3_cast_mid2_v_v_s (29)  [1/1] 2.07ns  loc: IP_3.0_loop_unrolling.c:22
.preheader.preheader:5  %tmp_3_cast_mid2_v_v_s = select i1 %tmp_1, i10 %j_s, i10 %j

ST_2: tmp_1_mid1 (35)  [1/1] 0.00ns  loc: IP_3.0_loop_unrolling.c:20 (grouped into LUT with out node output4_sum1)
.preheader.preheader:11  %tmp_1_mid1 = call i20 @_ssdm_op_BitConcatenate.i20.i10.i10(i10 %j_s, i10 1)

ST_2: tmp_6 (36)  [1/1] 0.00ns  loc: IP_3.0_loop_unrolling.c:22 (grouped into LUT with out node output4_sum1)
.preheader.preheader:12  %tmp_6 = call i20 @_ssdm_op_BitConcatenate.i20.i10.i10(i10 %j, i10 1)

ST_2: tmp_7_mid2_v (37)  [1/1] 0.00ns  loc: IP_3.0_loop_unrolling.c:22 (grouped into LUT with out node output4_sum1)
.preheader.preheader:13  %tmp_7_mid2_v = select i1 %tmp_1, i20 %tmp_1_mid1, i20 %tmp_6

ST_2: tmp_7_mid2 (38)  [1/1] 0.00ns  loc: IP_3.0_loop_unrolling.c:22 (grouped into LUT with out node output4_sum1)
.preheader.preheader:14  %tmp_7_mid2 = zext i20 %tmp_7_mid2_v to i32

ST_2: output4_sum1 (156)  [1/1] 3.44ns  loc: IP_3.0_loop_unrolling.c:22 (out node of the LUT)
.preheader.preheader:132  %output4_sum1 = add i32 %tmp_7_mid2, %output_read

ST_2: OUTPUT_BUNDLE_addr (157)  [1/1] 0.00ns  loc: IP_3.0_loop_unrolling.c:22
.preheader.preheader:133  %OUTPUT_BUNDLE_addr = getelementptr i8* %OUTPUT_BUNDLE, i32 %output4_sum1

ST_2: tmp_29 (158)  [24/24] 3.98ns
.preheader.preheader:134  %tmp_29 = urem i20 %indvar_flatten, 1022

ST_2: StgValue_97 (175)  [1/1] 0.00ns  loc: IP_3.0_loop_unrolling.c:21
BurstBB20:0  br label %.preheader


 <State 3>: 6.52ns
ST_3: tmp_8 (43)  [1/1] 0.00ns  loc: IP_3.0_loop_unrolling.c:22
.preheader.preheader:19  %tmp_8 = call i20 @_ssdm_op_BitConcatenate.i20.i10.i10(i10 %tmp_3_cast_mid2_v_v_s, i10 %i_mid2)

ST_3: tmp_9_cast (44)  [1/1] 0.00ns  loc: IP_3.0_loop_unrolling.c:22
.preheader.preheader:20  %tmp_9_cast = zext i20 %tmp_8 to i21

ST_3: sum2 (45)  [1/1] 3.08ns  loc: IP_3.0_loop_unrolling.c:22
.preheader.preheader:21  %sum2 = add i21 -1025, %tmp_9_cast

ST_3: sum2_cast (46)  [1/1] 0.00ns  loc: IP_3.0_loop_unrolling.c:22
.preheader.preheader:22  %sum2_cast = sext i21 %sum2 to i32

ST_3: input2_sum (47)  [1/1] 3.44ns  loc: IP_3.0_loop_unrolling.c:22
.preheader.preheader:23  %input2_sum = add i32 %sum2_cast, %input_read

ST_3: INPUT_BUNDLE_addr (48)  [1/1] 0.00ns  loc: IP_3.0_loop_unrolling.c:22
.preheader.preheader:24  %INPUT_BUNDLE_addr = getelementptr i8* %INPUT_BUNDLE, i32 %input2_sum

ST_3: tmp_29 (158)  [23/24] 3.98ns
.preheader.preheader:134  %tmp_29 = urem i20 %indvar_flatten, 1022

ST_3: tmp_31 (168)  [24/24] 3.98ns
BurstBB:3  %tmp_31 = urem i20 %indvar_flatten_next, 1022


 <State 4>: 8.75ns
ST_4: INPUT_BUNDLE_load_re (49)  [7/7] 8.75ns  loc: IP_3.0_loop_unrolling.c:22
.preheader.preheader:25  %INPUT_BUNDLE_load_re = call i1 @_ssdm_op_ReadReq.m_axi.i8P(i8* %INPUT_BUNDLE_addr, i32 1)

ST_4: tmp1 (52)  [1/1] 2.84ns  loc: IP_3.0_loop_unrolling.c:21
.preheader.preheader:28  %tmp1 = add i10 -1, %i_mid2

ST_4: sum4 (53)  [1/1] 0.00ns  loc: IP_3.0_loop_unrolling.c:22
.preheader.preheader:29  %sum4 = call i20 @_ssdm_op_BitConcatenate.i20.i10.i10(i10 %tmp_3_cast_mid2_v_v_s, i10 %tmp1)

ST_4: sum4_cast (54)  [1/1] 0.00ns  loc: IP_3.0_loop_unrolling.c:22
.preheader.preheader:30  %sum4_cast = zext i20 %sum4 to i32

ST_4: input2_sum5 (55)  [1/1] 3.44ns  loc: IP_3.0_loop_unrolling.c:22
.preheader.preheader:31  %input2_sum5 = add i32 %sum4_cast, %input_read

ST_4: INPUT_BUNDLE_addr_1 (56)  [1/1] 0.00ns  loc: IP_3.0_loop_unrolling.c:22
.preheader.preheader:32  %INPUT_BUNDLE_addr_1 = getelementptr i8* %INPUT_BUNDLE, i32 %input2_sum5

ST_4: tmp_29 (158)  [22/24] 3.98ns
.preheader.preheader:134  %tmp_29 = urem i20 %indvar_flatten, 1022

ST_4: tmp_31 (168)  [23/24] 3.98ns
BurstBB:3  %tmp_31 = urem i20 %indvar_flatten_next, 1022


 <State 5>: 8.75ns
ST_5: INPUT_BUNDLE_load_re (49)  [6/7] 8.75ns  loc: IP_3.0_loop_unrolling.c:22
.preheader.preheader:25  %INPUT_BUNDLE_load_re = call i1 @_ssdm_op_ReadReq.m_axi.i8P(i8* %INPUT_BUNDLE_addr, i32 1)

ST_5: INPUT_BUNDLE_load_1_s (57)  [7/7] 8.75ns  loc: IP_3.0_loop_unrolling.c:22
.preheader.preheader:33  %INPUT_BUNDLE_load_1_s = call i1 @_ssdm_op_ReadReq.m_axi.i8P(i8* %INPUT_BUNDLE_addr_1, i32 1)

ST_5: sum6 (61)  [1/1] 3.08ns  loc: IP_3.0_loop_unrolling.c:22
.preheader.preheader:37  %sum6 = add i21 1023, %tmp_9_cast

ST_5: sum6_cast (62)  [1/1] 0.00ns  loc: IP_3.0_loop_unrolling.c:22
.preheader.preheader:38  %sum6_cast = zext i21 %sum6 to i32

ST_5: input2_sum6 (63)  [1/1] 3.44ns  loc: IP_3.0_loop_unrolling.c:22
.preheader.preheader:39  %input2_sum6 = add i32 %sum6_cast, %input_read

ST_5: INPUT_BUNDLE_addr_2 (64)  [1/1] 0.00ns  loc: IP_3.0_loop_unrolling.c:22
.preheader.preheader:40  %INPUT_BUNDLE_addr_2 = getelementptr i8* %INPUT_BUNDLE, i32 %input2_sum6

ST_5: sum8 (68)  [1/1] 3.08ns  loc: IP_3.0_loop_unrolling.c:22
.preheader.preheader:44  %sum8 = add i21 -1023, %tmp_9_cast

ST_5: sum8_cast (69)  [1/1] 0.00ns  loc: IP_3.0_loop_unrolling.c:22
.preheader.preheader:45  %sum8_cast = sext i21 %sum8 to i32

ST_5: input2_sum7 (70)  [1/1] 3.44ns  loc: IP_3.0_loop_unrolling.c:22
.preheader.preheader:46  %input2_sum7 = add i32 %sum8_cast, %input_read

ST_5: INPUT_BUNDLE_addr_3 (71)  [1/1] 0.00ns  loc: IP_3.0_loop_unrolling.c:22
.preheader.preheader:47  %INPUT_BUNDLE_addr_3 = getelementptr i8* %INPUT_BUNDLE, i32 %input2_sum7

ST_5: sum5 (84)  [1/1] 3.08ns  loc: IP_3.0_loop_unrolling.c:22
.preheader.preheader:60  %sum5 = add i21 1025, %tmp_9_cast

ST_5: sum5_cast (85)  [1/1] 0.00ns  loc: IP_3.0_loop_unrolling.c:22
.preheader.preheader:61  %sum5_cast = zext i21 %sum5 to i32

ST_5: input2_sum9 (86)  [1/1] 3.44ns  loc: IP_3.0_loop_unrolling.c:22
.preheader.preheader:62  %input2_sum9 = add i32 %sum5_cast, %input_read

ST_5: INPUT_BUNDLE_addr_5 (87)  [1/1] 0.00ns  loc: IP_3.0_loop_unrolling.c:22
.preheader.preheader:63  %INPUT_BUNDLE_addr_5 = getelementptr i8* %INPUT_BUNDLE, i32 %input2_sum9

ST_5: tmp_29 (158)  [21/24] 3.98ns
.preheader.preheader:134  %tmp_29 = urem i20 %indvar_flatten, 1022

ST_5: tmp_31 (168)  [22/24] 3.98ns
BurstBB:3  %tmp_31 = urem i20 %indvar_flatten_next, 1022


 <State 6>: 8.75ns
ST_6: INPUT_BUNDLE_load_re (49)  [5/7] 8.75ns  loc: IP_3.0_loop_unrolling.c:22
.preheader.preheader:25  %INPUT_BUNDLE_load_re = call i1 @_ssdm_op_ReadReq.m_axi.i8P(i8* %INPUT_BUNDLE_addr, i32 1)

ST_6: INPUT_BUNDLE_load_1_s (57)  [6/7] 8.75ns  loc: IP_3.0_loop_unrolling.c:22
.preheader.preheader:33  %INPUT_BUNDLE_load_1_s = call i1 @_ssdm_op_ReadReq.m_axi.i8P(i8* %INPUT_BUNDLE_addr_1, i32 1)

ST_6: INPUT_BUNDLE_load_2_s (65)  [7/7] 8.75ns  loc: IP_3.0_loop_unrolling.c:22
.preheader.preheader:41  %INPUT_BUNDLE_load_2_s = call i1 @_ssdm_op_ReadReq.m_axi.i8P(i8* %INPUT_BUNDLE_addr_2, i32 1)

ST_6: tmp_29 (158)  [20/24] 3.98ns
.preheader.preheader:134  %tmp_29 = urem i20 %indvar_flatten, 1022

ST_6: tmp_31 (168)  [21/24] 3.98ns
BurstBB:3  %tmp_31 = urem i20 %indvar_flatten_next, 1022


 <State 7>: 8.75ns
ST_7: tmp_3_cast_mid2_v_v (30)  [1/1] 0.00ns  loc: IP_3.0_loop_unrolling.c:22
.preheader.preheader:6  %tmp_3_cast_mid2_v_v = call i20 @_ssdm_op_BitConcatenate.i20.i10.i10(i10 %tmp_3_cast_mid2_v_v_s, i10 0)

ST_7: tmp_3_cast_mid2_v (31)  [1/1] 0.00ns  loc: IP_3.0_loop_unrolling.c:22 (grouped into LUT with out node sum3)
.preheader.preheader:7  %tmp_3_cast_mid2_v = or i20 %tmp_3_cast_mid2_v_v, 1

ST_7: tmp_3_cast_mid2 (32)  [1/1] 0.00ns  loc: IP_3.0_loop_unrolling.c:22 (grouped into LUT with out node sum3)
.preheader.preheader:8  %tmp_3_cast_mid2 = zext i20 %tmp_3_cast_mid2_v to i21

ST_7: tmp_4_mid2 (33)  [1/1] 3.08ns  loc: IP_3.0_loop_unrolling.c:29
.preheader.preheader:9  %tmp_4_mid2 = add i20 1024, %tmp_3_cast_mid2_v_v

ST_7: tmp_5_mid2 (34)  [1/1] 3.08ns  loc: IP_3.0_loop_unrolling.c:29
.preheader.preheader:10  %tmp_5_mid2 = add i20 -1024, %tmp_3_cast_mid2_v_v

ST_7: tmp_8_cast5 (42)  [1/1] 0.00ns  loc: IP_3.0_loop_unrolling.c:21 (grouped into LUT with out node sum3)
.preheader.preheader:18  %tmp_8_cast5 = zext i10 %i_mid2 to i21

ST_7: INPUT_BUNDLE_load_re (49)  [4/7] 8.75ns  loc: IP_3.0_loop_unrolling.c:22
.preheader.preheader:25  %INPUT_BUNDLE_load_re = call i1 @_ssdm_op_ReadReq.m_axi.i8P(i8* %INPUT_BUNDLE_addr, i32 1)

ST_7: INPUT_BUNDLE_load_1_s (57)  [5/7] 8.75ns  loc: IP_3.0_loop_unrolling.c:22
.preheader.preheader:33  %INPUT_BUNDLE_load_1_s = call i1 @_ssdm_op_ReadReq.m_axi.i8P(i8* %INPUT_BUNDLE_addr_1, i32 1)

ST_7: INPUT_BUNDLE_load_2_s (65)  [6/7] 8.75ns  loc: IP_3.0_loop_unrolling.c:22
.preheader.preheader:41  %INPUT_BUNDLE_load_2_s = call i1 @_ssdm_op_ReadReq.m_axi.i8P(i8* %INPUT_BUNDLE_addr_2, i32 1)

ST_7: INPUT_BUNDLE_load_3_s (72)  [7/7] 8.75ns  loc: IP_3.0_loop_unrolling.c:22
.preheader.preheader:48  %INPUT_BUNDLE_load_3_s = call i1 @_ssdm_op_ReadReq.m_axi.i8P(i8* %INPUT_BUNDLE_addr_3, i32 1)

ST_7: sum3 (76)  [1/1] 3.08ns  loc: IP_3.0_loop_unrolling.c:22 (out node of the LUT)
.preheader.preheader:52  %sum3 = add i21 %tmp_3_cast_mid2, %tmp_8_cast5

ST_7: sum3_cast (77)  [1/1] 0.00ns  loc: IP_3.0_loop_unrolling.c:22
.preheader.preheader:53  %sum3_cast = zext i21 %sum3 to i32

ST_7: input2_sum8 (78)  [1/1] 3.44ns  loc: IP_3.0_loop_unrolling.c:22
.preheader.preheader:54  %input2_sum8 = add i32 %sum3_cast, %input_read

ST_7: INPUT_BUNDLE_addr_4 (79)  [1/1] 0.00ns  loc: IP_3.0_loop_unrolling.c:22
.preheader.preheader:55  %INPUT_BUNDLE_addr_4 = getelementptr i8* %INPUT_BUNDLE, i32 %input2_sum8

ST_7: tmp_7 (99)  [1/1] 0.00ns  loc: IP_3.0_loop_unrolling.c:29
.preheader.preheader:75  %tmp_7 = call i10 @_ssdm_op_PartSelect.i10.i20.i32.i32(i20 %tmp_4_mid2, i32 10, i32 19)

ST_7: tmp_9 (100)  [1/1] 0.00ns  loc: IP_3.0_loop_unrolling.c:29
.preheader.preheader:76  %tmp_9 = call i20 @_ssdm_op_BitConcatenate.i20.i10.i10(i10 %tmp_7, i10 %i_mid2)

ST_7: tmp_10 (101)  [1/1] 0.00ns  loc: IP_3.0_loop_unrolling.c:29
.preheader.preheader:77  %tmp_10 = zext i20 %tmp_9 to i32

ST_7: input2_sum1 (102)  [1/1] 3.44ns  loc: IP_3.0_loop_unrolling.c:29
.preheader.preheader:78  %input2_sum1 = add i32 %tmp_10, %input_read

ST_7: INPUT_BUNDLE_addr_6 (103)  [1/1] 0.00ns  loc: IP_3.0_loop_unrolling.c:29
.preheader.preheader:79  %INPUT_BUNDLE_addr_6 = getelementptr i8* %INPUT_BUNDLE, i32 %input2_sum1

ST_7: tmp_12 (108)  [1/1] 0.00ns  loc: IP_3.0_loop_unrolling.c:29
.preheader.preheader:84  %tmp_12 = call i10 @_ssdm_op_PartSelect.i10.i20.i32.i32(i20 %tmp_5_mid2, i32 10, i32 19)

ST_7: tmp_13 (109)  [1/1] 0.00ns  loc: IP_3.0_loop_unrolling.c:29
.preheader.preheader:85  %tmp_13 = call i20 @_ssdm_op_BitConcatenate.i20.i10.i10(i10 %tmp_12, i10 %i_mid2)

ST_7: tmp_14 (110)  [1/1] 0.00ns  loc: IP_3.0_loop_unrolling.c:29
.preheader.preheader:86  %tmp_14 = zext i20 %tmp_13 to i32

ST_7: input2_sum2 (111)  [1/1] 3.44ns  loc: IP_3.0_loop_unrolling.c:29
.preheader.preheader:87  %input2_sum2 = add i32 %tmp_14, %input_read

ST_7: INPUT_BUNDLE_addr_7 (112)  [1/1] 0.00ns  loc: IP_3.0_loop_unrolling.c:29
.preheader.preheader:88  %INPUT_BUNDLE_addr_7 = getelementptr i8* %INPUT_BUNDLE, i32 %input2_sum2

ST_7: tmp_29 (158)  [19/24] 3.98ns
.preheader.preheader:134  %tmp_29 = urem i20 %indvar_flatten, 1022

ST_7: i_1 (167)  [1/1] 2.84ns  loc: IP_3.0_loop_unrolling.c:21
BurstBB:2  %i_1 = add i10 %i_mid2, 1

ST_7: tmp_31 (168)  [20/24] 3.98ns
BurstBB:3  %tmp_31 = urem i20 %indvar_flatten_next, 1022


 <State 8>: 8.75ns
ST_8: INPUT_BUNDLE_load_re (49)  [3/7] 8.75ns  loc: IP_3.0_loop_unrolling.c:22
.preheader.preheader:25  %INPUT_BUNDLE_load_re = call i1 @_ssdm_op_ReadReq.m_axi.i8P(i8* %INPUT_BUNDLE_addr, i32 1)

ST_8: INPUT_BUNDLE_load_1_s (57)  [4/7] 8.75ns  loc: IP_3.0_loop_unrolling.c:22
.preheader.preheader:33  %INPUT_BUNDLE_load_1_s = call i1 @_ssdm_op_ReadReq.m_axi.i8P(i8* %INPUT_BUNDLE_addr_1, i32 1)

ST_8: INPUT_BUNDLE_load_2_s (65)  [5/7] 8.75ns  loc: IP_3.0_loop_unrolling.c:22
.preheader.preheader:41  %INPUT_BUNDLE_load_2_s = call i1 @_ssdm_op_ReadReq.m_axi.i8P(i8* %INPUT_BUNDLE_addr_2, i32 1)

ST_8: INPUT_BUNDLE_load_3_s (72)  [6/7] 8.75ns  loc: IP_3.0_loop_unrolling.c:22
.preheader.preheader:48  %INPUT_BUNDLE_load_3_s = call i1 @_ssdm_op_ReadReq.m_axi.i8P(i8* %INPUT_BUNDLE_addr_3, i32 1)

ST_8: INPUT_BUNDLE_load_4_s (80)  [7/7] 8.75ns  loc: IP_3.0_loop_unrolling.c:22
.preheader.preheader:56  %INPUT_BUNDLE_load_4_s = call i1 @_ssdm_op_ReadReq.m_axi.i8P(i8* %INPUT_BUNDLE_addr_4, i32 1)

ST_8: tmp_29 (158)  [18/24] 3.98ns
.preheader.preheader:134  %tmp_29 = urem i20 %indvar_flatten, 1022

ST_8: tmp_31 (168)  [19/24] 3.98ns
BurstBB:3  %tmp_31 = urem i20 %indvar_flatten_next, 1022


 <State 9>: 8.75ns
ST_9: INPUT_BUNDLE_load_re (49)  [2/7] 8.75ns  loc: IP_3.0_loop_unrolling.c:22
.preheader.preheader:25  %INPUT_BUNDLE_load_re = call i1 @_ssdm_op_ReadReq.m_axi.i8P(i8* %INPUT_BUNDLE_addr, i32 1)

ST_9: INPUT_BUNDLE_load_1_s (57)  [3/7] 8.75ns  loc: IP_3.0_loop_unrolling.c:22
.preheader.preheader:33  %INPUT_BUNDLE_load_1_s = call i1 @_ssdm_op_ReadReq.m_axi.i8P(i8* %INPUT_BUNDLE_addr_1, i32 1)

ST_9: INPUT_BUNDLE_load_2_s (65)  [4/7] 8.75ns  loc: IP_3.0_loop_unrolling.c:22
.preheader.preheader:41  %INPUT_BUNDLE_load_2_s = call i1 @_ssdm_op_ReadReq.m_axi.i8P(i8* %INPUT_BUNDLE_addr_2, i32 1)

ST_9: INPUT_BUNDLE_load_3_s (72)  [5/7] 8.75ns  loc: IP_3.0_loop_unrolling.c:22
.preheader.preheader:48  %INPUT_BUNDLE_load_3_s = call i1 @_ssdm_op_ReadReq.m_axi.i8P(i8* %INPUT_BUNDLE_addr_3, i32 1)

ST_9: INPUT_BUNDLE_load_4_s (80)  [6/7] 8.75ns  loc: IP_3.0_loop_unrolling.c:22
.preheader.preheader:56  %INPUT_BUNDLE_load_4_s = call i1 @_ssdm_op_ReadReq.m_axi.i8P(i8* %INPUT_BUNDLE_addr_4, i32 1)

ST_9: INPUT_BUNDLE_load_5_s (88)  [7/7] 8.75ns  loc: IP_3.0_loop_unrolling.c:22
.preheader.preheader:64  %INPUT_BUNDLE_load_5_s = call i1 @_ssdm_op_ReadReq.m_axi.i8P(i8* %INPUT_BUNDLE_addr_5, i32 1)

ST_9: tmp_29 (158)  [17/24] 3.98ns
.preheader.preheader:134  %tmp_29 = urem i20 %indvar_flatten, 1022

ST_9: tmp_31 (168)  [18/24] 3.98ns
BurstBB:3  %tmp_31 = urem i20 %indvar_flatten_next, 1022


 <State 10>: 8.75ns
ST_10: INPUT_BUNDLE_load_re (49)  [1/7] 8.75ns  loc: IP_3.0_loop_unrolling.c:22
.preheader.preheader:25  %INPUT_BUNDLE_load_re = call i1 @_ssdm_op_ReadReq.m_axi.i8P(i8* %INPUT_BUNDLE_addr, i32 1)

ST_10: INPUT_BUNDLE_load_1_s (57)  [2/7] 8.75ns  loc: IP_3.0_loop_unrolling.c:22
.preheader.preheader:33  %INPUT_BUNDLE_load_1_s = call i1 @_ssdm_op_ReadReq.m_axi.i8P(i8* %INPUT_BUNDLE_addr_1, i32 1)

ST_10: INPUT_BUNDLE_load_2_s (65)  [3/7] 8.75ns  loc: IP_3.0_loop_unrolling.c:22
.preheader.preheader:41  %INPUT_BUNDLE_load_2_s = call i1 @_ssdm_op_ReadReq.m_axi.i8P(i8* %INPUT_BUNDLE_addr_2, i32 1)

ST_10: INPUT_BUNDLE_load_3_s (72)  [4/7] 8.75ns  loc: IP_3.0_loop_unrolling.c:22
.preheader.preheader:48  %INPUT_BUNDLE_load_3_s = call i1 @_ssdm_op_ReadReq.m_axi.i8P(i8* %INPUT_BUNDLE_addr_3, i32 1)

ST_10: INPUT_BUNDLE_load_4_s (80)  [5/7] 8.75ns  loc: IP_3.0_loop_unrolling.c:22
.preheader.preheader:56  %INPUT_BUNDLE_load_4_s = call i1 @_ssdm_op_ReadReq.m_axi.i8P(i8* %INPUT_BUNDLE_addr_4, i32 1)

ST_10: INPUT_BUNDLE_load_5_s (88)  [6/7] 8.75ns  loc: IP_3.0_loop_unrolling.c:22
.preheader.preheader:64  %INPUT_BUNDLE_load_5_s = call i1 @_ssdm_op_ReadReq.m_axi.i8P(i8* %INPUT_BUNDLE_addr_5, i32 1)

ST_10: INPUT_BUNDLE_load_6_s (104)  [7/7] 8.75ns  loc: IP_3.0_loop_unrolling.c:29
.preheader.preheader:80  %INPUT_BUNDLE_load_6_s = call i1 @_ssdm_op_ReadReq.m_axi.i8P(i8* %INPUT_BUNDLE_addr_6, i32 1)

ST_10: tmp_29 (158)  [16/24] 3.98ns
.preheader.preheader:134  %tmp_29 = urem i20 %indvar_flatten, 1022

ST_10: tmp_31 (168)  [17/24] 3.98ns
BurstBB:3  %tmp_31 = urem i20 %indvar_flatten_next, 1022


 <State 11>: 8.75ns
ST_11: INPUT_BUNDLE_addr_re (50)  [1/1] 8.75ns  loc: IP_3.0_loop_unrolling.c:22
.preheader.preheader:26  %INPUT_BUNDLE_addr_re = call i8 @_ssdm_op_Read.m_axi.i8P(i8* %INPUT_BUNDLE_addr)

ST_11: INPUT_BUNDLE_load_1_s (57)  [1/7] 8.75ns  loc: IP_3.0_loop_unrolling.c:22
.preheader.preheader:33  %INPUT_BUNDLE_load_1_s = call i1 @_ssdm_op_ReadReq.m_axi.i8P(i8* %INPUT_BUNDLE_addr_1, i32 1)

ST_11: INPUT_BUNDLE_load_2_s (65)  [2/7] 8.75ns  loc: IP_3.0_loop_unrolling.c:22
.preheader.preheader:41  %INPUT_BUNDLE_load_2_s = call i1 @_ssdm_op_ReadReq.m_axi.i8P(i8* %INPUT_BUNDLE_addr_2, i32 1)

ST_11: INPUT_BUNDLE_load_3_s (72)  [3/7] 8.75ns  loc: IP_3.0_loop_unrolling.c:22
.preheader.preheader:48  %INPUT_BUNDLE_load_3_s = call i1 @_ssdm_op_ReadReq.m_axi.i8P(i8* %INPUT_BUNDLE_addr_3, i32 1)

ST_11: INPUT_BUNDLE_load_4_s (80)  [4/7] 8.75ns  loc: IP_3.0_loop_unrolling.c:22
.preheader.preheader:56  %INPUT_BUNDLE_load_4_s = call i1 @_ssdm_op_ReadReq.m_axi.i8P(i8* %INPUT_BUNDLE_addr_4, i32 1)

ST_11: INPUT_BUNDLE_load_5_s (88)  [5/7] 8.75ns  loc: IP_3.0_loop_unrolling.c:22
.preheader.preheader:64  %INPUT_BUNDLE_load_5_s = call i1 @_ssdm_op_ReadReq.m_axi.i8P(i8* %INPUT_BUNDLE_addr_5, i32 1)

ST_11: INPUT_BUNDLE_load_6_s (104)  [6/7] 8.75ns  loc: IP_3.0_loop_unrolling.c:29
.preheader.preheader:80  %INPUT_BUNDLE_load_6_s = call i1 @_ssdm_op_ReadReq.m_axi.i8P(i8* %INPUT_BUNDLE_addr_6, i32 1)

ST_11: INPUT_BUNDLE_load_7_s (113)  [7/7] 8.75ns  loc: IP_3.0_loop_unrolling.c:29
.preheader.preheader:89  %INPUT_BUNDLE_load_7_s = call i1 @_ssdm_op_ReadReq.m_axi.i8P(i8* %INPUT_BUNDLE_addr_7, i32 1)

ST_11: tmp_29 (158)  [15/24] 3.98ns
.preheader.preheader:134  %tmp_29 = urem i20 %indvar_flatten, 1022

ST_11: tmp_31 (168)  [16/24] 3.98ns
BurstBB:3  %tmp_31 = urem i20 %indvar_flatten_next, 1022


 <State 12>: 8.75ns
ST_12: INPUT_BUNDLE_addr_1_s (58)  [1/1] 8.75ns  loc: IP_3.0_loop_unrolling.c:22
.preheader.preheader:34  %INPUT_BUNDLE_addr_1_s = call i8 @_ssdm_op_Read.m_axi.i8P(i8* %INPUT_BUNDLE_addr_1)

ST_12: INPUT_BUNDLE_load_2_s (65)  [1/7] 8.75ns  loc: IP_3.0_loop_unrolling.c:22
.preheader.preheader:41  %INPUT_BUNDLE_load_2_s = call i1 @_ssdm_op_ReadReq.m_axi.i8P(i8* %INPUT_BUNDLE_addr_2, i32 1)

ST_12: INPUT_BUNDLE_load_3_s (72)  [2/7] 8.75ns  loc: IP_3.0_loop_unrolling.c:22
.preheader.preheader:48  %INPUT_BUNDLE_load_3_s = call i1 @_ssdm_op_ReadReq.m_axi.i8P(i8* %INPUT_BUNDLE_addr_3, i32 1)

ST_12: INPUT_BUNDLE_load_4_s (80)  [3/7] 8.75ns  loc: IP_3.0_loop_unrolling.c:22
.preheader.preheader:56  %INPUT_BUNDLE_load_4_s = call i1 @_ssdm_op_ReadReq.m_axi.i8P(i8* %INPUT_BUNDLE_addr_4, i32 1)

ST_12: INPUT_BUNDLE_load_5_s (88)  [4/7] 8.75ns  loc: IP_3.0_loop_unrolling.c:22
.preheader.preheader:64  %INPUT_BUNDLE_load_5_s = call i1 @_ssdm_op_ReadReq.m_axi.i8P(i8* %INPUT_BUNDLE_addr_5, i32 1)

ST_12: INPUT_BUNDLE_load_6_s (104)  [5/7] 8.75ns  loc: IP_3.0_loop_unrolling.c:29
.preheader.preheader:80  %INPUT_BUNDLE_load_6_s = call i1 @_ssdm_op_ReadReq.m_axi.i8P(i8* %INPUT_BUNDLE_addr_6, i32 1)

ST_12: INPUT_BUNDLE_load_7_s (113)  [6/7] 8.75ns  loc: IP_3.0_loop_unrolling.c:29
.preheader.preheader:89  %INPUT_BUNDLE_load_7_s = call i1 @_ssdm_op_ReadReq.m_axi.i8P(i8* %INPUT_BUNDLE_addr_7, i32 1)

ST_12: tmp_29 (158)  [14/24] 3.98ns
.preheader.preheader:134  %tmp_29 = urem i20 %indvar_flatten, 1022

ST_12: tmp_31 (168)  [15/24] 3.98ns
BurstBB:3  %tmp_31 = urem i20 %indvar_flatten_next, 1022


 <State 13>: 8.75ns
ST_13: INPUT_BUNDLE_addr_2_s (66)  [1/1] 8.75ns  loc: IP_3.0_loop_unrolling.c:22
.preheader.preheader:42  %INPUT_BUNDLE_addr_2_s = call i8 @_ssdm_op_Read.m_axi.i8P(i8* %INPUT_BUNDLE_addr_2)

ST_13: INPUT_BUNDLE_load_3_s (72)  [1/7] 8.75ns  loc: IP_3.0_loop_unrolling.c:22
.preheader.preheader:48  %INPUT_BUNDLE_load_3_s = call i1 @_ssdm_op_ReadReq.m_axi.i8P(i8* %INPUT_BUNDLE_addr_3, i32 1)

ST_13: INPUT_BUNDLE_load_4_s (80)  [2/7] 8.75ns  loc: IP_3.0_loop_unrolling.c:22
.preheader.preheader:56  %INPUT_BUNDLE_load_4_s = call i1 @_ssdm_op_ReadReq.m_axi.i8P(i8* %INPUT_BUNDLE_addr_4, i32 1)

ST_13: INPUT_BUNDLE_load_5_s (88)  [3/7] 8.75ns  loc: IP_3.0_loop_unrolling.c:22
.preheader.preheader:64  %INPUT_BUNDLE_load_5_s = call i1 @_ssdm_op_ReadReq.m_axi.i8P(i8* %INPUT_BUNDLE_addr_5, i32 1)

ST_13: INPUT_BUNDLE_load_6_s (104)  [4/7] 8.75ns  loc: IP_3.0_loop_unrolling.c:29
.preheader.preheader:80  %INPUT_BUNDLE_load_6_s = call i1 @_ssdm_op_ReadReq.m_axi.i8P(i8* %INPUT_BUNDLE_addr_6, i32 1)

ST_13: INPUT_BUNDLE_load_7_s (113)  [5/7] 8.75ns  loc: IP_3.0_loop_unrolling.c:29
.preheader.preheader:89  %INPUT_BUNDLE_load_7_s = call i1 @_ssdm_op_ReadReq.m_axi.i8P(i8* %INPUT_BUNDLE_addr_7, i32 1)

ST_13: tmp_29 (158)  [13/24] 3.98ns
.preheader.preheader:134  %tmp_29 = urem i20 %indvar_flatten, 1022

ST_13: tmp_31 (168)  [14/24] 3.98ns
BurstBB:3  %tmp_31 = urem i20 %indvar_flatten_next, 1022


 <State 14>: 8.75ns
ST_14: INPUT_BUNDLE_addr_3_s (73)  [1/1] 8.75ns  loc: IP_3.0_loop_unrolling.c:22
.preheader.preheader:49  %INPUT_BUNDLE_addr_3_s = call i8 @_ssdm_op_Read.m_axi.i8P(i8* %INPUT_BUNDLE_addr_3)

ST_14: INPUT_BUNDLE_load_4_s (80)  [1/7] 8.75ns  loc: IP_3.0_loop_unrolling.c:22
.preheader.preheader:56  %INPUT_BUNDLE_load_4_s = call i1 @_ssdm_op_ReadReq.m_axi.i8P(i8* %INPUT_BUNDLE_addr_4, i32 1)

ST_14: INPUT_BUNDLE_load_5_s (88)  [2/7] 8.75ns  loc: IP_3.0_loop_unrolling.c:22
.preheader.preheader:64  %INPUT_BUNDLE_load_5_s = call i1 @_ssdm_op_ReadReq.m_axi.i8P(i8* %INPUT_BUNDLE_addr_5, i32 1)

ST_14: INPUT_BUNDLE_load_6_s (104)  [3/7] 8.75ns  loc: IP_3.0_loop_unrolling.c:29
.preheader.preheader:80  %INPUT_BUNDLE_load_6_s = call i1 @_ssdm_op_ReadReq.m_axi.i8P(i8* %INPUT_BUNDLE_addr_6, i32 1)

ST_14: INPUT_BUNDLE_load_7_s (113)  [4/7] 8.75ns  loc: IP_3.0_loop_unrolling.c:29
.preheader.preheader:89  %INPUT_BUNDLE_load_7_s = call i1 @_ssdm_op_ReadReq.m_axi.i8P(i8* %INPUT_BUNDLE_addr_7, i32 1)

ST_14: tmp_29 (158)  [12/24] 3.98ns
.preheader.preheader:134  %tmp_29 = urem i20 %indvar_flatten, 1022

ST_14: tmp_31 (168)  [13/24] 3.98ns
BurstBB:3  %tmp_31 = urem i20 %indvar_flatten_next, 1022


 <State 15>: 8.75ns
ST_15: INPUT_BUNDLE_addr_4_s (81)  [1/1] 8.75ns  loc: IP_3.0_loop_unrolling.c:22
.preheader.preheader:57  %INPUT_BUNDLE_addr_4_s = call i8 @_ssdm_op_Read.m_axi.i8P(i8* %INPUT_BUNDLE_addr_4)

ST_15: INPUT_BUNDLE_load_5_s (88)  [1/7] 8.75ns  loc: IP_3.0_loop_unrolling.c:22
.preheader.preheader:64  %INPUT_BUNDLE_load_5_s = call i1 @_ssdm_op_ReadReq.m_axi.i8P(i8* %INPUT_BUNDLE_addr_5, i32 1)

ST_15: INPUT_BUNDLE_load_6_s (104)  [2/7] 8.75ns  loc: IP_3.0_loop_unrolling.c:29
.preheader.preheader:80  %INPUT_BUNDLE_load_6_s = call i1 @_ssdm_op_ReadReq.m_axi.i8P(i8* %INPUT_BUNDLE_addr_6, i32 1)

ST_15: INPUT_BUNDLE_load_7_s (113)  [3/7] 8.75ns  loc: IP_3.0_loop_unrolling.c:29
.preheader.preheader:89  %INPUT_BUNDLE_load_7_s = call i1 @_ssdm_op_ReadReq.m_axi.i8P(i8* %INPUT_BUNDLE_addr_7, i32 1)

ST_15: tmp_29 (158)  [11/24] 3.98ns
.preheader.preheader:134  %tmp_29 = urem i20 %indvar_flatten, 1022

ST_15: tmp_31 (168)  [12/24] 3.98ns
BurstBB:3  %tmp_31 = urem i20 %indvar_flatten_next, 1022


 <State 16>: 8.75ns
ST_16: INPUT_BUNDLE_addr_5_s (89)  [1/1] 8.75ns  loc: IP_3.0_loop_unrolling.c:22
.preheader.preheader:65  %INPUT_BUNDLE_addr_5_s = call i8 @_ssdm_op_Read.m_axi.i8P(i8* %INPUT_BUNDLE_addr_5)

ST_16: INPUT_BUNDLE_load_6_s (104)  [1/7] 8.75ns  loc: IP_3.0_loop_unrolling.c:29
.preheader.preheader:80  %INPUT_BUNDLE_load_6_s = call i1 @_ssdm_op_ReadReq.m_axi.i8P(i8* %INPUT_BUNDLE_addr_6, i32 1)

ST_16: INPUT_BUNDLE_load_7_s (113)  [2/7] 8.75ns  loc: IP_3.0_loop_unrolling.c:29
.preheader.preheader:89  %INPUT_BUNDLE_load_7_s = call i1 @_ssdm_op_ReadReq.m_axi.i8P(i8* %INPUT_BUNDLE_addr_7, i32 1)

ST_16: tmp_29 (158)  [10/24] 3.98ns
.preheader.preheader:134  %tmp_29 = urem i20 %indvar_flatten, 1022

ST_16: tmp_31 (168)  [11/24] 3.98ns
BurstBB:3  %tmp_31 = urem i20 %indvar_flatten_next, 1022


 <State 17>: 8.75ns
ST_17: INPUT_BUNDLE_addr_6_s (105)  [1/1] 8.75ns  loc: IP_3.0_loop_unrolling.c:29
.preheader.preheader:81  %INPUT_BUNDLE_addr_6_s = call i8 @_ssdm_op_Read.m_axi.i8P(i8* %INPUT_BUNDLE_addr_6)

ST_17: INPUT_BUNDLE_load_7_s (113)  [1/7] 8.75ns  loc: IP_3.0_loop_unrolling.c:29
.preheader.preheader:89  %INPUT_BUNDLE_load_7_s = call i1 @_ssdm_op_ReadReq.m_axi.i8P(i8* %INPUT_BUNDLE_addr_7, i32 1)

ST_17: tmp_29 (158)  [9/24] 3.98ns
.preheader.preheader:134  %tmp_29 = urem i20 %indvar_flatten, 1022

ST_17: tmp_31 (168)  [10/24] 3.98ns
BurstBB:3  %tmp_31 = urem i20 %indvar_flatten_next, 1022


 <State 18>: 8.75ns
ST_18: tmp_7_cast (51)  [1/1] 0.00ns  loc: IP_3.0_loop_unrolling.c:22
.preheader.preheader:27  %tmp_7_cast = zext i8 %INPUT_BUNDLE_addr_re to i9

ST_18: tmp_2 (59)  [1/1] 0.00ns  loc: IP_3.0_loop_unrolling.c:22
.preheader.preheader:35  %tmp_2 = call i9 @_ssdm_op_BitConcatenate.i9.i8.i1(i8 %INPUT_BUNDLE_addr_1_s, i1 false)

ST_18: tmp_12_cast (60)  [1/1] 0.00ns  loc: IP_3.0_loop_unrolling.c:22
.preheader.preheader:36  %tmp_12_cast = zext i9 %tmp_2 to i10

ST_18: tmp_13_cast (67)  [1/1] 0.00ns  loc: IP_3.0_loop_unrolling.c:22
.preheader.preheader:43  %tmp_13_cast = zext i8 %INPUT_BUNDLE_addr_2_s to i9

ST_18: tmp_15_cast (75)  [1/1] 0.00ns  loc: IP_3.0_loop_unrolling.c:22
.preheader.preheader:51  %tmp_15_cast = zext i8 %INPUT_BUNDLE_addr_3_s to i10

ST_18: tmp_4 (82)  [1/1] 0.00ns  loc: IP_3.0_loop_unrolling.c:22
.preheader.preheader:58  %tmp_4 = call i9 @_ssdm_op_BitConcatenate.i9.i8.i1(i8 %INPUT_BUNDLE_addr_4_s, i1 false)

ST_18: tmp_17_cast (83)  [1/1] 0.00ns  loc: IP_3.0_loop_unrolling.c:22
.preheader.preheader:59  %tmp_17_cast = zext i9 %tmp_4 to i10

ST_18: tmp_18_cast (90)  [1/1] 0.00ns  loc: IP_3.0_loop_unrolling.c:22
.preheader.preheader:66  %tmp_18_cast = zext i8 %INPUT_BUNDLE_addr_5_s to i10

ST_18: tmp2 (91)  [1/1] 2.80ns  loc: IP_3.0_loop_unrolling.c:22
.preheader.preheader:67  %tmp2 = add i9 %tmp_7_cast, %tmp_13_cast

ST_18: tmp2_cast (92)  [1/1] 0.00ns  loc: IP_3.0_loop_unrolling.c:22
.preheader.preheader:68  %tmp2_cast = zext i9 %tmp2 to i10

ST_18: sum1 (93)  [1/1] 2.82ns  loc: IP_3.0_loop_unrolling.c:22
.preheader.preheader:69  %sum1 = add i10 %tmp2_cast, %tmp_12_cast

ST_18: tmp3 (96)  [1/1] 2.82ns  loc: IP_3.0_loop_unrolling.c:22
.preheader.preheader:72  %tmp3 = add i10 %tmp_17_cast, %tmp_18_cast

ST_18: INPUT_BUNDLE_addr_7_s (114)  [1/1] 8.75ns  loc: IP_3.0_loop_unrolling.c:29
.preheader.preheader:90  %INPUT_BUNDLE_addr_7_s = call i8 @_ssdm_op_Read.m_axi.i8P(i8* %INPUT_BUNDLE_addr_7)

ST_18: sum5_neg (117)  [1/1] 2.80ns  loc: IP_3.0_loop_unrolling.c:29
.preheader.preheader:93  %sum5_neg = sub i9 %tmp_7_cast, %tmp_13_cast

ST_18: sum5_neg_cast (118)  [1/1] 0.00ns  loc: IP_3.0_loop_unrolling.c:29
.preheader.preheader:94  %sum5_neg_cast = sext i9 %sum5_neg to i10

ST_18: sum6_neg (119)  [1/1] 1.86ns  loc: IP_3.0_loop_unrolling.c:29
.preheader.preheader:95  %sum6_neg = add i10 %sum5_neg_cast, %tmp_15_cast

ST_18: tmp_16 (120)  [1/1] 1.86ns  loc: IP_3.0_loop_unrolling.c:29
.preheader.preheader:96  %tmp_16 = sub i10 %sum6_neg, %tmp_18_cast

ST_18: tmp_29 (158)  [8/24] 3.98ns
.preheader.preheader:134  %tmp_29 = urem i20 %indvar_flatten, 1022

ST_18: tmp_31 (168)  [9/24] 3.98ns
BurstBB:3  %tmp_31 = urem i20 %indvar_flatten_next, 1022


 <State 19>: 3.98ns
ST_19: tmp_3 (74)  [1/1] 0.00ns  loc: IP_3.0_loop_unrolling.c:22
.preheader.preheader:50  %tmp_3 = zext i8 %INPUT_BUNDLE_addr_3_s to i11

ST_19: sum1_cast (94)  [1/1] 0.00ns  loc: IP_3.0_loop_unrolling.c:22
.preheader.preheader:70  %sum1_cast = zext i10 %sum1 to i11

ST_19: tmp_5 (95)  [1/1] 1.88ns  loc: IP_3.0_loop_unrolling.c:22
.preheader.preheader:71  %tmp_5 = sub i11 %tmp_3, %sum1_cast

ST_19: tmp3_cast (97)  [1/1] 0.00ns  loc: IP_3.0_loop_unrolling.c:22
.preheader.preheader:73  %tmp3_cast = zext i10 %tmp3 to i11

ST_19: convulution_horizont (98)  [1/1] 1.88ns  loc: IP_3.0_loop_unrolling.c:22
.preheader.preheader:74  %convulution_horizont = add i11 %tmp3_cast, %tmp_5

ST_19: tmp_11 (106)  [1/1] 0.00ns  loc: IP_3.0_loop_unrolling.c:29
.preheader.preheader:82  %tmp_11 = call i9 @_ssdm_op_BitConcatenate.i9.i8.i1(i8 %INPUT_BUNDLE_addr_6_s, i1 false)

ST_19: tmp_24_cast (107)  [1/1] 0.00ns  loc: IP_3.0_loop_unrolling.c:29
.preheader.preheader:83  %tmp_24_cast = zext i9 %tmp_11 to i11

ST_19: tmp_15 (115)  [1/1] 0.00ns  loc: IP_3.0_loop_unrolling.c:29
.preheader.preheader:91  %tmp_15 = call i9 @_ssdm_op_BitConcatenate.i9.i8.i1(i8 %INPUT_BUNDLE_addr_7_s, i1 false)

ST_19: tmp_28_cast (116)  [1/1] 0.00ns  loc: IP_3.0_loop_unrolling.c:29
.preheader.preheader:92  %tmp_28_cast = zext i9 %tmp_15 to i11

ST_19: tmp_29_cast (121)  [1/1] 0.00ns  loc: IP_3.0_loop_unrolling.c:29
.preheader.preheader:97  %tmp_29_cast = sext i10 %tmp_16 to i11

ST_19: tmp_17 (122)  [1/1] 1.88ns  loc: IP_3.0_loop_unrolling.c:29
.preheader.preheader:98  %tmp_17 = sub i11 %tmp_29_cast, %tmp_24_cast

ST_19: convulution_vertical (123)  [1/1] 1.88ns  loc: IP_3.0_loop_unrolling.c:29
.preheader.preheader:99  %convulution_vertical = add i11 %tmp_17, %tmp_28_cast

ST_19: tmp_29 (158)  [7/24] 3.98ns
.preheader.preheader:134  %tmp_29 = urem i20 %indvar_flatten, 1022

ST_19: tmp_31 (168)  [8/24] 3.98ns
BurstBB:3  %tmp_31 = urem i20 %indvar_flatten_next, 1022


 <State 20>: 6.38ns
ST_20: tmp_20 (126)  [1/1] 0.00ns  loc: IP_3.0_loop_unrolling.c:36
.preheader.preheader:102  %tmp_20 = sext i11 %convulution_vertical to i20

ST_20: tmp_21 (127)  [1/1] 6.38ns  loc: IP_3.0_loop_unrolling.c:36
.preheader.preheader:103  %tmp_21 = mul i20 %tmp_20, %tmp_20

ST_20: tmp_29 (158)  [6/24] 3.98ns
.preheader.preheader:134  %tmp_29 = urem i20 %indvar_flatten, 1022

ST_20: tmp_31 (168)  [7/24] 3.98ns
BurstBB:3  %tmp_31 = urem i20 %indvar_flatten_next, 1022


 <State 21>: 6.38ns
ST_21: tmp_18 (124)  [1/1] 0.00ns  loc: IP_3.0_loop_unrolling.c:36
.preheader.preheader:100  %tmp_18 = sext i11 %convulution_horizont to i20

ST_21: tmp_19 (125)  [1/1] 3.36ns  loc: IP_3.0_loop_unrolling.c:36
.preheader.preheader:101  %tmp_19 = mul i20 %tmp_18, %tmp_18

ST_21: p (128)  [1/1] 3.02ns  loc: IP_3.0_loop_unrolling.c:36
.preheader.preheader:104  %p = add i20 %tmp_21, %tmp_19

ST_21: tmp_29 (158)  [5/24] 3.98ns
.preheader.preheader:134  %tmp_29 = urem i20 %indvar_flatten, 1022

ST_21: tmp_31 (168)  [6/24] 3.98ns
BurstBB:3  %tmp_31 = urem i20 %indvar_flatten_next, 1022


 <State 22>: 6.28ns
ST_22: tmp_22 (129)  [1/1] 0.00ns  loc: IP_3.0_loop_unrolling.c:37
.preheader.preheader:105  %tmp_22 = zext i20 %p to i32

ST_22: tmp_23 (130)  [6/6] 6.28ns  loc: IP_3.0_loop_unrolling.c:37
.preheader.preheader:106  %tmp_23 = uitofp i32 %tmp_22 to double

ST_22: tmp_29 (158)  [4/24] 3.98ns
.preheader.preheader:134  %tmp_29 = urem i20 %indvar_flatten, 1022

ST_22: tmp_31 (168)  [5/24] 3.98ns
BurstBB:3  %tmp_31 = urem i20 %indvar_flatten_next, 1022


 <State 23>: 6.28ns
ST_23: tmp_23 (130)  [5/6] 6.28ns  loc: IP_3.0_loop_unrolling.c:37
.preheader.preheader:106  %tmp_23 = uitofp i32 %tmp_22 to double

ST_23: tmp_29 (158)  [3/24] 3.98ns
.preheader.preheader:134  %tmp_29 = urem i20 %indvar_flatten, 1022

ST_23: tmp_31 (168)  [4/24] 3.98ns
BurstBB:3  %tmp_31 = urem i20 %indvar_flatten_next, 1022


 <State 24>: 6.28ns
ST_24: tmp_23 (130)  [4/6] 6.28ns  loc: IP_3.0_loop_unrolling.c:37
.preheader.preheader:106  %tmp_23 = uitofp i32 %tmp_22 to double

ST_24: tmp_29 (158)  [2/24] 3.98ns
.preheader.preheader:134  %tmp_29 = urem i20 %indvar_flatten, 1022

ST_24: tmp_31 (168)  [3/24] 3.98ns
BurstBB:3  %tmp_31 = urem i20 %indvar_flatten_next, 1022


 <State 25>: 6.92ns
ST_25: tmp_23 (130)  [3/6] 6.28ns  loc: IP_3.0_loop_unrolling.c:37
.preheader.preheader:106  %tmp_23 = uitofp i32 %tmp_22 to double

ST_25: tmp_29 (158)  [1/24] 3.98ns
.preheader.preheader:134  %tmp_29 = urem i20 %indvar_flatten, 1022

ST_25: tmp_30 (159)  [1/1] 2.94ns
.preheader.preheader:135  %tmp_30 = icmp eq i20 %tmp_29, 0

ST_25: StgValue_290 (160)  [1/1] 0.00ns
.preheader.preheader:136  br i1 %tmp_30, label %ReqBB, label %BurstBB

ST_25: tmp_31 (168)  [2/24] 3.98ns
BurstBB:3  %tmp_31 = urem i20 %indvar_flatten_next, 1022


 <State 26>: 6.92ns
ST_26: tmp_23 (130)  [2/6] 6.28ns  loc: IP_3.0_loop_unrolling.c:37
.preheader.preheader:106  %tmp_23 = uitofp i32 %tmp_22 to double

ST_26: tmp_31 (168)  [1/24] 3.98ns
BurstBB:3  %tmp_31 = urem i20 %indvar_flatten_next, 1022

ST_26: tmp_32 (169)  [1/1] 2.94ns
BurstBB:4  %tmp_32 = icmp eq i20 %tmp_31, 0

ST_26: StgValue_295 (170)  [1/1] 0.00ns
BurstBB:5  br i1 %tmp_32, label %RespBB, label %BurstBB20


 <State 27>: 6.28ns
ST_27: tmp_23 (130)  [1/6] 6.28ns  loc: IP_3.0_loop_unrolling.c:37
.preheader.preheader:106  %tmp_23 = uitofp i32 %tmp_22 to double


 <State 28>: 8.62ns
ST_28: x_assign (131)  [31/31] 8.62ns  loc: IP_3.0_loop_unrolling.c:37
.preheader.preheader:107  %x_assign = call double @llvm.sqrt.f64(double %tmp_23)


 <State 29>: 8.62ns
ST_29: x_assign (131)  [30/31] 8.62ns  loc: IP_3.0_loop_unrolling.c:37
.preheader.preheader:107  %x_assign = call double @llvm.sqrt.f64(double %tmp_23)


 <State 30>: 8.62ns
ST_30: x_assign (131)  [29/31] 8.62ns  loc: IP_3.0_loop_unrolling.c:37
.preheader.preheader:107  %x_assign = call double @llvm.sqrt.f64(double %tmp_23)


 <State 31>: 8.62ns
ST_31: x_assign (131)  [28/31] 8.62ns  loc: IP_3.0_loop_unrolling.c:37
.preheader.preheader:107  %x_assign = call double @llvm.sqrt.f64(double %tmp_23)


 <State 32>: 8.62ns
ST_32: x_assign (131)  [27/31] 8.62ns  loc: IP_3.0_loop_unrolling.c:37
.preheader.preheader:107  %x_assign = call double @llvm.sqrt.f64(double %tmp_23)


 <State 33>: 8.62ns
ST_33: x_assign (131)  [26/31] 8.62ns  loc: IP_3.0_loop_unrolling.c:37
.preheader.preheader:107  %x_assign = call double @llvm.sqrt.f64(double %tmp_23)


 <State 34>: 8.62ns
ST_34: x_assign (131)  [25/31] 8.62ns  loc: IP_3.0_loop_unrolling.c:37
.preheader.preheader:107  %x_assign = call double @llvm.sqrt.f64(double %tmp_23)


 <State 35>: 8.62ns
ST_35: x_assign (131)  [24/31] 8.62ns  loc: IP_3.0_loop_unrolling.c:37
.preheader.preheader:107  %x_assign = call double @llvm.sqrt.f64(double %tmp_23)


 <State 36>: 8.62ns
ST_36: x_assign (131)  [23/31] 8.62ns  loc: IP_3.0_loop_unrolling.c:37
.preheader.preheader:107  %x_assign = call double @llvm.sqrt.f64(double %tmp_23)


 <State 37>: 8.62ns
ST_37: x_assign (131)  [22/31] 8.62ns  loc: IP_3.0_loop_unrolling.c:37
.preheader.preheader:107  %x_assign = call double @llvm.sqrt.f64(double %tmp_23)


 <State 38>: 8.62ns
ST_38: x_assign (131)  [21/31] 8.62ns  loc: IP_3.0_loop_unrolling.c:37
.preheader.preheader:107  %x_assign = call double @llvm.sqrt.f64(double %tmp_23)


 <State 39>: 8.62ns
ST_39: x_assign (131)  [20/31] 8.62ns  loc: IP_3.0_loop_unrolling.c:37
.preheader.preheader:107  %x_assign = call double @llvm.sqrt.f64(double %tmp_23)


 <State 40>: 8.62ns
ST_40: x_assign (131)  [19/31] 8.62ns  loc: IP_3.0_loop_unrolling.c:37
.preheader.preheader:107  %x_assign = call double @llvm.sqrt.f64(double %tmp_23)


 <State 41>: 8.62ns
ST_41: x_assign (131)  [18/31] 8.62ns  loc: IP_3.0_loop_unrolling.c:37
.preheader.preheader:107  %x_assign = call double @llvm.sqrt.f64(double %tmp_23)


 <State 42>: 8.62ns
ST_42: x_assign (131)  [17/31] 8.62ns  loc: IP_3.0_loop_unrolling.c:37
.preheader.preheader:107  %x_assign = call double @llvm.sqrt.f64(double %tmp_23)


 <State 43>: 8.62ns
ST_43: x_assign (131)  [16/31] 8.62ns  loc: IP_3.0_loop_unrolling.c:37
.preheader.preheader:107  %x_assign = call double @llvm.sqrt.f64(double %tmp_23)


 <State 44>: 8.62ns
ST_44: x_assign (131)  [15/31] 8.62ns  loc: IP_3.0_loop_unrolling.c:37
.preheader.preheader:107  %x_assign = call double @llvm.sqrt.f64(double %tmp_23)


 <State 45>: 8.62ns
ST_45: x_assign (131)  [14/31] 8.62ns  loc: IP_3.0_loop_unrolling.c:37
.preheader.preheader:107  %x_assign = call double @llvm.sqrt.f64(double %tmp_23)


 <State 46>: 8.62ns
ST_46: x_assign (131)  [13/31] 8.62ns  loc: IP_3.0_loop_unrolling.c:37
.preheader.preheader:107  %x_assign = call double @llvm.sqrt.f64(double %tmp_23)


 <State 47>: 8.62ns
ST_47: x_assign (131)  [12/31] 8.62ns  loc: IP_3.0_loop_unrolling.c:37
.preheader.preheader:107  %x_assign = call double @llvm.sqrt.f64(double %tmp_23)


 <State 48>: 8.62ns
ST_48: x_assign (131)  [11/31] 8.62ns  loc: IP_3.0_loop_unrolling.c:37
.preheader.preheader:107  %x_assign = call double @llvm.sqrt.f64(double %tmp_23)


 <State 49>: 8.62ns
ST_49: x_assign (131)  [10/31] 8.62ns  loc: IP_3.0_loop_unrolling.c:37
.preheader.preheader:107  %x_assign = call double @llvm.sqrt.f64(double %tmp_23)


 <State 50>: 8.62ns
ST_50: x_assign (131)  [9/31] 8.62ns  loc: IP_3.0_loop_unrolling.c:37
.preheader.preheader:107  %x_assign = call double @llvm.sqrt.f64(double %tmp_23)


 <State 51>: 8.62ns
ST_51: x_assign (131)  [8/31] 8.62ns  loc: IP_3.0_loop_unrolling.c:37
.preheader.preheader:107  %x_assign = call double @llvm.sqrt.f64(double %tmp_23)


 <State 52>: 8.62ns
ST_52: x_assign (131)  [7/31] 8.62ns  loc: IP_3.0_loop_unrolling.c:37
.preheader.preheader:107  %x_assign = call double @llvm.sqrt.f64(double %tmp_23)


 <State 53>: 8.62ns
ST_53: x_assign (131)  [6/31] 8.62ns  loc: IP_3.0_loop_unrolling.c:37
.preheader.preheader:107  %x_assign = call double @llvm.sqrt.f64(double %tmp_23)


 <State 54>: 8.62ns
ST_54: x_assign (131)  [5/31] 8.62ns  loc: IP_3.0_loop_unrolling.c:37
.preheader.preheader:107  %x_assign = call double @llvm.sqrt.f64(double %tmp_23)


 <State 55>: 8.62ns
ST_55: x_assign (131)  [4/31] 8.62ns  loc: IP_3.0_loop_unrolling.c:37
.preheader.preheader:107  %x_assign = call double @llvm.sqrt.f64(double %tmp_23)


 <State 56>: 8.62ns
ST_56: x_assign (131)  [3/31] 8.62ns  loc: IP_3.0_loop_unrolling.c:37
.preheader.preheader:107  %x_assign = call double @llvm.sqrt.f64(double %tmp_23)


 <State 57>: 8.62ns
ST_57: x_assign (131)  [2/31] 8.62ns  loc: IP_3.0_loop_unrolling.c:37
.preheader.preheader:107  %x_assign = call double @llvm.sqrt.f64(double %tmp_23)


 <State 58>: 8.62ns
ST_58: x_assign (131)  [1/31] 8.62ns  loc: IP_3.0_loop_unrolling.c:37
.preheader.preheader:107  %x_assign = call double @llvm.sqrt.f64(double %tmp_23)

ST_58: p_Val2_s (132)  [1/1] 0.00ns  loc: r:/builds/2017.1/nightly/2017_04_14_1846317/src/products/hls/hls_lib/src/hls/utils/x_hls_utils.h:475->r:/builds/2017.1/nightly/2017_04_14_1846317/src/products/hls/hls_lib/src/hls/utils/x_hls_utils.h:479->r:/builds/2017.1/nightly/2017_04_14_1846317/src/products/hls/hls_lib/src/hls/hls_round.h:480->r:/builds/2017.1/nightly/2017_04_14_1846317/src/products/hls/hls_lib/src/hls/hls_round.h:523->r:/builds/2017.1/nightly/2017_04_14_1846317/src/products/hls/hls_lib/src/lib_floatconversion.cpp:60->IP_3.0_loop_unrolling.c:37
.preheader.preheader:108  %p_Val2_s = bitcast double %x_assign to i64

ST_58: loc_V (133)  [1/1] 0.00ns  loc: r:/builds/2017.1/nightly/2017_04_14_1846317/src/products/hls/hls_lib/src/hls/utils/x_hls_utils.h:477->r:/builds/2017.1/nightly/2017_04_14_1846317/src/products/hls/hls_lib/src/hls/utils/x_hls_utils.h:479->r:/builds/2017.1/nightly/2017_04_14_1846317/src/products/hls/hls_lib/src/hls/hls_round.h:480->r:/builds/2017.1/nightly/2017_04_14_1846317/src/products/hls/hls_lib/src/hls/hls_round.h:523->r:/builds/2017.1/nightly/2017_04_14_1846317/src/products/hls/hls_lib/src/lib_floatconversion.cpp:60->IP_3.0_loop_unrolling.c:37
.preheader.preheader:109  %loc_V = call i11 @_ssdm_op_PartSelect.i11.i64.i32.i32(i64 %p_Val2_s, i32 52, i32 62) nounwind

ST_58: loc_V_1 (134)  [1/1] 0.00ns  loc: r:/builds/2017.1/nightly/2017_04_14_1846317/src/products/hls/hls_lib/src/hls/utils/x_hls_utils.h:478->r:/builds/2017.1/nightly/2017_04_14_1846317/src/products/hls/hls_lib/src/hls/utils/x_hls_utils.h:479->r:/builds/2017.1/nightly/2017_04_14_1846317/src/products/hls/hls_lib/src/hls/hls_round.h:480->r:/builds/2017.1/nightly/2017_04_14_1846317/src/products/hls/hls_lib/src/hls/hls_round.h:523->r:/builds/2017.1/nightly/2017_04_14_1846317/src/products/hls/hls_lib/src/lib_floatconversion.cpp:60->IP_3.0_loop_unrolling.c:37
.preheader.preheader:110  %loc_V_1 = trunc i64 %p_Val2_s to i52


 <State 59>: 4.93ns
ST_59: tmp_i_i_i_i_cast4 (137)  [1/1] 0.00ns  loc: r:/builds/2017.1/nightly/2017_04_14_1846317/src/products/hls/hls_lib/src/hls/utils/x_hls_utils.h:502->r:/builds/2017.1/nightly/2017_04_14_1846317/src/products/hls/hls_lib/src/hls/hls_round.h:485->r:/builds/2017.1/nightly/2017_04_14_1846317/src/products/hls/hls_lib/src/hls/hls_round.h:523->r:/builds/2017.1/nightly/2017_04_14_1846317/src/products/hls/hls_lib/src/lib_floatconversion.cpp:60->IP_3.0_loop_unrolling.c:37
.preheader.preheader:113  %tmp_i_i_i_i_cast4 = zext i11 %loc_V to i12

ST_59: sh_assign (138)  [1/1] 2.86ns  loc: r:/builds/2017.1/nightly/2017_04_14_1846317/src/products/hls/hls_lib/src/hls/utils/x_hls_utils.h:502->r:/builds/2017.1/nightly/2017_04_14_1846317/src/products/hls/hls_lib/src/hls/hls_round.h:485->r:/builds/2017.1/nightly/2017_04_14_1846317/src/products/hls/hls_lib/src/hls/hls_round.h:523->r:/builds/2017.1/nightly/2017_04_14_1846317/src/products/hls/hls_lib/src/lib_floatconversion.cpp:60->IP_3.0_loop_unrolling.c:37
.preheader.preheader:114  %sh_assign = add i12 -1023, %tmp_i_i_i_i_cast4

ST_59: isNeg (139)  [1/1] 0.00ns  loc: r:/builds/2017.1/nightly/2017_04_14_1846317/src/products/hls/hls_lib/src/hls/hls_round.h:485->r:/builds/2017.1/nightly/2017_04_14_1846317/src/products/hls/hls_lib/src/hls/hls_round.h:523->r:/builds/2017.1/nightly/2017_04_14_1846317/src/products/hls/hls_lib/src/lib_floatconversion.cpp:60->IP_3.0_loop_unrolling.c:37
.preheader.preheader:115  %isNeg = call i1 @_ssdm_op_BitSelect.i1.i12.i32(i12 %sh_assign, i32 11)

ST_59: tmp_41_i_i_i (140)  [1/1] 2.86ns  loc: r:/builds/2017.1/nightly/2017_04_14_1846317/src/products/hls/hls_lib/src/hls/hls_round.h:485->r:/builds/2017.1/nightly/2017_04_14_1846317/src/products/hls/hls_lib/src/hls/hls_round.h:523->r:/builds/2017.1/nightly/2017_04_14_1846317/src/products/hls/hls_lib/src/lib_floatconversion.cpp:60->IP_3.0_loop_unrolling.c:37
.preheader.preheader:116  %tmp_41_i_i_i = sub i11 1023, %loc_V

ST_59: tmp_41_i_i_i_cast (141)  [1/1] 0.00ns  loc: r:/builds/2017.1/nightly/2017_04_14_1846317/src/products/hls/hls_lib/src/hls/hls_round.h:485->r:/builds/2017.1/nightly/2017_04_14_1846317/src/products/hls/hls_lib/src/hls/hls_round.h:523->r:/builds/2017.1/nightly/2017_04_14_1846317/src/products/hls/hls_lib/src/lib_floatconversion.cpp:60->IP_3.0_loop_unrolling.c:37
.preheader.preheader:117  %tmp_41_i_i_i_cast = sext i11 %tmp_41_i_i_i to i12

ST_59: sh_assign_1 (142)  [1/1] 2.07ns  loc: r:/builds/2017.1/nightly/2017_04_14_1846317/src/products/hls/hls_lib/src/hls/hls_round.h:485->r:/builds/2017.1/nightly/2017_04_14_1846317/src/products/hls/hls_lib/src/hls/hls_round.h:523->r:/builds/2017.1/nightly/2017_04_14_1846317/src/products/hls/hls_lib/src/lib_floatconversion.cpp:60->IP_3.0_loop_unrolling.c:37
.preheader.preheader:118  %sh_assign_1 = select i1 %isNeg, i12 %tmp_41_i_i_i_cast, i12 %sh_assign


 <State 60>: 6.68ns
ST_60: tmp_i_i_i (135)  [1/1] 0.00ns  loc: r:/builds/2017.1/nightly/2017_04_14_1846317/src/products/hls/hls_lib/src/hls/hls_round.h:482->r:/builds/2017.1/nightly/2017_04_14_1846317/src/products/hls/hls_lib/src/hls/hls_round.h:523->r:/builds/2017.1/nightly/2017_04_14_1846317/src/products/hls/hls_lib/src/lib_floatconversion.cpp:60->IP_3.0_loop_unrolling.c:37
.preheader.preheader:111  %tmp_i_i_i = call i54 @_ssdm_op_BitConcatenate.i54.i1.i52.i1(i1 true, i52 %loc_V_1, i1 false)

ST_60: tmp_i_i_i_cast (136)  [1/1] 0.00ns  loc: r:/builds/2017.1/nightly/2017_04_14_1846317/src/products/hls/hls_lib/src/hls/hls_round.h:482->r:/builds/2017.1/nightly/2017_04_14_1846317/src/products/hls/hls_lib/src/hls/hls_round.h:523->r:/builds/2017.1/nightly/2017_04_14_1846317/src/products/hls/hls_lib/src/lib_floatconversion.cpp:60->IP_3.0_loop_unrolling.c:37 (grouped into LUT with out node tmp_25)
.preheader.preheader:112  %tmp_i_i_i_cast = zext i54 %tmp_i_i_i to i121

ST_60: sh_assign_1_cast (143)  [1/1] 0.00ns  loc: r:/builds/2017.1/nightly/2017_04_14_1846317/src/products/hls/hls_lib/src/hls/hls_round.h:485->r:/builds/2017.1/nightly/2017_04_14_1846317/src/products/hls/hls_lib/src/hls/hls_round.h:523->r:/builds/2017.1/nightly/2017_04_14_1846317/src/products/hls/hls_lib/src/lib_floatconversion.cpp:60->IP_3.0_loop_unrolling.c:37
.preheader.preheader:119  %sh_assign_1_cast = sext i12 %sh_assign_1 to i32

ST_60: tmp_42_i_i_i (144)  [1/1] 0.00ns  loc: r:/builds/2017.1/nightly/2017_04_14_1846317/src/products/hls/hls_lib/src/hls/hls_round.h:485->r:/builds/2017.1/nightly/2017_04_14_1846317/src/products/hls/hls_lib/src/hls/hls_round.h:523->r:/builds/2017.1/nightly/2017_04_14_1846317/src/products/hls/hls_lib/src/lib_floatconversion.cpp:60->IP_3.0_loop_unrolling.c:37 (grouped into LUT with out node tmp_25)
.preheader.preheader:120  %tmp_42_i_i_i = zext i32 %sh_assign_1_cast to i121

ST_60: tmp_42_i_i_i_cast (145)  [1/1] 0.00ns  loc: r:/builds/2017.1/nightly/2017_04_14_1846317/src/products/hls/hls_lib/src/hls/hls_round.h:485->r:/builds/2017.1/nightly/2017_04_14_1846317/src/products/hls/hls_lib/src/hls/hls_round.h:523->r:/builds/2017.1/nightly/2017_04_14_1846317/src/products/hls/hls_lib/src/lib_floatconversion.cpp:60->IP_3.0_loop_unrolling.c:37 (grouped into LUT with out node tmp_25)
.preheader.preheader:121  %tmp_42_i_i_i_cast = zext i32 %sh_assign_1_cast to i54

ST_60: tmp_43_i_i_i (146)  [1/1] 0.00ns  loc: r:/builds/2017.1/nightly/2017_04_14_1846317/src/products/hls/hls_lib/src/hls/hls_round.h:485->r:/builds/2017.1/nightly/2017_04_14_1846317/src/products/hls/hls_lib/src/hls/hls_round.h:523->r:/builds/2017.1/nightly/2017_04_14_1846317/src/products/hls/hls_lib/src/lib_floatconversion.cpp:60->IP_3.0_loop_unrolling.c:37 (grouped into LUT with out node tmp_25)
.preheader.preheader:122  %tmp_43_i_i_i = lshr i54 %tmp_i_i_i, %tmp_42_i_i_i_cast

ST_60: tmp_44_i_i_i (147)  [1/1] 0.00ns  loc: r:/builds/2017.1/nightly/2017_04_14_1846317/src/products/hls/hls_lib/src/hls/hls_round.h:485->r:/builds/2017.1/nightly/2017_04_14_1846317/src/products/hls/hls_lib/src/hls/hls_round.h:523->r:/builds/2017.1/nightly/2017_04_14_1846317/src/products/hls/hls_lib/src/lib_floatconversion.cpp:60->IP_3.0_loop_unrolling.c:37 (grouped into LUT with out node tmp_25)
.preheader.preheader:123  %tmp_44_i_i_i = shl i121 %tmp_i_i_i_cast, %tmp_42_i_i_i

ST_60: tmp (148)  [1/1] 0.00ns  loc: r:/builds/2017.1/nightly/2017_04_14_1846317/src/products/hls/hls_lib/src/hls/hls_round.h:488->r:/builds/2017.1/nightly/2017_04_14_1846317/src/products/hls/hls_lib/src/hls/hls_round.h:523->r:/builds/2017.1/nightly/2017_04_14_1846317/src/products/hls/hls_lib/src/lib_floatconversion.cpp:60->IP_3.0_loop_unrolling.c:37 (grouped into LUT with out node tmp_25)
.preheader.preheader:124  %tmp = call i1 @_ssdm_op_BitSelect.i1.i54.i32(i54 %tmp_43_i_i_i, i32 53)

ST_60: tmp_24_cast1 (149)  [1/1] 0.00ns  loc: r:/builds/2017.1/nightly/2017_04_14_1846317/src/products/hls/hls_lib/src/hls/hls_round.h:488->r:/builds/2017.1/nightly/2017_04_14_1846317/src/products/hls/hls_lib/src/hls/hls_round.h:523->r:/builds/2017.1/nightly/2017_04_14_1846317/src/products/hls/hls_lib/src/lib_floatconversion.cpp:60->IP_3.0_loop_unrolling.c:37 (grouped into LUT with out node tmp_25)
.preheader.preheader:125  %tmp_24_cast1 = zext i1 %tmp to i68

ST_60: tmp_24 (150)  [1/1] 0.00ns  loc: r:/builds/2017.1/nightly/2017_04_14_1846317/src/products/hls/hls_lib/src/hls/hls_round.h:488->r:/builds/2017.1/nightly/2017_04_14_1846317/src/products/hls/hls_lib/src/hls/hls_round.h:523->r:/builds/2017.1/nightly/2017_04_14_1846317/src/products/hls/hls_lib/src/lib_floatconversion.cpp:60->IP_3.0_loop_unrolling.c:37 (grouped into LUT with out node tmp_25)
.preheader.preheader:126  %tmp_24 = call i68 @_ssdm_op_PartSelect.i68.i121.i32.i32(i121 %tmp_44_i_i_i, i32 53, i32 120)

ST_60: tmp_25 (151)  [1/1] 4.61ns  loc: r:/builds/2017.1/nightly/2017_04_14_1846317/src/products/hls/hls_lib/src/hls/hls_round.h:485->r:/builds/2017.1/nightly/2017_04_14_1846317/src/products/hls/hls_lib/src/hls/hls_round.h:523->r:/builds/2017.1/nightly/2017_04_14_1846317/src/products/hls/hls_lib/src/lib_floatconversion.cpp:60->IP_3.0_loop_unrolling.c:37 (out node of the LUT)
.preheader.preheader:127  %tmp_25 = select i1 %isNeg, i68 %tmp_24_cast1, i68 %tmp_24

ST_60: tmp_26 (152)  [1/1] 0.00ns  loc: IP_3.0_loop_unrolling.c:38
.preheader.preheader:128  %tmp_26 = call i2 @_ssdm_op_PartSelect.i2.i68.i32.i32(i68 %tmp_25, i32 8, i32 9)

ST_60: icmp (153)  [1/1] 2.07ns  loc: IP_3.0_loop_unrolling.c:38
.preheader.preheader:129  %icmp = icmp ne i2 %tmp_26, 0

ST_60: tmp_27 (154)  [1/1] 0.00ns  loc: IP_3.0_loop_unrolling.c:38
.preheader.preheader:130  %tmp_27 = trunc i68 %tmp_25 to i8


 <State 61>: 8.75ns
ST_61: tmp_28 (155)  [1/1] 2.07ns  loc: IP_3.0_loop_unrolling.c:38
.preheader.preheader:131  %tmp_28 = select i1 %icmp, i8 -1, i8 %tmp_27

ST_61: OUTPUT_BUNDLE_addr_1 (162)  [1/1] 8.75ns  loc: IP_3.0_loop_unrolling.c:38
ReqBB:0  %OUTPUT_BUNDLE_addr_1 = call i1 @_ssdm_op_WriteReq.m_axi.i8P(i8* %OUTPUT_BUNDLE_addr, i32 1022)

ST_61: StgValue_353 (163)  [1/1] 0.00ns
ReqBB:1  br label %BurstBB


 <State 62>: 8.75ns
ST_62: tmp_s (40)  [1/1] 0.00ns  loc: IP_3.0_loop_unrolling.c:21
.preheader.preheader:16  %tmp_s = call i32 (...)* @_ssdm_op_SpecRegionBegin([16 x i8]* @p_str6) nounwind

ST_62: StgValue_355 (165)  [1/1] 8.75ns  loc: IP_3.0_loop_unrolling.c:38
BurstBB:0  call void @_ssdm_op_Write.m_axi.i8P(i8* %OUTPUT_BUNDLE_addr, i8 %tmp_28, i1 true)

ST_62: empty_12 (166)  [1/1] 0.00ns  loc: IP_3.0_loop_unrolling.c:40
BurstBB:1  %empty_12 = call i32 (...)* @_ssdm_op_SpecRegionEnd([16 x i8]* @p_str6, i32 %tmp_s) nounwind


 <State 63>: 8.75ns
ST_63: OUTPUT_BUNDLE_addr_1_1 (172)  [5/5] 8.75ns  loc: IP_3.0_loop_unrolling.c:38
RespBB:0  %OUTPUT_BUNDLE_addr_1_1 = call i1 @_ssdm_op_WriteResp.m_axi.i8P(i8* %OUTPUT_BUNDLE_addr)


 <State 64>: 8.75ns
ST_64: OUTPUT_BUNDLE_addr_1_1 (172)  [4/5] 8.75ns  loc: IP_3.0_loop_unrolling.c:38
RespBB:0  %OUTPUT_BUNDLE_addr_1_1 = call i1 @_ssdm_op_WriteResp.m_axi.i8P(i8* %OUTPUT_BUNDLE_addr)


 <State 65>: 8.75ns
ST_65: OUTPUT_BUNDLE_addr_1_1 (172)  [3/5] 8.75ns  loc: IP_3.0_loop_unrolling.c:38
RespBB:0  %OUTPUT_BUNDLE_addr_1_1 = call i1 @_ssdm_op_WriteResp.m_axi.i8P(i8* %OUTPUT_BUNDLE_addr)


 <State 66>: 8.75ns
ST_66: OUTPUT_BUNDLE_addr_1_1 (172)  [2/5] 8.75ns  loc: IP_3.0_loop_unrolling.c:38
RespBB:0  %OUTPUT_BUNDLE_addr_1_1 = call i1 @_ssdm_op_WriteResp.m_axi.i8P(i8* %OUTPUT_BUNDLE_addr)


 <State 67>: 8.75ns
ST_67: StgValue_361 (24)  [1/1] 0.00ns
.preheader.preheader:0  call void (...)* @_ssdm_op_SpecLoopName([18 x i8]* @L_Convulution_row_st)

ST_67: empty (25)  [1/1] 0.00ns
.preheader.preheader:1  %empty = call i32 (...)* @_ssdm_op_SpecLoopTripCount(i64 1044484, i64 1044484, i64 1044484) nounwind

ST_67: StgValue_363 (39)  [1/1] 0.00ns  loc: IP_3.0_loop_unrolling.c:21
.preheader.preheader:15  call void (...)* @_ssdm_op_SpecLoopName([16 x i8]* @p_str6) nounwind

ST_67: StgValue_364 (41)  [1/1] 0.00ns  loc: IP_3.0_loop_unrolling.c:22
.preheader.preheader:17  call void (...)* @_ssdm_op_SpecPipeline(i32 -1, i32 1, i32 1, i32 0, [1 x i8]* @p_str1) nounwind

ST_67: OUTPUT_BUNDLE_addr_1_1 (172)  [1/5] 8.75ns  loc: IP_3.0_loop_unrolling.c:38
RespBB:0  %OUTPUT_BUNDLE_addr_1_1 = call i1 @_ssdm_op_WriteResp.m_axi.i8P(i8* %OUTPUT_BUNDLE_addr)

ST_67: StgValue_366 (173)  [1/1] 0.00ns
RespBB:1  br label %BurstBB20


 <State 68>: 0.00ns
ST_68: StgValue_367 (177)  [1/1] 0.00ns  loc: IP_3.0_loop_unrolling.c:42
:0  ret void



============================================================
+ Verbose Summary: Timing violations
============================================================
Target clock period: 10ns, clock uncertainty: 1.25ns.

 <State 1>: 1.77ns
The critical path consists of the following:
	multiplexor before 'phi' operation ('indvar_flatten') with incoming values : ('indvar_flatten_next') [17]  (1.77 ns)

 <State 2>: 6.45ns
The critical path consists of the following:
	'phi' operation ('i') with incoming values : ('i', IP_3.0_loop_unrolling.c:21) [19]  (0 ns)
	'icmp' operation ('tmp_1', IP_3.0_loop_unrolling.c:21) [26]  (3.02 ns)
	'select' operation ('tmp_7_mid2_v', IP_3.0_loop_unrolling.c:22) [37]  (0 ns)
	'add' operation ('output4_sum1', IP_3.0_loop_unrolling.c:22) [156]  (3.44 ns)

 <State 3>: 6.52ns
The critical path consists of the following:
	'add' operation ('sum2', IP_3.0_loop_unrolling.c:22) [45]  (3.08 ns)
	'add' operation ('input2_sum', IP_3.0_loop_unrolling.c:22) [47]  (3.44 ns)

 <State 4>: 8.75ns
The critical path consists of the following:
	bus request on port 'INPUT_BUNDLE' (IP_3.0_loop_unrolling.c:22) [49]  (8.75 ns)

 <State 5>: 8.75ns
The critical path consists of the following:
	bus request on port 'INPUT_BUNDLE' (IP_3.0_loop_unrolling.c:22) [49]  (8.75 ns)

 <State 6>: 8.75ns
The critical path consists of the following:
	bus request on port 'INPUT_BUNDLE' (IP_3.0_loop_unrolling.c:22) [49]  (8.75 ns)

 <State 7>: 8.75ns
The critical path consists of the following:
	bus request on port 'INPUT_BUNDLE' (IP_3.0_loop_unrolling.c:22) [49]  (8.75 ns)

 <State 8>: 8.75ns
The critical path consists of the following:
	bus request on port 'INPUT_BUNDLE' (IP_3.0_loop_unrolling.c:22) [49]  (8.75 ns)

 <State 9>: 8.75ns
The critical path consists of the following:
	bus request on port 'INPUT_BUNDLE' (IP_3.0_loop_unrolling.c:22) [49]  (8.75 ns)

 <State 10>: 8.75ns
The critical path consists of the following:
	bus request on port 'INPUT_BUNDLE' (IP_3.0_loop_unrolling.c:22) [49]  (8.75 ns)

 <State 11>: 8.75ns
The critical path consists of the following:
	bus read on port 'INPUT_BUNDLE' (IP_3.0_loop_unrolling.c:22) [50]  (8.75 ns)

 <State 12>: 8.75ns
The critical path consists of the following:
	bus read on port 'INPUT_BUNDLE' (IP_3.0_loop_unrolling.c:22) [58]  (8.75 ns)

 <State 13>: 8.75ns
The critical path consists of the following:
	bus read on port 'INPUT_BUNDLE' (IP_3.0_loop_unrolling.c:22) [66]  (8.75 ns)

 <State 14>: 8.75ns
The critical path consists of the following:
	bus read on port 'INPUT_BUNDLE' (IP_3.0_loop_unrolling.c:22) [73]  (8.75 ns)

 <State 15>: 8.75ns
The critical path consists of the following:
	bus read on port 'INPUT_BUNDLE' (IP_3.0_loop_unrolling.c:22) [81]  (8.75 ns)

 <State 16>: 8.75ns
The critical path consists of the following:
	bus read on port 'INPUT_BUNDLE' (IP_3.0_loop_unrolling.c:22) [89]  (8.75 ns)

 <State 17>: 8.75ns
The critical path consists of the following:
	bus read on port 'INPUT_BUNDLE' (IP_3.0_loop_unrolling.c:29) [105]  (8.75 ns)

 <State 18>: 8.75ns
The critical path consists of the following:
	bus read on port 'INPUT_BUNDLE' (IP_3.0_loop_unrolling.c:29) [114]  (8.75 ns)

 <State 19>: 3.98ns
The critical path consists of the following:
	'urem' operation ('tmp_29') [158]  (3.98 ns)

 <State 20>: 6.38ns
The critical path consists of the following:
	'mul' operation ('tmp_21', IP_3.0_loop_unrolling.c:36) [127]  (6.38 ns)

 <State 21>: 6.38ns
The critical path consists of the following:
	'mul' operation ('tmp_19', IP_3.0_loop_unrolling.c:36) [125]  (3.36 ns)
	'add' operation ('p', IP_3.0_loop_unrolling.c:36) [128]  (3.02 ns)

 <State 22>: 6.28ns
The critical path consists of the following:
	'uitodp' operation ('tmp_23', IP_3.0_loop_unrolling.c:37) [130]  (6.28 ns)

 <State 23>: 6.28ns
The critical path consists of the following:
	'uitodp' operation ('tmp_23', IP_3.0_loop_unrolling.c:37) [130]  (6.28 ns)

 <State 24>: 6.28ns
The critical path consists of the following:
	'uitodp' operation ('tmp_23', IP_3.0_loop_unrolling.c:37) [130]  (6.28 ns)

 <State 25>: 6.92ns
The critical path consists of the following:
	'urem' operation ('tmp_29') [158]  (3.98 ns)
	'icmp' operation ('tmp_30') [159]  (2.94 ns)

 <State 26>: 6.92ns
The critical path consists of the following:
	'urem' operation ('tmp_31') [168]  (3.98 ns)
	'icmp' operation ('tmp_32') [169]  (2.94 ns)

 <State 27>: 6.28ns
The critical path consists of the following:
	'uitodp' operation ('tmp_23', IP_3.0_loop_unrolling.c:37) [130]  (6.28 ns)

 <State 28>: 8.62ns
The critical path consists of the following:
	'dsqrt' operation ('x', IP_3.0_loop_unrolling.c:37) [131]  (8.62 ns)

 <State 29>: 8.62ns
The critical path consists of the following:
	'dsqrt' operation ('x', IP_3.0_loop_unrolling.c:37) [131]  (8.62 ns)

 <State 30>: 8.62ns
The critical path consists of the following:
	'dsqrt' operation ('x', IP_3.0_loop_unrolling.c:37) [131]  (8.62 ns)

 <State 31>: 8.62ns
The critical path consists of the following:
	'dsqrt' operation ('x', IP_3.0_loop_unrolling.c:37) [131]  (8.62 ns)

 <State 32>: 8.62ns
The critical path consists of the following:
	'dsqrt' operation ('x', IP_3.0_loop_unrolling.c:37) [131]  (8.62 ns)

 <State 33>: 8.62ns
The critical path consists of the following:
	'dsqrt' operation ('x', IP_3.0_loop_unrolling.c:37) [131]  (8.62 ns)

 <State 34>: 8.62ns
The critical path consists of the following:
	'dsqrt' operation ('x', IP_3.0_loop_unrolling.c:37) [131]  (8.62 ns)

 <State 35>: 8.62ns
The critical path consists of the following:
	'dsqrt' operation ('x', IP_3.0_loop_unrolling.c:37) [131]  (8.62 ns)

 <State 36>: 8.62ns
The critical path consists of the following:
	'dsqrt' operation ('x', IP_3.0_loop_unrolling.c:37) [131]  (8.62 ns)

 <State 37>: 8.62ns
The critical path consists of the following:
	'dsqrt' operation ('x', IP_3.0_loop_unrolling.c:37) [131]  (8.62 ns)

 <State 38>: 8.62ns
The critical path consists of the following:
	'dsqrt' operation ('x', IP_3.0_loop_unrolling.c:37) [131]  (8.62 ns)

 <State 39>: 8.62ns
The critical path consists of the following:
	'dsqrt' operation ('x', IP_3.0_loop_unrolling.c:37) [131]  (8.62 ns)

 <State 40>: 8.62ns
The critical path consists of the following:
	'dsqrt' operation ('x', IP_3.0_loop_unrolling.c:37) [131]  (8.62 ns)

 <State 41>: 8.62ns
The critical path consists of the following:
	'dsqrt' operation ('x', IP_3.0_loop_unrolling.c:37) [131]  (8.62 ns)

 <State 42>: 8.62ns
The critical path consists of the following:
	'dsqrt' operation ('x', IP_3.0_loop_unrolling.c:37) [131]  (8.62 ns)

 <State 43>: 8.62ns
The critical path consists of the following:
	'dsqrt' operation ('x', IP_3.0_loop_unrolling.c:37) [131]  (8.62 ns)

 <State 44>: 8.62ns
The critical path consists of the following:
	'dsqrt' operation ('x', IP_3.0_loop_unrolling.c:37) [131]  (8.62 ns)

 <State 45>: 8.62ns
The critical path consists of the following:
	'dsqrt' operation ('x', IP_3.0_loop_unrolling.c:37) [131]  (8.62 ns)

 <State 46>: 8.62ns
The critical path consists of the following:
	'dsqrt' operation ('x', IP_3.0_loop_unrolling.c:37) [131]  (8.62 ns)

 <State 47>: 8.62ns
The critical path consists of the following:
	'dsqrt' operation ('x', IP_3.0_loop_unrolling.c:37) [131]  (8.62 ns)

 <State 48>: 8.62ns
The critical path consists of the following:
	'dsqrt' operation ('x', IP_3.0_loop_unrolling.c:37) [131]  (8.62 ns)

 <State 49>: 8.62ns
The critical path consists of the following:
	'dsqrt' operation ('x', IP_3.0_loop_unrolling.c:37) [131]  (8.62 ns)

 <State 50>: 8.62ns
The critical path consists of the following:
	'dsqrt' operation ('x', IP_3.0_loop_unrolling.c:37) [131]  (8.62 ns)

 <State 51>: 8.62ns
The critical path consists of the following:
	'dsqrt' operation ('x', IP_3.0_loop_unrolling.c:37) [131]  (8.62 ns)

 <State 52>: 8.62ns
The critical path consists of the following:
	'dsqrt' operation ('x', IP_3.0_loop_unrolling.c:37) [131]  (8.62 ns)

 <State 53>: 8.62ns
The critical path consists of the following:
	'dsqrt' operation ('x', IP_3.0_loop_unrolling.c:37) [131]  (8.62 ns)

 <State 54>: 8.62ns
The critical path consists of the following:
	'dsqrt' operation ('x', IP_3.0_loop_unrolling.c:37) [131]  (8.62 ns)

 <State 55>: 8.62ns
The critical path consists of the following:
	'dsqrt' operation ('x', IP_3.0_loop_unrolling.c:37) [131]  (8.62 ns)

 <State 56>: 8.62ns
The critical path consists of the following:
	'dsqrt' operation ('x', IP_3.0_loop_unrolling.c:37) [131]  (8.62 ns)

 <State 57>: 8.62ns
The critical path consists of the following:
	'dsqrt' operation ('x', IP_3.0_loop_unrolling.c:37) [131]  (8.62 ns)

 <State 58>: 8.62ns
The critical path consists of the following:
	'dsqrt' operation ('x', IP_3.0_loop_unrolling.c:37) [131]  (8.62 ns)

 <State 59>: 4.93ns
The critical path consists of the following:
	'add' operation ('sh', r:/builds/2017.1/nightly/2017_04_14_1846317/src/products/hls/hls_lib/src/hls/utils/x_hls_utils.h:502->r:/builds/2017.1/nightly/2017_04_14_1846317/src/products/hls/hls_lib/src/hls/hls_round.h:485->r:/builds/2017.1/nightly/2017_04_14_1846317/src/products/hls/hls_lib/src/hls/hls_round.h:523->r:/builds/2017.1/nightly/2017_04_14_1846317/src/products/hls/hls_lib/src/lib_floatconversion.cpp:60->IP_3.0_loop_unrolling.c:37) [138]  (2.86 ns)
	'select' operation ('sh', r:/builds/2017.1/nightly/2017_04_14_1846317/src/products/hls/hls_lib/src/hls/hls_round.h:485->r:/builds/2017.1/nightly/2017_04_14_1846317/src/products/hls/hls_lib/src/hls/hls_round.h:523->r:/builds/2017.1/nightly/2017_04_14_1846317/src/products/hls/hls_lib/src/lib_floatconversion.cpp:60->IP_3.0_loop_unrolling.c:37) [142]  (2.07 ns)

 <State 60>: 6.68ns
The critical path consists of the following:
	'shl' operation ('tmp_44_i_i_i', r:/builds/2017.1/nightly/2017_04_14_1846317/src/products/hls/hls_lib/src/hls/hls_round.h:485->r:/builds/2017.1/nightly/2017_04_14_1846317/src/products/hls/hls_lib/src/hls/hls_round.h:523->r:/builds/2017.1/nightly/2017_04_14_1846317/src/products/hls/hls_lib/src/lib_floatconversion.cpp:60->IP_3.0_loop_unrolling.c:37) [147]  (0 ns)
	'select' operation ('tmp_25', r:/builds/2017.1/nightly/2017_04_14_1846317/src/products/hls/hls_lib/src/hls/hls_round.h:485->r:/builds/2017.1/nightly/2017_04_14_1846317/src/products/hls/hls_lib/src/hls/hls_round.h:523->r:/builds/2017.1/nightly/2017_04_14_1846317/src/products/hls/hls_lib/src/lib_floatconversion.cpp:60->IP_3.0_loop_unrolling.c:37) [151]  (4.61 ns)
	'icmp' operation ('icmp', IP_3.0_loop_unrolling.c:38) [153]  (2.07 ns)

 <State 61>: 8.75ns
The critical path consists of the following:
	bus request on port 'OUTPUT_BUNDLE' (IP_3.0_loop_unrolling.c:38) [162]  (8.75 ns)

 <State 62>: 8.75ns
The critical path consists of the following:
	bus write on port 'OUTPUT_BUNDLE' (IP_3.0_loop_unrolling.c:38) [165]  (8.75 ns)

 <State 63>: 8.75ns
The critical path consists of the following:
	bus access on port 'OUTPUT_BUNDLE' (IP_3.0_loop_unrolling.c:38) [172]  (8.75 ns)

 <State 64>: 8.75ns
The critical path consists of the following:
	bus access on port 'OUTPUT_BUNDLE' (IP_3.0_loop_unrolling.c:38) [172]  (8.75 ns)

 <State 65>: 8.75ns
The critical path consists of the following:
	bus access on port 'OUTPUT_BUNDLE' (IP_3.0_loop_unrolling.c:38) [172]  (8.75 ns)

 <State 66>: 8.75ns
The critical path consists of the following:
	bus access on port 'OUTPUT_BUNDLE' (IP_3.0_loop_unrolling.c:38) [172]  (8.75 ns)

 <State 67>: 8.75ns
The critical path consists of the following:
	bus access on port 'OUTPUT_BUNDLE' (IP_3.0_loop_unrolling.c:38) [172]  (8.75 ns)

 <State 68>: 0ns
The critical path consists of the following:


============================================================
+ Verbose Summary: Binding
============================================================
N/A
* FSMD analyzer results:
  - Output states:
 - Input state : 
  - Chain level:
	State 1
	State 2
	State 3
	State 4
	State 5
	State 6
	State 7
	State 8
	State 9
	State 10
	State 11
	State 12
	State 13
	State 14
	State 15
	State 16
	State 17
	State 18
	State 19
	State 20
	State 21
	State 22
	State 23
	State 24
	State 25
	State 26
	State 27
	State 28
	State 29
	State 30
	State 31
	State 32
	State 33
	State 34
	State 35
	State 36
	State 37
	State 38
	State 39
	State 40
	State 41
	State 42
	State 43
	State 44
	State 45
	State 46
	State 47
	State 48
	State 49
	State 50
	State 51
	State 52
	State 53
	State 54
	State 55
	State 56
	State 57
	State 58
	State 59
	State 60
	State 61
	State 62
	State 63
	State 64
	State 65
	State 66
	State 67
	State 68


============================================================
+ Verbose Summary: Datapath Resource usage 
============================================================
N/A
