Copyright 1986-2017 Xilinx, Inc. All Rights Reserved.
------------------------------------------------------------------------------------
| Tool Version : Vivado v.2017.1 (win64) Build 1846317 Fri Apr 14 18:55:03 MDT 2017
| Date         : Mon Jun 12 15:49:28 2017
| Host         : DESKTOP-H6KOU0K running 64-bit major release  (build 9200)
| Command      : report_timing -file ./report/sobel_timing_synth.rpt
| Design       : sobel
| Device       : 7z020-clg484
| Speed File   : -1  PRODUCTION 1.11 2014-09-11
------------------------------------------------------------------------------------

Timing Report

Slack (MET) :             2.618ns  (required time - arrival time)
  Source:                 sobel_dsqrt_64ns_cud_U1/sobel_ap_dsqrt_29_no_dsp_64_u/U0/i_synth/SQRT_OP.SPD.OP/i_mant_calc.MANT_SQRT/RT[51].ADDSUB/ADDSUB/Q_DEL/i_pipe/opt_has_pipe.first_q_reg[54]/C
                            (rising edge-triggered cell FDRE clocked by ap_clk  {rise@0.000ns fall@5.000ns period=10.000ns})
  Destination:            sobel_dsqrt_64ns_cud_U1/sobel_ap_dsqrt_29_no_dsp_64_u/U0/i_synth/SQRT_OP.SPD.OP/i_mant_calc.MANT_SQRT/RT[53].ADDSUB/ADDSUB/Q_DEL/i_pipe/opt_has_pipe.first_q_reg[57]/D
                            (rising edge-triggered cell FDRE clocked by ap_clk  {rise@0.000ns fall@5.000ns period=10.000ns})
  Path Group:             ap_clk
  Path Type:              Setup (Max at Slow Process Corner)
  Requirement:            10.000ns  (ap_clk rise@10.000ns - ap_clk rise@0.000ns)
  Data Path Delay:        7.281ns  (logic 5.623ns (77.228%)  route 1.658ns (22.772%))
  Logic Levels:           29  (CARRY4=29)
  Clock Path Skew:        -0.049ns (DCD - SCD + CPR)
    Destination Clock Delay (DCD):    0.924ns = ( 10.924 - 10.000 ) 
    Source Clock Delay      (SCD):    0.973ns
    Clock Pessimism Removal (CPR):    0.000ns
  Clock Uncertainty:      0.035ns  ((TSJ^2 + TIJ^2)^1/2 + DJ) / 2 + PE
    Total System Jitter     (TSJ):    0.071ns
    Total Input Jitter      (TIJ):    0.000ns
    Discrete Jitter          (DJ):    0.000ns
    Phase Error              (PE):    0.000ns

    Location             Delay type                Incr(ns)  Path(ns)    Netlist Resource(s)
  -------------------------------------------------------------------    -------------------
                         (clock ap_clk rise edge)     0.000     0.000 r  
                                                      0.000     0.000 r  ap_clk (IN)
                         net (fo=4141, unset)         0.973     0.973    sobel_dsqrt_64ns_cud_U1/sobel_ap_dsqrt_29_no_dsp_64_u/U0/i_synth/SQRT_OP.SPD.OP/i_mant_calc.MANT_SQRT/RT[51].ADDSUB/ADDSUB/Q_DEL/i_pipe/aclk
                         FDRE                                         r  sobel_dsqrt_64ns_cud_U1/sobel_ap_dsqrt_29_no_dsp_64_u/U0/i_synth/SQRT_OP.SPD.OP/i_mant_calc.MANT_SQRT/RT[51].ADDSUB/ADDSUB/Q_DEL/i_pipe/opt_has_pipe.first_q_reg[54]/C
  -------------------------------------------------------------------    -------------------
                         FDRE (Prop_fdre_C_Q)         0.362     1.335 r  sobel_dsqrt_64ns_cud_U1/sobel_ap_dsqrt_29_no_dsp_64_u/U0/i_synth/SQRT_OP.SPD.OP/i_mant_calc.MANT_SQRT/RT[51].ADDSUB/ADDSUB/Q_DEL/i_pipe/opt_has_pipe.first_q_reg[54]/Q
                         net (fo=55, unplaced)        0.749     2.084    sobel_dsqrt_64ns_cud_U1/sobel_ap_dsqrt_29_no_dsp_64_u/U0/i_synth/SQRT_OP.SPD.OP/i_mant_calc.MANT_SQRT/RT[52].ADDSUB/ADDSUB/out[53]
                         CARRY4 (Prop_carry4_S[1]_CO[3])
                                                      0.828     2.912 r  sobel_dsqrt_64ns_cud_U1/sobel_ap_dsqrt_29_no_dsp_64_u/U0/i_synth/SQRT_OP.SPD.OP/i_mant_calc.MANT_SQRT/RT[52].ADDSUB/ADDSUB/CHAIN_GEN[0].C_MUX.CARRY_MUX_CARRY4/CO[3]
                         net (fo=1, unplaced)         0.009     2.921    sobel_dsqrt_64ns_cud_U1/sobel_ap_dsqrt_29_no_dsp_64_u/U0/i_synth/SQRT_OP.SPD.OP/i_mant_calc.MANT_SQRT/RT[52].ADDSUB/ADDSUB/CHAIN_GEN[3].C_MUX.CARRY_MUX_n_2
                         CARRY4 (Prop_carry4_CI_CO[3])
                                                      0.117     3.038 r  sobel_dsqrt_64ns_cud_U1/sobel_ap_dsqrt_29_no_dsp_64_u/U0/i_synth/SQRT_OP.SPD.OP/i_mant_calc.MANT_SQRT/RT[52].ADDSUB/ADDSUB/CHAIN_GEN[4].C_MUX.CARRY_MUX_CARRY4/CO[3]
                         net (fo=1, unplaced)         0.000     3.038    sobel_dsqrt_64ns_cud_U1/sobel_ap_dsqrt_29_no_dsp_64_u/U0/i_synth/SQRT_OP.SPD.OP/i_mant_calc.MANT_SQRT/RT[52].ADDSUB/ADDSUB/CHAIN_GEN[7].C_MUX.CARRY_MUX_n_2
                         CARRY4 (Prop_carry4_CI_CO[3])
                                                      0.117     3.155 r  sobel_dsqrt_64ns_cud_U1/sobel_ap_dsqrt_29_no_dsp_64_u/U0/i_synth/SQRT_OP.SPD.OP/i_mant_calc.MANT_SQRT/RT[52].ADDSUB/ADDSUB/CHAIN_GEN[8].C_MUX.CARRY_MUX_CARRY4/CO[3]
                         net (fo=1, unplaced)         0.000     3.155    sobel_dsqrt_64ns_cud_U1/sobel_ap_dsqrt_29_no_dsp_64_u/U0/i_synth/SQRT_OP.SPD.OP/i_mant_calc.MANT_SQRT/RT[52].ADDSUB/ADDSUB/CHAIN_GEN[11].C_MUX.CARRY_MUX_n_2
                         CARRY4 (Prop_carry4_CI_CO[3])
                                                      0.117     3.272 r  sobel_dsqrt_64ns_cud_U1/sobel_ap_dsqrt_29_no_dsp_64_u/U0/i_synth/SQRT_OP.SPD.OP/i_mant_calc.MANT_SQRT/RT[52].ADDSUB/ADDSUB/CHAIN_GEN[12].C_MUX.CARRY_MUX_CARRY4/CO[3]
                         net (fo=1, unplaced)         0.000     3.272    sobel_dsqrt_64ns_cud_U1/sobel_ap_dsqrt_29_no_dsp_64_u/U0/i_synth/SQRT_OP.SPD.OP/i_mant_calc.MANT_SQRT/RT[52].ADDSUB/ADDSUB/CHAIN_GEN[15].C_MUX.CARRY_MUX_n_2
                         CARRY4 (Prop_carry4_CI_CO[3])
                                                      0.117     3.389 r  sobel_dsqrt_64ns_cud_U1/sobel_ap_dsqrt_29_no_dsp_64_u/U0/i_synth/SQRT_OP.SPD.OP/i_mant_calc.MANT_SQRT/RT[52].ADDSUB/ADDSUB/CHAIN_GEN[16].C_MUX.CARRY_MUX_CARRY4/CO[3]
                         net (fo=1, unplaced)         0.000     3.389    sobel_dsqrt_64ns_cud_U1/sobel_ap_dsqrt_29_no_dsp_64_u/U0/i_synth/SQRT_OP.SPD.OP/i_mant_calc.MANT_SQRT/RT[52].ADDSUB/ADDSUB/CHAIN_GEN[19].C_MUX.CARRY_MUX_n_2
                         CARRY4 (Prop_carry4_CI_CO[3])
                                                      0.117     3.506 r  sobel_dsqrt_64ns_cud_U1/sobel_ap_dsqrt_29_no_dsp_64_u/U0/i_synth/SQRT_OP.SPD.OP/i_mant_calc.MANT_SQRT/RT[52].ADDSUB/ADDSUB/CHAIN_GEN[20].C_MUX.CARRY_MUX_CARRY4/CO[3]
                         net (fo=1, unplaced)         0.000     3.506    sobel_dsqrt_64ns_cud_U1/sobel_ap_dsqrt_29_no_dsp_64_u/U0/i_synth/SQRT_OP.SPD.OP/i_mant_calc.MANT_SQRT/RT[52].ADDSUB/ADDSUB/CHAIN_GEN[23].C_MUX.CARRY_MUX_n_2
                         CARRY4 (Prop_carry4_CI_CO[3])
                                                      0.117     3.623 r  sobel_dsqrt_64ns_cud_U1/sobel_ap_dsqrt_29_no_dsp_64_u/U0/i_synth/SQRT_OP.SPD.OP/i_mant_calc.MANT_SQRT/RT[52].ADDSUB/ADDSUB/CHAIN_GEN[24].C_MUX.CARRY_MUX_CARRY4/CO[3]
                         net (fo=1, unplaced)         0.000     3.623    sobel_dsqrt_64ns_cud_U1/sobel_ap_dsqrt_29_no_dsp_64_u/U0/i_synth/SQRT_OP.SPD.OP/i_mant_calc.MANT_SQRT/RT[52].ADDSUB/ADDSUB/CHAIN_GEN[27].C_MUX.CARRY_MUX_n_2
                         CARRY4 (Prop_carry4_CI_CO[3])
                                                      0.117     3.740 r  sobel_dsqrt_64ns_cud_U1/sobel_ap_dsqrt_29_no_dsp_64_u/U0/i_synth/SQRT_OP.SPD.OP/i_mant_calc.MANT_SQRT/RT[52].ADDSUB/ADDSUB/CHAIN_GEN[28].C_MUX.CARRY_MUX_CARRY4/CO[3]
                         net (fo=1, unplaced)         0.000     3.740    sobel_dsqrt_64ns_cud_U1/sobel_ap_dsqrt_29_no_dsp_64_u/U0/i_synth/SQRT_OP.SPD.OP/i_mant_calc.MANT_SQRT/RT[52].ADDSUB/ADDSUB/CHAIN_GEN[31].C_MUX.CARRY_MUX_n_2
                         CARRY4 (Prop_carry4_CI_CO[3])
                                                      0.117     3.857 r  sobel_dsqrt_64ns_cud_U1/sobel_ap_dsqrt_29_no_dsp_64_u/U0/i_synth/SQRT_OP.SPD.OP/i_mant_calc.MANT_SQRT/RT[52].ADDSUB/ADDSUB/CHAIN_GEN[32].C_MUX.CARRY_MUX_CARRY4/CO[3]
                         net (fo=1, unplaced)         0.000     3.857    sobel_dsqrt_64ns_cud_U1/sobel_ap_dsqrt_29_no_dsp_64_u/U0/i_synth/SQRT_OP.SPD.OP/i_mant_calc.MANT_SQRT/RT[52].ADDSUB/ADDSUB/CHAIN_GEN[35].C_MUX.CARRY_MUX_n_2
                         CARRY4 (Prop_carry4_CI_CO[3])
                                                      0.117     3.974 r  sobel_dsqrt_64ns_cud_U1/sobel_ap_dsqrt_29_no_dsp_64_u/U0/i_synth/SQRT_OP.SPD.OP/i_mant_calc.MANT_SQRT/RT[52].ADDSUB/ADDSUB/CHAIN_GEN[36].C_MUX.CARRY_MUX_CARRY4/CO[3]
                         net (fo=1, unplaced)         0.000     3.974    sobel_dsqrt_64ns_cud_U1/sobel_ap_dsqrt_29_no_dsp_64_u/U0/i_synth/SQRT_OP.SPD.OP/i_mant_calc.MANT_SQRT/RT[52].ADDSUB/ADDSUB/CHAIN_GEN[39].C_MUX.CARRY_MUX_n_2
                         CARRY4 (Prop_carry4_CI_CO[3])
                                                      0.117     4.091 r  sobel_dsqrt_64ns_cud_U1/sobel_ap_dsqrt_29_no_dsp_64_u/U0/i_synth/SQRT_OP.SPD.OP/i_mant_calc.MANT_SQRT/RT[52].ADDSUB/ADDSUB/CHAIN_GEN[40].C_MUX.CARRY_MUX_CARRY4/CO[3]
                         net (fo=1, unplaced)         0.000     4.091    sobel_dsqrt_64ns_cud_U1/sobel_ap_dsqrt_29_no_dsp_64_u/U0/i_synth/SQRT_OP.SPD.OP/i_mant_calc.MANT_SQRT/RT[52].ADDSUB/ADDSUB/CHAIN_GEN[43].C_MUX.CARRY_MUX_n_2
                         CARRY4 (Prop_carry4_CI_CO[3])
                                                      0.117     4.208 r  sobel_dsqrt_64ns_cud_U1/sobel_ap_dsqrt_29_no_dsp_64_u/U0/i_synth/SQRT_OP.SPD.OP/i_mant_calc.MANT_SQRT/RT[52].ADDSUB/ADDSUB/CHAIN_GEN[44].C_MUX.CARRY_MUX_CARRY4/CO[3]
                         net (fo=1, unplaced)         0.000     4.208    sobel_dsqrt_64ns_cud_U1/sobel_ap_dsqrt_29_no_dsp_64_u/U0/i_synth/SQRT_OP.SPD.OP/i_mant_calc.MANT_SQRT/RT[52].ADDSUB/ADDSUB/CHAIN_GEN[47].C_MUX.CARRY_MUX_n_2
                         CARRY4 (Prop_carry4_CI_CO[3])
                                                      0.117     4.325 r  sobel_dsqrt_64ns_cud_U1/sobel_ap_dsqrt_29_no_dsp_64_u/U0/i_synth/SQRT_OP.SPD.OP/i_mant_calc.MANT_SQRT/RT[52].ADDSUB/ADDSUB/CHAIN_GEN[48].C_MUX.CARRY_MUX_CARRY4/CO[3]
                         net (fo=1, unplaced)         0.000     4.325    sobel_dsqrt_64ns_cud_U1/sobel_ap_dsqrt_29_no_dsp_64_u/U0/i_synth/SQRT_OP.SPD.OP/i_mant_calc.MANT_SQRT/RT[52].ADDSUB/ADDSUB/CHAIN_GEN[51].C_MUX.CARRY_MUX_n_2
                         CARRY4 (Prop_carry4_CI_O[3])
                                                      0.331     4.656 r  sobel_dsqrt_64ns_cud_U1/sobel_ap_dsqrt_29_no_dsp_64_u/U0/i_synth/SQRT_OP.SPD.OP/i_mant_calc.MANT_SQRT/RT[52].ADDSUB/ADDSUB/CHAIN_GEN[52].C_MUX.CARRY_MUX_CARRY4/O[3]
                         net (fo=56, unplaced)        0.891     5.547    sobel_dsqrt_64ns_cud_U1/sobel_ap_dsqrt_29_no_dsp_64_u/U0/i_synth/SQRT_OP.SPD.OP/i_mant_calc.MANT_SQRT/RT[53].ADDSUB/ADDSUB/Q[54]
                         CARRY4 (Prop_carry4_S[1]_CO[3])
                                                      0.840     6.387 r  sobel_dsqrt_64ns_cud_U1/sobel_ap_dsqrt_29_no_dsp_64_u/U0/i_synth/SQRT_OP.SPD.OP/i_mant_calc.MANT_SQRT/RT[53].ADDSUB/ADDSUB/CHAIN_GEN[0].C_MUX.CARRY_MUX_CARRY4/CO[3]
                         net (fo=1, unplaced)         0.009     6.396    sobel_dsqrt_64ns_cud_U1/sobel_ap_dsqrt_29_no_dsp_64_u/U0/i_synth/SQRT_OP.SPD.OP/i_mant_calc.MANT_SQRT/RT[53].ADDSUB/ADDSUB/CHAIN_GEN[3].C_MUX.CARRY_MUX_n_2
                         CARRY4 (Prop_carry4_CI_CO[3])
                                                      0.117     6.513 r  sobel_dsqrt_64ns_cud_U1/sobel_ap_dsqrt_29_no_dsp_64_u/U0/i_synth/SQRT_OP.SPD.OP/i_mant_calc.MANT_SQRT/RT[53].ADDSUB/ADDSUB/CHAIN_GEN[4].C_MUX.CARRY_MUX_CARRY4/CO[3]
                         net (fo=1, unplaced)         0.000     6.513    sobel_dsqrt_64ns_cud_U1/sobel_ap_dsqrt_29_no_dsp_64_u/U0/i_synth/SQRT_OP.SPD.OP/i_mant_calc.MANT_SQRT/RT[53].ADDSUB/ADDSUB/CHAIN_GEN[7].C_MUX.CARRY_MUX_n_2
                         CARRY4 (Prop_carry4_CI_CO[3])
                                                      0.117     6.630 r  sobel_dsqrt_64ns_cud_U1/sobel_ap_dsqrt_29_no_dsp_64_u/U0/i_synth/SQRT_OP.SPD.OP/i_mant_calc.MANT_SQRT/RT[53].ADDSUB/ADDSUB/CHAIN_GEN[8].C_MUX.CARRY_MUX_CARRY4/CO[3]
                         net (fo=1, unplaced)         0.000     6.630    sobel_dsqrt_64ns_cud_U1/sobel_ap_dsqrt_29_no_dsp_64_u/U0/i_synth/SQRT_OP.SPD.OP/i_mant_calc.MANT_SQRT/RT[53].ADDSUB/ADDSUB/CHAIN_GEN[11].C_MUX.CARRY_MUX_n_2
                         CARRY4 (Prop_carry4_CI_CO[3])
                                                      0.117     6.747 r  sobel_dsqrt_64ns_cud_U1/sobel_ap_dsqrt_29_no_dsp_64_u/U0/i_synth/SQRT_OP.SPD.OP/i_mant_calc.MANT_SQRT/RT[53].ADDSUB/ADDSUB/CHAIN_GEN[12].C_MUX.CARRY_MUX_CARRY4/CO[3]
                         net (fo=1, unplaced)         0.000     6.747    sobel_dsqrt_64ns_cud_U1/sobel_ap_dsqrt_29_no_dsp_64_u/U0/i_synth/SQRT_OP.SPD.OP/i_mant_calc.MANT_SQRT/RT[53].ADDSUB/ADDSUB/CHAIN_GEN[15].C_MUX.CARRY_MUX_n_2
                         CARRY4 (Prop_carry4_CI_CO[3])
                                                      0.117     6.864 r  sobel_dsqrt_64ns_cud_U1/sobel_ap_dsqrt_29_no_dsp_64_u/U0/i_synth/SQRT_OP.SPD.OP/i_mant_calc.MANT_SQRT/RT[53].ADDSUB/ADDSUB/CHAIN_GEN[16].C_MUX.CARRY_MUX_CARRY4/CO[3]
                         net (fo=1, unplaced)         0.000     6.864    sobel_dsqrt_64ns_cud_U1/sobel_ap_dsqrt_29_no_dsp_64_u/U0/i_synth/SQRT_OP.SPD.OP/i_mant_calc.MANT_SQRT/RT[53].ADDSUB/ADDSUB/CHAIN_GEN[19].C_MUX.CARRY_MUX_n_2
                         CARRY4 (Prop_carry4_CI_CO[3])
                                                      0.117     6.981 r  sobel_dsqrt_64ns_cud_U1/sobel_ap_dsqrt_29_no_dsp_64_u/U0/i_synth/SQRT_OP.SPD.OP/i_mant_calc.MANT_SQRT/RT[53].ADDSUB/ADDSUB/CHAIN_GEN[20].C_MUX.CARRY_MUX_CARRY4/CO[3]
                         net (fo=1, unplaced)         0.000     6.981    sobel_dsqrt_64ns_cud_U1/sobel_ap_dsqrt_29_no_dsp_64_u/U0/i_synth/SQRT_OP.SPD.OP/i_mant_calc.MANT_SQRT/RT[53].ADDSUB/ADDSUB/CHAIN_GEN[23].C_MUX.CARRY_MUX_n_2
                         CARRY4 (Prop_carry4_CI_CO[3])
                                                      0.117     7.098 r  sobel_dsqrt_64ns_cud_U1/sobel_ap_dsqrt_29_no_dsp_64_u/U0/i_synth/SQRT_OP.SPD.OP/i_mant_calc.MANT_SQRT/RT[53].ADDSUB/ADDSUB/CHAIN_GEN[24].C_MUX.CARRY_MUX_CARRY4/CO[3]
                         net (fo=1, unplaced)         0.000     7.098    sobel_dsqrt_64ns_cud_U1/sobel_ap_dsqrt_29_no_dsp_64_u/U0/i_synth/SQRT_OP.SPD.OP/i_mant_calc.MANT_SQRT/RT[53].ADDSUB/ADDSUB/CHAIN_GEN[27].C_MUX.CARRY_MUX_n_2
                         CARRY4 (Prop_carry4_CI_CO[3])
                                                      0.117     7.215 r  sobel_dsqrt_64ns_cud_U1/sobel_ap_dsqrt_29_no_dsp_64_u/U0/i_synth/SQRT_OP.SPD.OP/i_mant_calc.MANT_SQRT/RT[53].ADDSUB/ADDSUB/CHAIN_GEN[28].C_MUX.CARRY_MUX_CARRY4/CO[3]
                         net (fo=1, unplaced)         0.000     7.215    sobel_dsqrt_64ns_cud_U1/sobel_ap_dsqrt_29_no_dsp_64_u/U0/i_synth/SQRT_OP.SPD.OP/i_mant_calc.MANT_SQRT/RT[53].ADDSUB/ADDSUB/CHAIN_GEN[31].C_MUX.CARRY_MUX_n_2
                         CARRY4 (Prop_carry4_CI_CO[3])
                                                      0.117     7.332 r  sobel_dsqrt_64ns_cud_U1/sobel_ap_dsqrt_29_no_dsp_64_u/U0/i_synth/SQRT_OP.SPD.OP/i_mant_calc.MANT_SQRT/RT[53].ADDSUB/ADDSUB/CHAIN_GEN[32].C_MUX.CARRY_MUX_CARRY4/CO[3]
                         net (fo=1, unplaced)         0.000     7.332    sobel_dsqrt_64ns_cud_U1/sobel_ap_dsqrt_29_no_dsp_64_u/U0/i_synth/SQRT_OP.SPD.OP/i_mant_calc.MANT_SQRT/RT[53].ADDSUB/ADDSUB/CHAIN_GEN[35].C_MUX.CARRY_MUX_n_2
                         CARRY4 (Prop_carry4_CI_CO[3])
                                                      0.117     7.449 r  sobel_dsqrt_64ns_cud_U1/sobel_ap_dsqrt_29_no_dsp_64_u/U0/i_synth/SQRT_OP.SPD.OP/i_mant_calc.MANT_SQRT/RT[53].ADDSUB/ADDSUB/CHAIN_GEN[36].C_MUX.CARRY_MUX_CARRY4/CO[3]
                         net (fo=1, unplaced)         0.000     7.449    sobel_dsqrt_64ns_cud_U1/sobel_ap_dsqrt_29_no_dsp_64_u/U0/i_synth/SQRT_OP.SPD.OP/i_mant_calc.MANT_SQRT/RT[53].ADDSUB/ADDSUB/CHAIN_GEN[39].C_MUX.CARRY_MUX_n_2
                         CARRY4 (Prop_carry4_CI_CO[3])
                                                      0.117     7.566 r  sobel_dsqrt_64ns_cud_U1/sobel_ap_dsqrt_29_no_dsp_64_u/U0/i_synth/SQRT_OP.SPD.OP/i_mant_calc.MANT_SQRT/RT[53].ADDSUB/ADDSUB/CHAIN_GEN[40].C_MUX.CARRY_MUX_CARRY4/CO[3]
                         net (fo=1, unplaced)         0.000     7.566    sobel_dsqrt_64ns_cud_U1/sobel_ap_dsqrt_29_no_dsp_64_u/U0/i_synth/SQRT_OP.SPD.OP/i_mant_calc.MANT_SQRT/RT[53].ADDSUB/ADDSUB/CHAIN_GEN[43].C_MUX.CARRY_MUX_n_2
                         CARRY4 (Prop_carry4_CI_CO[3])
                                                      0.117     7.683 r  sobel_dsqrt_64ns_cud_U1/sobel_ap_dsqrt_29_no_dsp_64_u/U0/i_synth/SQRT_OP.SPD.OP/i_mant_calc.MANT_SQRT/RT[53].ADDSUB/ADDSUB/CHAIN_GEN[44].C_MUX.CARRY_MUX_CARRY4/CO[3]
                         net (fo=1, unplaced)         0.000     7.683    sobel_dsqrt_64ns_cud_U1/sobel_ap_dsqrt_29_no_dsp_64_u/U0/i_synth/SQRT_OP.SPD.OP/i_mant_calc.MANT_SQRT/RT[53].ADDSUB/ADDSUB/CHAIN_GEN[47].C_MUX.CARRY_MUX_n_2
                         CARRY4 (Prop_carry4_CI_CO[3])
                                                      0.117     7.800 r  sobel_dsqrt_64ns_cud_U1/sobel_ap_dsqrt_29_no_dsp_64_u/U0/i_synth/SQRT_OP.SPD.OP/i_mant_calc.MANT_SQRT/RT[53].ADDSUB/ADDSUB/CHAIN_GEN[48].C_MUX.CARRY_MUX_CARRY4/CO[3]
                         net (fo=1, unplaced)         0.000     7.800    sobel_dsqrt_64ns_cud_U1/sobel_ap_dsqrt_29_no_dsp_64_u/U0/i_synth/SQRT_OP.SPD.OP/i_mant_calc.MANT_SQRT/RT[53].ADDSUB/ADDSUB/CHAIN_GEN[51].C_MUX.CARRY_MUX_n_2
                         CARRY4 (Prop_carry4_CI_CO[3])
                                                      0.117     7.917 r  sobel_dsqrt_64ns_cud_U1/sobel_ap_dsqrt_29_no_dsp_64_u/U0/i_synth/SQRT_OP.SPD.OP/i_mant_calc.MANT_SQRT/RT[53].ADDSUB/ADDSUB/CHAIN_GEN[52].C_MUX.CARRY_MUX_CARRY4/CO[3]
                         net (fo=1, unplaced)         0.000     7.917    sobel_dsqrt_64ns_cud_U1/sobel_ap_dsqrt_29_no_dsp_64_u/U0/i_synth/SQRT_OP.SPD.OP/i_mant_calc.MANT_SQRT/RT[53].ADDSUB/ADDSUB/CHAIN_GEN[55].C_MUX.CARRY_MUX_n_2
                         CARRY4 (Prop_carry4_CI_O[1])
                                                      0.337     8.254 r  sobel_dsqrt_64ns_cud_U1/sobel_ap_dsqrt_29_no_dsp_64_u/U0/i_synth/SQRT_OP.SPD.OP/i_mant_calc.MANT_SQRT/RT[53].ADDSUB/ADDSUB/CHAIN_GEN[56].C_MUX.CARRY_MUX_CARRY4/O[1]
                         net (fo=1, unplaced)         0.000     8.254    sobel_dsqrt_64ns_cud_U1/sobel_ap_dsqrt_29_no_dsp_64_u/U0/i_synth/SQRT_OP.SPD.OP/i_mant_calc.MANT_SQRT/RT[53].ADDSUB/ADDSUB/Q_DEL/i_pipe/D[57]
                         FDRE                                         r  sobel_dsqrt_64ns_cud_U1/sobel_ap_dsqrt_29_no_dsp_64_u/U0/i_synth/SQRT_OP.SPD.OP/i_mant_calc.MANT_SQRT/RT[53].ADDSUB/ADDSUB/Q_DEL/i_pipe/opt_has_pipe.first_q_reg[57]/D
  -------------------------------------------------------------------    -------------------

                         (clock ap_clk rise edge)    10.000    10.000 r  
                                                      0.000    10.000 r  ap_clk (IN)
                         net (fo=4141, unset)         0.924    10.924    sobel_dsqrt_64ns_cud_U1/sobel_ap_dsqrt_29_no_dsp_64_u/U0/i_synth/SQRT_OP.SPD.OP/i_mant_calc.MANT_SQRT/RT[53].ADDSUB/ADDSUB/Q_DEL/i_pipe/aclk
                         FDRE                                         r  sobel_dsqrt_64ns_cud_U1/sobel_ap_dsqrt_29_no_dsp_64_u/U0/i_synth/SQRT_OP.SPD.OP/i_mant_calc.MANT_SQRT/RT[53].ADDSUB/ADDSUB/Q_DEL/i_pipe/opt_has_pipe.first_q_reg[57]/C
                         clock pessimism              0.000    10.924    
                         clock uncertainty           -0.035    10.889    
                         FDRE (Setup_fdre_C_D)       -0.017    10.872    sobel_dsqrt_64ns_cud_U1/sobel_ap_dsqrt_29_no_dsp_64_u/U0/i_synth/SQRT_OP.SPD.OP/i_mant_calc.MANT_SQRT/RT[53].ADDSUB/ADDSUB/Q_DEL/i_pipe/opt_has_pipe.first_q_reg[57]
  -------------------------------------------------------------------
                         required time                         10.872    
                         arrival time                          -8.254    
  -------------------------------------------------------------------
                         slack                                  2.618    




