==============================================================
File generated by Vivado(TM) HLS - High-Level Synthesis from C, C++ and SystemC
Version: 2017.1
Copyright (C) 1986-2017 Xilinx, Inc. All Rights Reserved.

==============================================================

INFO: [SYN 201-201] Setting up clock 'default' with a period of 7ns.
INFO: [HLS 200-10] Setting target device to 'xc7z020clg484-1'
INFO: [SYN 201-201] Setting up clock 'default' with a period of 10ns.
INFO: [HLS 200-10] Analyzing design file 'IP_2.0_convolution_restructure.c' ... 
INFO: [HLS 200-10] Validating synthesis directives ...
INFO: [HLS 200-111] Finished Checking Pragmas Time (s): cpu = 00:00:01 ; elapsed = 00:00:05 . Memory (MB): peak = 95.676 ; gain = 46.313
INFO: [HLS 200-111] Finished Linking Time (s): cpu = 00:00:01 ; elapsed = 00:00:06 . Memory (MB): peak = 95.695 ; gain = 46.332
INFO: [HLS 200-10] Starting code transformations ...
INFO: [XFORM 203-603] Inlining function 'ap_fixed_base<137, 84, false, (ap_q_mode)5, (ap_o_mode)3, 0>::operator<<' into 'hls::cast_IEEE754<int, (ap_q_mode)6, double>' (r:/builds/2017.1/nightly/2017_04_14_1846317/src/products/hls/hls_lib/src/hls/hls_round.h:441).
INFO: [XFORM 203-603] Inlining function 'ap_fixed_base<1, 32, false, (ap_q_mode)5, (ap_o_mode)0, 0>::overflow_adjust' into 'ap_fixed_base<1, 32, false, (ap_q_mode)5, (ap_o_mode)0, 0>::ap_fixed_base<137, 84, false, (ap_q_mode)5, (ap_o_mode)3, 0>' ().
INFO: [HLS 200-111] Finished Standard Transforms Time (s): cpu = 00:00:09 ; elapsed = 00:00:28 . Memory (MB): peak = 409.773 ; gain = 360.410
INFO: [HLS 200-10] Checking synthesizability ...
INFO: [XFORM 203-602] Inlining function 'fp_struct<double>::mantissa' into 'hls::cast_IEEE754<int, (ap_q_mode)6, double>' (r:/builds/2017.1/nightly/2017_04_14_1846317/src/products/hls/hls_lib/src/hls/hls_round.h:438) automatically.
INFO: [XFORM 203-602] Inlining function 'fp_struct<double>::expv' into 'hls::cast_IEEE754<int, (ap_q_mode)6, double>' (r:/builds/2017.1/nightly/2017_04_14_1846317/src/products/hls/hls_lib/src/hls/hls_round.h:441) automatically.
INFO: [XFORM 203-602] Inlining function 'fp_struct<double>::__signbit' into 'hls::cast_IEEE754<int, (ap_q_mode)6, double>' (r:/builds/2017.1/nightly/2017_04_14_1846317/src/products/hls/hls_lib/src/hls/hls_round.h:473) automatically.
INFO: [XFORM 203-602] Inlining function 'hls::cast_IEEE754<int, (ap_q_mode)6, double>' into 'hls::cast_IEEE754<int, double>' (r:/builds/2017.1/nightly/2017_04_14_1846317/src/products/hls/hls_lib/src/hls/hls_round.h:523) automatically.
INFO: [XFORM 203-602] Inlining function 'hls::cast_IEEE754<int, double>' into '__hls_fptosi_double_i32' (r:/builds/2017.1/nightly/2017_04_14_1846317/src/products/hls/hls_lib/src/lib_floatconversion.cpp:47) automatically.
INFO: [XFORM 203-602] Inlining function '__hls_fptosi_double_i32' into 'sobel' (IP_2.0_convolution_restructure.c:39) automatically.
INFO: [HLS 200-111] Finished Checking Synthesizability Time (s): cpu = 00:00:14 ; elapsed = 00:00:37 . Memory (MB): peak = 549.145 ; gain = 499.781
INFO: [XFORM 203-602] Inlining function 'fp_struct<double>::mantissa' into 'hls::cast_IEEE754<int, (ap_q_mode)6, double>' (r:/builds/2017.1/nightly/2017_04_14_1846317/src/products/hls/hls_lib/src/hls/hls_round.h:438) automatically.
INFO: [XFORM 203-602] Inlining function 'fp_struct<double>::expv' into 'hls::cast_IEEE754<int, (ap_q_mode)6, double>' (r:/builds/2017.1/nightly/2017_04_14_1846317/src/products/hls/hls_lib/src/hls/hls_round.h:441) automatically.
INFO: [XFORM 203-602] Inlining function 'fp_struct<double>::__signbit' into 'hls::cast_IEEE754<int, (ap_q_mode)6, double>' (r:/builds/2017.1/nightly/2017_04_14_1846317/src/products/hls/hls_lib/src/hls/hls_round.h:473) automatically.
INFO: [XFORM 203-602] Inlining function 'hls::cast_IEEE754<int, (ap_q_mode)6, double>' into 'hls::cast_IEEE754<int, double>' (r:/builds/2017.1/nightly/2017_04_14_1846317/src/products/hls/hls_lib/src/hls/hls_round.h:523) automatically.
INFO: [XFORM 203-602] Inlining function 'hls::cast_IEEE754<int, double>' into '__hls_fptosi_double_i32' (r:/builds/2017.1/nightly/2017_04_14_1846317/src/products/hls/hls_lib/src/lib_floatconversion.cpp:47) automatically.
INFO: [XFORM 203-602] Inlining function '__hls_fptosi_double_i32' into 'sobel' (IP_2.0_convolution_restructure.c:39) automatically.
INFO: [HLS 200-111] Finished Pre-synthesis Time (s): cpu = 00:00:18 ; elapsed = 00:00:44 . Memory (MB): peak = 805.445 ; gain = 756.082
INFO: [HLS 200-111] Finished Architecture Synthesis Time (s): cpu = 00:00:19 ; elapsed = 00:00:48 . Memory (MB): peak = 901.816 ; gain = 852.453
INFO: [HLS 200-10] Starting hardware synthesis ...
INFO: [HLS 200-10] Synthesizing 'sobel' ...
WARNING: [SYN 201-107] Renaming port name 'sobel/input' to 'sobel/input_r' to avoid the conflict with HDL keywords or other object names.
WARNING: [SYN 201-107] Renaming port name 'sobel/output' to 'sobel/output_r' to avoid the conflict with HDL keywords or other object names.
INFO: [HLS 200-10] ----------------------------------------------------------------
INFO: [HLS 200-10] -- Implementing module 'sobel' 
INFO: [HLS 200-10] ----------------------------------------------------------------
INFO: [SCHED 204-11] Starting scheduling ...
INFO: [SCHED 204-11] Finished scheduling.
INFO: [HLS 200-111]  Elapsed time: 48.395 seconds; current allocated memory: 776.954 MB.
INFO: [BIND 205-100] Starting micro-architecture generation ...
INFO: [BIND 205-101] Performing variable lifetime analysis.
INFO: [BIND 205-101] Exploring resource sharing.
INFO: [BIND 205-101] Binding ...
INFO: [BIND 205-100] Finished micro-architecture generation.
INFO: [HLS 200-111]  Elapsed time: 0.364 seconds; current allocated memory: 777.735 MB.
INFO: [HLS 200-10] ----------------------------------------------------------------
INFO: [HLS 200-10] -- Generating RTL for module 'sobel' 
INFO: [HLS 200-10] ----------------------------------------------------------------
INFO: [RTGEN 206-500] Setting interface mode on port 'sobel/INPUT_BUNDLE' to 'm_axi'.
INFO: [RTGEN 206-500] Setting interface mode on port 'sobel/OUTPUT_BUNDLE' to 'm_axi'.
INFO: [RTGEN 206-500] Setting interface mode on port 'sobel/input_r' to 's_axilite & ap_none'.
INFO: [RTGEN 206-500] Setting interface mode on port 'sobel/output_r' to 's_axilite & ap_none'.
INFO: [RTGEN 206-500] Setting interface mode on function 'sobel' to 's_axilite & ap_ctrl_hs'.
INFO: [RTGEN 206-100] Bundling port 'return', 'input_r' and 'output_r' to AXI-Lite port AXILiteS.
INFO: [SYN 201-210] Renamed object name 'sobel_sitodp_32s_64_6' to 'sobel_sitodp_32s_bkb' due to the length limit 20
INFO: [SYN 201-210] Renamed object name 'sobel_dsqrt_64ns_64ns_64_31' to 'sobel_dsqrt_64ns_cud' due to the length limit 20
INFO: [SYN 201-210] Renamed object name 'sobel_mul_mul_11s_11s_22_1' to 'sobel_mul_mul_11sdEe' due to the length limit 20
INFO: [SYN 201-210] Renamed object name 'sobel_mac_muladd_11s_11s_22s_22_1' to 'sobel_mac_muladd_eOg' due to the length limit 20
INFO: [RTGEN 206-100] Generating core module 'sobel_dsqrt_64ns_cud': 1 instance(s).
INFO: [RTGEN 206-100] Generating core module 'sobel_mac_muladd_eOg': 1 instance(s).
INFO: [RTGEN 206-100] Generating core module 'sobel_mul_mul_11sdEe': 1 instance(s).
INFO: [RTGEN 206-100] Generating core module 'sobel_sitodp_32s_bkb': 1 instance(s).
INFO: [RTGEN 206-100] Finished creating RTL model for 'sobel'.
INFO: [HLS 200-111]  Elapsed time: 0.549 seconds; current allocated memory: 779.715 MB.
INFO: [HLS 200-111] Finished generating all RTL models Time (s): cpu = 00:00:21 ; elapsed = 00:00:51 . Memory (MB): peak = 901.816 ; gain = 852.453
INFO: [SYSC 207-301] Generating SystemC RTL for sobel.
INFO: [VHDL 208-304] Generating VHDL RTL for sobel.
INFO: [VLOG 209-307] Generating Verilog RTL for sobel.
INFO: [HLS 200-112] Total elapsed time: 51.106 seconds; peak allocated memory: 779.715 MB.
