INFO: [HLS 200-0] Workspace C:/Embedded_Systems_Sobel_Filter_HLS/IP_2.1/2.1_arbitrary_precision opened at Mon Jun 12 03:00:58 +0300 2017
INFO: [HLS 200-100] Execute     config_clock -quiet -name default -period 10 -default=false 
INFO: [SYN 201-201] Setting up clock 'default' with a period of 10ns.
INFO: [HLS 200-100] Command     config_clock returned 0; 0.001 sec.
INFO: [HLS 200-100] Execute     open_platform DefaultPlatform 
INFO: [HLS 200-100] Command     open_platform returned 0; 0 sec.
INFO: [HLS 200-100] Execute     import_lib C:/Xilinx/Vivado_HLS/2017.1/common/technology/xilinx/zynq/zynq 
INFO: [HLS 200-100] Execute       source C:/Xilinx/Vivado_HLS/2017.1/common/technology/xilinx/common/xilinx.lib 
INFO: [HLS 200-100] Execute         source C:/Xilinx/Vivado_HLS/2017.1/common/technology/xilinx/interface/xilinx_interface.lib 
INFO: [HLS 200-100] Execute           source C:/Xilinx/Vivado_HLS/2017.1/common/technology/xilinx/interface/plb46.lib 
INFO: [HLS 200-100] Command           ap_source returned 0; 0.001 sec.
INFO: [HLS 200-100] Execute           source C:/Xilinx/Vivado_HLS/2017.1/common/technology/xilinx/interface/fsl.lib 
INFO: [HLS 200-100] Command           ap_source returned 0; 0 sec.
INFO: [HLS 200-100] Execute           source C:/Xilinx/Vivado_HLS/2017.1/common/technology/xilinx/interface/axi4.lib 
INFO: [HLS 200-100] Command           ap_source returned 0; 0.001 sec.
INFO: [HLS 200-100] Execute           source C:/Xilinx/Vivado_HLS/2017.1/common/technology/xilinx/interface/maxi.lib 
INFO: [HLS 200-100] Command           ap_source returned 0; 0 sec.
INFO: [HLS 200-100] Execute           source C:/Xilinx/Vivado_HLS/2017.1/common/technology/xilinx/interface/saxilite.lib 
INFO: [HLS 200-100] Command           ap_source returned 0; 0 sec.
INFO: [HLS 200-100] Command         ap_source returned 0; 0.003 sec.
INFO: [HLS 200-100] Execute         source C:/Xilinx/Vivado_HLS/2017.1/common/technology/xilinx/common/dsp48.lib 
INFO: [HLS 200-100] Command         ap_source returned 0; 0 sec.
INFO: [HLS 200-100] Execute         source C:/Xilinx/Vivado_HLS/2017.1/common/technology/xilinx/ip/dds_compiler.lib 
INFO: [HLS 200-100] Command         ap_source returned 0; 0 sec.
INFO: [HLS 200-100] Execute         source C:/Xilinx/Vivado_HLS/2017.1/common/technology/xilinx/ip/xfft.lib 
INFO: [HLS 200-100] Command         ap_source returned 0; 0.001 sec.
INFO: [HLS 200-100] Execute         source C:/Xilinx/Vivado_HLS/2017.1/common/technology/xilinx/ip/xfir.lib 
INFO: [HLS 200-100] Command         ap_source returned 0; 0 sec.
INFO: [HLS 200-100] Command       ap_source returned 0; 0.007 sec.
INFO: [HLS 200-100] Execute       source C:/Xilinx/Vivado_HLS/2017.1/common/technology/xilinx/common/xilinx_old.lib 
INFO: [HLS 200-100] Command       ap_source returned 0; 0.001 sec.
INFO: [HLS 200-100] Execute       source C:/Xilinx/Vivado_HLS/2017.1/common/technology/xilinx/common/xilinx_vivado.lib 
INFO: [HLS 200-100] Command       ap_source returned 0; 0.001 sec.
INFO: [HLS 200-100] Execute       source C:/Xilinx/Vivado_HLS/2017.1/common/technology/xilinx/common/xilinx.hlp 
INFO: [HLS 200-100] Execute         source C:/Xilinx/Vivado_HLS/2017.1/common/technology/xilinx/common/target_info.tcl 
INFO: [HLS 200-100] Command         ap_source returned 0; 0 sec.
INFO: [HLS 200-100] Execute         source C:/Xilinx/Vivado_HLS/2017.1/common/technology/xilinx/interface/xilinx_interface.hlp 
INFO: [HLS 200-100] Execute           source C:/Xilinx/Vivado_HLS/2017.1/common/technology/xilinx/interface/maxi.hlp 
INFO: [HLS 200-100] Command           ap_source returned 0; 0 sec.
INFO: [HLS 200-100] Execute           source C:/Xilinx/Vivado_HLS/2017.1/common/technology/xilinx/interface/saxilite.hlp 
INFO: [HLS 200-100] Command           ap_source returned 0; 0 sec.
INFO: [HLS 200-100] Command         ap_source returned 0; 0 sec.
INFO: [HLS 200-100] Execute         source C:/Xilinx/Vivado_HLS/2017.1/common/technology/xilinx/common/dsp48.hlp 
INFO: [HLS 200-100] Command         ap_source returned 0; 0.001 sec.
INFO: [HLS 200-100] Command       ap_source returned 0; 0.004 sec.
INFO: [HLS 200-100] Execute       source C:/Xilinx/Vivado_HLS/2017.1/common/technology/xilinx/zynq/dsp48e1.hlp 
INFO: [HLS 200-100] Command       ap_source returned 0; 0 sec.
INFO: [HLS 200-100] Execute       get_default_platform 
INFO: [HLS 200-100] Command       get_default_platform returned 0; 0.001 sec.
INFO: [HLS 200-100] Execute       config_chip_info -quiet -resource  {SLICE 13300}  {LUT 53200}     {FF 106400} {DSP48E 220}   {BRAM 280}  
INFO: [HLS 200-100] Command       config_chip_info returned 0; 0 sec.
INFO: [HLS 200-100] Execute       config_chip_info -quiet -speed medium 
INFO: [HLS 200-100] Command       config_chip_info returned 0; 0 sec.
INFO: [HLS 200-100] Execute       source C:/Xilinx/Vivado_HLS/2017.1/common/technology/xilinx/common/xilinx.hlp 
INFO: [HLS 200-100] Execute         source C:/Xilinx/Vivado_HLS/2017.1/common/technology/xilinx/common/target_info.tcl 
INFO: [HLS 200-100] Command         ap_source returned 0; 0.01 sec.
INFO: [HLS 200-100] Execute         source C:/Xilinx/Vivado_HLS/2017.1/common/technology/xilinx/interface/xilinx_interface.hlp 
INFO: [HLS 200-100] Execute           source C:/Xilinx/Vivado_HLS/2017.1/common/technology/xilinx/interface/maxi.hlp 
INFO: [HLS 200-100] Command           ap_source returned 0; 0 sec.
INFO: [HLS 200-100] Execute           source C:/Xilinx/Vivado_HLS/2017.1/common/technology/xilinx/interface/saxilite.hlp 
INFO: [HLS 200-100] Command           ap_source returned 0; 0 sec.
INFO: [HLS 200-100] Command         ap_source returned 0; 0.001 sec.
INFO: [HLS 200-100] Execute         source C:/Xilinx/Vivado_HLS/2017.1/common/technology/xilinx/common/dsp48.hlp 
INFO: [HLS 200-100] Command         ap_source returned 0; 0.001 sec.
INFO: [HLS 200-100] Command       ap_source returned 0; 0.014 sec.
INFO: [HLS 200-100] Command     import_lib returned 0; 0.037 sec.
INFO: [HLS 200-100] Execute     source C:/Xilinx/Vivado_HLS/2017.1/common/technology/xilinx/zynq/zynq.gen 
INFO: [HLS 200-100] Execute       source C:/Xilinx/Vivado_HLS/2017.1/common/technology/xilinx/common/virtex.gen 
INFO: [HLS 200-100] Execute         source C:/Xilinx/Vivado_HLS/2017.1/common/technology/xilinx/common/xilinx.gen 
INFO: [HLS 200-100] Execute           source C:/Xilinx/Vivado_HLS/2017.1/common/technology/xilinx/interface/plb46.gen 
INFO: [HLS 200-100] Command           ap_source returned 0; 0.001 sec.
INFO: [HLS 200-100] Execute           source C:/Xilinx/Vivado_HLS/2017.1/common/technology/xilinx/interface/fsl.gen 
INFO: [HLS 200-100] Command           ap_source returned 0; 0.001 sec.
INFO: [HLS 200-100] Execute           source C:/Xilinx/Vivado_HLS/2017.1/common/technology/xilinx/interface/axi4.gen 
INFO: [HLS 200-100] Command           ap_source returned 0; 0.002 sec.
INFO: [HLS 200-100] Execute           source C:/Xilinx/Vivado_HLS/2017.1/common/technology/xilinx/interface/nativeAXI4.gen 
INFO: [HLS 200-100] Execute             source C:/Xilinx/Vivado_HLS/2017.1/common/technology/xilinx/interface/saxilite.gen 
INFO: [HLS 200-100] Command             ap_source returned 0; 0.003 sec.
INFO: [HLS 200-100] Execute             source C:/Xilinx/Vivado_HLS/2017.1/common/technology/xilinx/interface/maxi.gen 
INFO: [HLS 200-100] Command             ap_source returned 0; 0.008 sec.
INFO: [HLS 200-100] Command           ap_source returned 0; 0.014 sec.
INFO: [HLS 200-100] Execute           source C:/Xilinx/Vivado_HLS/2017.1/common/technology/xilinx/scripts/xilinxcoregen.gen 
INFO: [HLS 200-100] Command           ap_source returned 0; 0.011 sec.
INFO: [HLS 200-100] Execute           source C:/Xilinx/Vivado_HLS/2017.1/common/technology/xilinx/interface/XilEDKCoreGen.gen 
INFO: [HLS 200-100] Command           ap_source returned 0; 0.009 sec.
INFO: [HLS 200-100] Execute           source C:/Xilinx/Vivado_HLS/2017.1/common/technology/xilinx/ip/dds_compiler.gen 
INFO: [HLS 200-100] Command           ap_source returned 0; 0.003 sec.
INFO: [HLS 200-100] Execute           source C:/Xilinx/Vivado_HLS/2017.1/common/technology/xilinx/ip/util.gen 
INFO: [HLS 200-100] Command           ap_source returned 0; 0.001 sec.
INFO: [HLS 200-100] Execute           source C:/Xilinx/Vivado_HLS/2017.1/common/technology/xilinx/ip/xfft.gen 
INFO: [HLS 200-100] Command           ap_source returned 0; 0.116 sec.
INFO: [HLS 200-100] Execute           source C:/Xilinx/Vivado_HLS/2017.1/common/technology/xilinx/ip/xfir.gen 
INFO: [HLS 200-100] Command           ap_source returned 0; 0.001 sec.
INFO: [HLS 200-100] Command         ap_source returned 0; 0.162 sec.
INFO: [HLS 200-100] Execute         source C:/Xilinx/Vivado_HLS/2017.1/common/technology/xilinx/common/dsp48.gen 
INFO: [HLS 200-100] Command         ap_source returned 0; 0.001 sec.
INFO: [HLS 200-100] Command       ap_source returned 0; 0.166 sec.
INFO: [HLS 200-100] Command     ap_source returned 0; 0.167 sec.
INFO: [HLS 200-100] Execute     open_platform DefaultPlatform 
INFO: [HLS 200-100] Command     open_platform returned 0; 0 sec.
INFO: [HLS 200-100] Execute     import_lib C:/Xilinx/Vivado_HLS/2017.1/common/technology/xilinx/zynq/zynq_fpv6 
INFO: [HLS 200-100] Execute       source C:/Xilinx/Vivado_HLS/2017.1/common/technology/xilinx/common/xilinx_fpv7.lib 
INFO: [HLS 200-100] Execute         source C:/Xilinx/Vivado_HLS/2017.1/common/technology/xilinx/common/xilinx_hp.lib 
INFO: [HLS 200-100] Command         ap_source returned 0; 0.001 sec.
INFO: [HLS 200-100] Command       ap_source returned 0; 0.004 sec.
INFO: [HLS 200-100] Execute       source C:/Xilinx/Vivado_HLS/2017.1/common/technology/xilinx/common/xilinx_fpv.hlp 
INFO: [HLS 200-100] Execute         source C:/Xilinx/Vivado_HLS/2017.1/common/technology/xilinx/common/xilinx.hlp 
INFO: [HLS 200-100] Execute           source C:/Xilinx/Vivado_HLS/2017.1/common/technology/xilinx/common/target_info.tcl 
INFO: [HLS 200-100] Command           ap_source returned 0; 0.004 sec.
INFO: [HLS 200-100] Execute           source C:/Xilinx/Vivado_HLS/2017.1/common/technology/xilinx/interface/xilinx_interface.hlp 
INFO: [HLS 200-100] Execute             source C:/Xilinx/Vivado_HLS/2017.1/common/technology/xilinx/interface/maxi.hlp 
INFO: [HLS 200-100] Command             ap_source returned 0; 0 sec.
INFO: [HLS 200-100] Execute             source C:/Xilinx/Vivado_HLS/2017.1/common/technology/xilinx/interface/saxilite.hlp 
INFO: [HLS 200-100] Command             ap_source returned 0; 0 sec.
INFO: [HLS 200-100] Command           ap_source returned 0; 0.002 sec.
INFO: [HLS 200-100] Execute           source C:/Xilinx/Vivado_HLS/2017.1/common/technology/xilinx/common/dsp48.hlp 
INFO: [HLS 200-100] Command           ap_source returned 0; 0.001 sec.
INFO: [HLS 200-100] Command         ap_source returned 0; 0.009 sec.
INFO: [HLS 200-100] Command       ap_source returned 0; 0.009 sec.
INFO: [HLS 200-100] Execute       source C:/Xilinx/Vivado_HLS/2017.1/common/technology/xilinx/zynq/zynq_hp.hlp 
INFO: [HLS 200-100] Command       ap_source returned 0; 0.002 sec.
INFO: [HLS 200-100] Command     import_lib returned 0; 0.026 sec.
INFO: [HLS 200-100] Execute     source C:/Xilinx/Vivado_HLS/2017.1/common/technology/xilinx/zynq/zynq_fpv6.gen 
INFO: [HLS 200-100] Execute       source C:/Xilinx/Vivado_HLS/2017.1/common/technology/xilinx/common/xilinx_fpv6.gen 
INFO: [HLS 200-100] Command       ap_source returned 0; 0.002 sec.
INFO: [HLS 200-100] Command     ap_source returned 0; 0.002 sec.
INFO: [HLS 200-100] Execute     set_part xc7z020clg484-1 
INFO: [HLS 200-100] Execute       add_library xilinx/zynq/zynq:xc7z020:clg484:-1 
INFO: [HLS 200-100] Execute         get_default_platform 
INFO: [HLS 200-100] Command         get_default_platform returned 0; 0 sec.
INFO: [HLS 200-100] Execute         license_isbetapart xc7z020 
INFO: [HLS 200-100] Command         license_isbetapart returned 1; 0.018 sec.
INFO: [HLS 200-100] Execute         get_default_platform 
INFO: [HLS 200-100] Command         get_default_platform returned 0; 0 sec.
INFO: [HLS 200-100] Execute         config_chip_info -quiet -resource  {SLICE 13300}  {LUT 53200}     {FF 106400} {DSP48E 220}   {BRAM 280}  
INFO: [HLS 200-100] Command         config_chip_info returned 0; 0 sec.
INFO: [HLS 200-100] Execute         config_chip_info -quiet -speed slow 
INFO: [HLS 200-100] Command         config_chip_info returned 0; 0 sec.
INFO: [HLS 200-100] Command       add_library returned 0; 0.035 sec.
INFO: [HLS 200-100] Execute       add_library xilinx/zynq/zynq_fpv6 
INFO: [HLS 200-100] Execute         get_default_platform 
INFO: [HLS 200-100] Command         get_default_platform returned 0; 0 sec.
INFO: [HLS 200-100] Command       add_library returned 0; 0.003 sec.
INFO: [HLS 200-10] Setting target device to 'xc7z020clg484-1'
INFO: [HLS 200-100] Execute       get_default_platform 
INFO: [HLS 200-100] Command       get_default_platform returned 0; 0 sec.
INFO: [HLS 200-100] Command     set_part returned 0; 0.08 sec.
INFO: [HLS 200-100] Execute     get_default_platform 
INFO: [HLS 200-100] Command     get_default_platform returned 0; 0 sec.
INFO: [HLS 200-100] Execute     config_chip_info -quiet -resource  {SLICE 13300}  {LUT 53200}     {FF 106400} {DSP48E 220}   {BRAM 280}  
INFO: [HLS 200-100] Command     config_chip_info returned 0; 0 sec.
INFO: [HLS 200-100] Execute     config_chip_info -quiet -speed slow 
INFO: [HLS 200-100] Command     config_chip_info returned 0; 0 sec.
INFO: [HLS 200-100] Command   open_solution returned 0; 0.35 sec.
INFO: [HLS 200-100] Execute   set_part xc7z020clg484-1 -tool vivado 
INFO: [HLS 200-100] Execute     add_library xilinx/zynq/zynq:xc7z020:clg484:-1 
INFO: [HLS 200-100] Execute       get_default_platform 
INFO: [HLS 200-100] Command       get_default_platform returned 0; 0 sec.
INFO: [HLS 200-100] Execute       license_isbetapart xc7z020 
INFO: [HLS 200-100] Command       license_isbetapart returned 1; 0.001 sec.
INFO: [HLS 200-100] Execute       get_default_platform 
INFO: [HLS 200-100] Command       get_default_platform returned 0; 0 sec.
INFO: [HLS 200-100] Execute       config_chip_info -quiet -resource  {SLICE 13300}  {LUT 53200}     {FF 106400} {DSP48E 220}   {BRAM 280}  
INFO: [HLS 200-100] Command       config_chip_info returned 0; 0 sec.
INFO: [HLS 200-100] Execute       config_chip_info -quiet -speed slow 
INFO: [HLS 200-100] Command       config_chip_info returned 0; 0 sec.
INFO: [HLS 200-100] Command     add_library returned 0; 0.01 sec.
INFO: [HLS 200-100] Execute     add_library xilinx/zynq/zynq_fpv6 
INFO: [HLS 200-100] Execute       get_default_platform 
INFO: [HLS 200-100] Command       get_default_platform returned 0; 0 sec.
INFO: [HLS 200-100] Command     add_library returned 0; 0.002 sec.
INFO: [HLS 200-100] Execute     get_default_platform 
INFO: [HLS 200-100] Command     get_default_platform returned 0; 0 sec.
INFO: [HLS 200-100] Command   set_part returned 0; 0.065 sec.
INFO: [HLS 200-100] Execute   create_clock -period 10 -name default 
INFO: [HLS 200-100] Execute     config_clock -quiet -name default -period 10 -default=false 
INFO: [SYN 201-201] Setting up clock 'default' with a period of 10ns.
INFO: [HLS 200-100] Command     config_clock returned 0; 0 sec.
INFO: [HLS 200-100] Command   create_clock returned 0; 0.008 sec.
INFO: [HLS 200-100] Execute   csynth_design 
INFO: [HLS 200-100] Execute     elaborate -effort=medium -skip_syncheck=0 -keep_printf=0 -lm=0 -skip_cdt=0 -skip_transform=0 -ng=0 -g=0 -opt_fp=0 
INFO: [HLS 200-10] Analyzing design file 'IP_2.1_arbitrary_precision.c' ... 
INFO: [HLS 200-0] Compiling one TU...
INFO: [HLS 200-100] Execute       is_m_axi_addr64 
INFO: [HLS 200-100] Command       is_m_axi_addr64 returned 0; 0 sec.
INFO: [HLS 200-0] Handling IP_2.1_arbitrary_precision.c as C
INFO: [HLS 200-0] Syntax Checking before pre-processing...
INFO: [HLS 200-100] Execute       clang  -fno-limit-debug-info -gcc-toolchain "C:/Xilinx/Vivado_HLS/2017.1/msys" -hls    -fno-math-errno -c -emit-llvm -O0  -mllvm -disable-llvm-optzns -std=gnu89   -DAESL_SYN -D__SYNTHESIS__ -D__HLS_SYN__ -I "C:/Xilinx/Vivado_HLS/2017.1/common/technology/autopilot" -I "C:/Xilinx/Vivado_HLS/2017.1/common/technology/autopilot/ap_sysc" -include etc/autopilot_ssdm_op.h -D__cdecl=  "IP_2.1_arbitrary_precision.c"  -o "C:/Embedded_Systems_Sobel_Filter_HLS/IP_2.1/2.1_arbitrary_precision/.autopilot/db/IP_2.1_arbitrary_precision.pp.00.o" 
INFO: [HLS 200-0] exec clang -fno-limit-debug-info -gcc-toolchain C:/Xilinx/Vivado_HLS/2017.1/msys -hls -fno-math-errno -c -emit-llvm -O0 -mllvm -disable-llvm-optzns -std=gnu89 -DAESL_SYN -D__SYNTHESIS__ -D__HLS_SYN__ -I C:/Xilinx/Vivado_HLS/2017.1/common/technology/autopilot -I C:/Xilinx/Vivado_HLS/2017.1/common/technology/autopilot/ap_sysc -include etc/autopilot_ssdm_op.h -D__cdecl= IP_2.1_arbitrary_precision.c -o C:/Embedded_Systems_Sobel_Filter_HLS/IP_2.1/2.1_arbitrary_precision/.autopilot/db/IP_2.1_arbitrary_precision.pp.00.o
INFO: [HLS 200-100] Command       clang returned 0; 0.295 sec.
INFO: [HLS 200-100] Execute       is_encrypted C:/Embedded_Systems_Sobel_Filter_HLS/IP_2.1/2.1_arbitrary_precision/.autopilot/db/IP_2.1_arbitrary_precision.pp.00.o 
INFO: [HLS 200-100] Command       is_encrypted returned 0; 0 sec.
INFO: [HLS 200-0] Source preprocessing
INFO: [HLS 200-100] Execute       clang  -fno-limit-debug-info -gcc-toolchain "C:/Xilinx/Vivado_HLS/2017.1/msys" -hls -fno-exceptions  -D__llvm__  -CC -E "IP_2.1_arbitrary_precision.c"     -fno-math-errno -c -emit-llvm -O0  -mllvm -disable-llvm-optzns -std=gnu89   -DAESL_SYN -D__SYNTHESIS__ -D__HLS_SYN__ -I "C:/Xilinx/Vivado_HLS/2017.1/common/technology/autopilot" -I "C:/Xilinx/Vivado_HLS/2017.1/common/technology/autopilot/ap_sysc" -include etc/autopilot_ssdm_op.h -D__cdecl=  -o "C:/Embedded_Systems_Sobel_Filter_HLS/IP_2.1/2.1_arbitrary_precision/.autopilot/db/IP_2.1_arbitrary_precision.pp.0.c" 
INFO: [HLS 200-0] exec clang -fno-limit-debug-info -gcc-toolchain C:/Xilinx/Vivado_HLS/2017.1/msys -hls -fno-exceptions -D__llvm__ -CC -E IP_2.1_arbitrary_precision.c -fno-math-errno -c -emit-llvm -O0 -mllvm -disable-llvm-optzns -std=gnu89 -DAESL_SYN -D__SYNTHESIS__ -D__HLS_SYN__ -I C:/Xilinx/Vivado_HLS/2017.1/common/technology/autopilot -I C:/Xilinx/Vivado_HLS/2017.1/common/technology/autopilot/ap_sysc -include etc/autopilot_ssdm_op.h -D__cdecl= -o C:/Embedded_Systems_Sobel_Filter_HLS/IP_2.1/2.1_arbitrary_precision/.autopilot/db/IP_2.1_arbitrary_precision.pp.0.c
INFO: [HLS 200-100] Command       clang returned 0; 0.258 sec.
INFO: [HLS 200-0] GCC PP time: 0 seconds per iteration
INFO: [HLS 200-100] Execute       list_core -type functional_unit 
INFO: [HLS 200-100] Command       list_core returned 0; 0 sec.
INFO: [HLS 200-0] CDT Preprocessing...
INFO: [HLS 200-0] Marker-Pragma convertor: C:/Embedded_Systems_Sobel_Filter_HLS/IP_2.1/2.1_arbitrary_precision/.autopilot/db/IP_2.1_arbitrary_precision.pp.0.c C:/Embedded_Systems_Sobel_Filter_HLS/IP_2.1/2.1_arbitrary_precision/.autopilot/db/IP_2.1_arbitrary_precision.pp.0.c.ap-line.c C:/Embedded_Systems_Sobel_Filter_HLS/IP_2.1/2.1_arbitrary_precision/.autopilot/db/IP_2.1_arbitrary_precision.pp.0.c.ap-line.c.CXX 1
INFO: [HLS 200-0] Converting Markers to Pragmas...
INFO: [HLS 200-100] Execute       cdt  "C:/Embedded_Systems_Sobel_Filter_HLS/IP_2.1/2.1_arbitrary_precision/.autopilot/db/IP_2.1_arbitrary_precision.pp.0.c.ap-line.c"  -m "sobel" -o "C:/Embedded_Systems_Sobel_Filter_HLS/IP_2.1/2.1_arbitrary_precision/.autopilot/db/IP_2.1_arbitrary_precision.pp.0.c.ap-cdt.c" -c --pp --directive C:/Embedded_Systems_Sobel_Filter_HLS/IP_2.1/2.1_arbitrary_precision/2.1_arbitrary_precision.directive --source C:/Embedded_Systems_Sobel_Filter_HLS/IP_2.1_arbitrary_precision.c --error C:/Embedded_Systems_Sobel_Filter_HLS/IP_2.1/2.1_arbitrary_precision/.autopilot/db --funcunit "AddSub AddSub_DSP AddSubnS DAddSub_fulldsp DAddSub_nodsp DDiv DExp_fulldsp DExp_meddsp DExp_nodsp DLog_fulldsp DLog_meddsp DLog_nodsp DMul_fulldsp DMul_maxdsp DMul_meddsp DMul_nodsp DRSqrt DRecip DSqrt DivnS FAddSub_fulldsp FAddSub_nodsp FDiv FExp_fulldsp FExp_meddsp FExp_nodsp FLog_fulldsp FLog_meddsp FLog_nodsp FMul_fulldsp FMul_maxdsp FMul_meddsp FMul_nodsp FRSqrt_fulldsp FRSqrt_nodsp FRecip_fulldsp FRecip_nodsp FSqrt HAddSub_fulldsp HAddSub_meddsp HAddSub_nodsp HDiv HMul_fulldsp HMul_maxdsp HMul_nodsp HSqrt Mul Mul2S Mul3S Mul4S Mul5S Mul6S Mul_LUT MulnS MuxnS" --ca --gf --pd --p2d C:/Embedded_Systems_Sobel_Filter_HLS/IP_2.1/2.1_arbitrary_precision/.autopilot/db --sd --scff C:/Embedded_Systems_Sobel_Filter_HLS/IP_2.1/2.1_arbitrary_precision/.autopilot/db/.systemc_flag --ad 
INFO: [HLS 200-100] Command       cdt returned 0; 1.347 sec.
INFO: [HLS 200-0] Marker-Pragma convertor: C:/Embedded_Systems_Sobel_Filter_HLS/IP_2.1/2.1_arbitrary_precision/.autopilot/db/IP_2.1_arbitrary_precision.pp.0.c.ap-cdt.c C:/Embedded_Systems_Sobel_Filter_HLS/IP_2.1/2.1_arbitrary_precision/.autopilot/db/IP_2.1_arbitrary_precision.pragma.0.c C:/Embedded_Systems_Sobel_Filter_HLS/IP_2.1/2.1_arbitrary_precision/.autopilot/db/IP_2.1_arbitrary_precision.pragma.0.c.ap-line.CXX 0
INFO: [HLS 200-0] Converting Pragmas to Markers...
INFO: [HLS 200-100] Execute       source C:/Embedded_Systems_Sobel_Filter_HLS/IP_2.1/2.1_arbitrary_precision/.autopilot/db/pragma.status.tcl 
INFO: [HLS 200-100] Command       ap_source returned 0; 0.001 sec.
INFO: [HLS 200-0] Pragma Handling...
INFO: [HLS 200-0] Source preprocessing
INFO: [HLS 200-100] Execute       clang  -fno-limit-debug-info -gcc-toolchain "C:/Xilinx/Vivado_HLS/2017.1/msys" -hls -fno-exceptions  -D__llvm__  -CC -E "C:/Embedded_Systems_Sobel_Filter_HLS/IP_2.1/2.1_arbitrary_precision/.autopilot/db/IP_2.1_arbitrary_precision.pragma.1.c"     -fno-math-errno -c -emit-llvm -O0  -mllvm -disable-llvm-optzns -std=gnu89   -DAESL_SYN -D__SYNTHESIS__ -D__HLS_SYN__ -I "C:/Xilinx/Vivado_HLS/2017.1/common/technology/autopilot" -I "C:/Xilinx/Vivado_HLS/2017.1/common/technology/autopilot/ap_sysc" -include etc/autopilot_ssdm_op.h -D__cdecl=  -o "C:/Embedded_Systems_Sobel_Filter_HLS/IP_2.1/2.1_arbitrary_precision/.autopilot/db/IP_2.1_arbitrary_precision.pragma.2.c" 
INFO: [HLS 200-0] exec clang -fno-limit-debug-info -gcc-toolchain C:/Xilinx/Vivado_HLS/2017.1/msys -hls -fno-exceptions -D__llvm__ -CC -E C:/Embedded_Systems_Sobel_Filter_HLS/IP_2.1/2.1_arbitrary_precision/.autopilot/db/IP_2.1_arbitrary_precision.pragma.1.c -fno-math-errno -c -emit-llvm -O0 -mllvm -disable-llvm-optzns -std=gnu89 -DAESL_SYN -D__SYNTHESIS__ -D__HLS_SYN__ -I C:/Xilinx/Vivado_HLS/2017.1/common/technology/autopilot -I C:/Xilinx/Vivado_HLS/2017.1/common/technology/autopilot/ap_sysc -include etc/autopilot_ssdm_op.h -D__cdecl= -o C:/Embedded_Systems_Sobel_Filter_HLS/IP_2.1/2.1_arbitrary_precision/.autopilot/db/IP_2.1_arbitrary_precision.pragma.2.c
INFO: [HLS 200-100] Command       clang returned 0; 0.234 sec.
INFO: [HLS 200-0] Processing labels
INFO: [HLS 200-100] Execute       clang  -fno-limit-debug-info -gcc-toolchain C:/Xilinx/Vivado_HLS/2017.1/msys -hls -hls-analyze-label -hls-analyze-pragma -fno-exceptions  -D__llvm__  -w  "C:/Embedded_Systems_Sobel_Filter_HLS/IP_2.1/2.1_arbitrary_precision/.autopilot/db/IP_2.1_arbitrary_precision.pragma.2.c"    -fno-math-errno -c -emit-llvm -O0  -mllvm -disable-llvm-optzns -std=gnu89  -DAESL_SYN -D__SYNTHESIS__ -D__HLS_SYN__ -I "C:/Xilinx/Vivado_HLS/2017.1/common/technology/autopilot" -I "C:/Xilinx/Vivado_HLS/2017.1/common/technology/autopilot/ap_sysc" -include etc/autopilot_ssdm_op.h -g -o "C:/Embedded_Systems_Sobel_Filter_HLS/IP_2.1/2.1_arbitrary_precision/.autopilot/db/IP_2.1_arbitrary_precision.g.bc" 
INFO: [HLS 200-0] exec clang -fno-limit-debug-info -gcc-toolchain C:/Xilinx/Vivado_HLS/2017.1/msys -hls -hls-analyze-label -hls-analyze-pragma -fno-exceptions -D__llvm__ -w C:/Embedded_Systems_Sobel_Filter_HLS/IP_2.1/2.1_arbitrary_precision/.autopilot/db/IP_2.1_arbitrary_precision.pragma.2.c -fno-math-errno -c -emit-llvm -O0 -mllvm -disable-llvm-optzns -std=gnu89 -DAESL_SYN -D__SYNTHESIS__ -D__HLS_SYN__ -I C:/Xilinx/Vivado_HLS/2017.1/common/technology/autopilot -I C:/Xilinx/Vivado_HLS/2017.1/common/technology/autopilot/ap_sysc -include etc/autopilot_ssdm_op.h -g -o C:/Embedded_Systems_Sobel_Filter_HLS/IP_2.1/2.1_arbitrary_precision/.autopilot/db/IP_2.1_arbitrary_precision.g.bc
INFO: [HLS 200-100] Command       clang returned 0; 0.239 sec.
INFO: [HLS 200-10] Validating synthesis directives ...
INFO: [HLS 200-100] Execute       source C:/Embedded_Systems_Sobel_Filter_HLS/IP_2.1/2.1_arbitrary_precision/.autopilot/db/pragma.status.tcl 
INFO: [HLS 200-100] Command       ap_source returned 0; 0.001 sec.
INFO: [HLS 200-111] Finished Checking Pragmas Time (s): cpu = 00:00:01 ; elapsed = 00:00:04 . Memory (MB): peak = 95.340 ; gain = 45.699
INFO: [HLS 200-0] Linking Release ...
INFO: [HLS 200-100] Execute       llvm-ld C:/Embedded_Systems_Sobel_Filter_HLS/IP_2.1/2.1_arbitrary_precision/.autopilot/db/IP_2.1_arbitrary_precision.bc -disable-opt -LC:/Xilinx/Vivado_HLS/2017.1/win64/lib -lm_basic -o C:/Embedded_Systems_Sobel_Filter_HLS/IP_2.1/2.1_arbitrary_precision/.autopilot/db/a.o 
INFO: [HLS 200-100] Command       llvm-ld returned 0; 0.178 sec.
INFO: [HLS 200-100] Execute       disassemble C:/Embedded_Systems_Sobel_Filter_HLS/IP_2.1/2.1_arbitrary_precision/.autopilot/db/a.o C:/Embedded_Systems_Sobel_Filter_HLS/IP_2.1/2.1_arbitrary_precision/.autopilot/db/a.o 
INFO: [HLS 200-100] Execute         is_encrypted C:/Embedded_Systems_Sobel_Filter_HLS/IP_2.1/2.1_arbitrary_precision/.autopilot/db/a.o.bc 
INFO: [HLS 200-100] Command         is_encrypted returned 0; 0.001 sec.
INFO: [HLS 200-100] Command       disassemble returned 0; 0.023 sec.
INFO: [HLS 200-0] Disassemble time: 0 seconds per iteration
INFO: [HLS 200-0] Linking Debug ...
INFO: [HLS 200-100] Execute       llvm-ld C:/Embedded_Systems_Sobel_Filter_HLS/IP_2.1/2.1_arbitrary_precision/.autopilot/db/IP_2.1_arbitrary_precision.g.bc -disable-opt -LC:/Xilinx/Vivado_HLS/2017.1/win64/lib -lm_basic -o C:/Embedded_Systems_Sobel_Filter_HLS/IP_2.1/2.1_arbitrary_precision/.autopilot/db/a.g 
INFO: [HLS 200-100] Command       llvm-ld returned 0; 0.167 sec.
INFO: [HLS 200-100] Execute       disassemble C:/Embedded_Systems_Sobel_Filter_HLS/IP_2.1/2.1_arbitrary_precision/.autopilot/db/a.g C:/Embedded_Systems_Sobel_Filter_HLS/IP_2.1/2.1_arbitrary_precision/.autopilot/db/a.g 
INFO: [HLS 200-100] Execute         is_encrypted C:/Embedded_Systems_Sobel_Filter_HLS/IP_2.1/2.1_arbitrary_precision/.autopilot/db/a.g.bc 
INFO: [HLS 200-100] Command         is_encrypted returned 0; 0 sec.
INFO: [HLS 200-100] Command       disassemble returned 0; 0.023 sec.
INFO: [HLS 200-0] Disassemble time: 0 seconds per iteration
INFO: [HLS 200-111] Finished Linking Time (s): cpu = 00:00:01 ; elapsed = 00:00:04 . Memory (MB): peak = 95.430 ; gain = 45.789
INFO: [HLS 200-100] Execute       opt_and_import_c a -opt_level=2 -skip_syncheck=0 -ng=0 -keep_printf=0 
INFO: [HLS 200-100] Execute         cleanup_all_models 
INFO: [HLS 200-100] Command         cleanup_all_models returned 0; 0 sec.
INFO: [HLS 200-10] Starting code transformations ...
INFO: [HLS 200-100] Execute         transform -promote-dbg-pointer C:/Embedded_Systems_Sobel_Filter_HLS/IP_2.1/2.1_arbitrary_precision/.autopilot/db/a.pp.bc -o C:/Embedded_Systems_Sobel_Filter_HLS/IP_2.1/2.1_arbitrary_precision/.autopilot/db/a.pp.0.bc -f 
INFO: [HLS 200-100] Command         transform returned 0; 0.004 sec.
INFO: [HLS 200-100] Execute         llvm-ld C:/Embedded_Systems_Sobel_Filter_HLS/IP_2.1/2.1_arbitrary_precision/.autopilot/db/a.pp.0.bc -disable-opt -LC:/Xilinx/Vivado_HLS/2017.1/win64/lib -lfloatconversion -o C:/Embedded_Systems_Sobel_Filter_HLS/IP_2.1/2.1_arbitrary_precision/.autopilot/db/a.g.0 
INFO: [HLS 200-0] WARNING: Linking two modules of different data layouts!
WARNING: Linking two modules of different target triples: C:/Xilinx/Vivado_HLS/2017.1/win64/lib/libfloatconversion.a(r:/builds/2017.1/nightly/2017_04_14_1846317/build/win64.o/products/hls/ext/hlslibm/lib_floatconversion.pragma.o): 'x86_64-w64-mingw32' and 'i686-pc-mingw32'
INFO: [HLS 200-100] Command         llvm-ld returned 0; 8.008 sec.
INFO: [HLS 200-0] Running Standard Transforms...
INFO: [HLS 200-100] Execute         transform -hls -share-std-xform -demangle-name -inline-byval-memcpy -always-inline -promote-dbg-pointer -interface-preproc -scalarrepl -mem2reg -keep-read-access -instcombine -dce -promote-dbg-pointer -bitop-raise -loop-simplify -indvarspre -indvars -loop-simplify -xunroll -constprop -instcombine -simplifycfg -indvars -simplifycfg -dce -globaldce -basicaa -simplifycfg -mem2reg -globalopt -global-constprop -deadargelim -instcombine -simplifycfg -prune-eh -simplifycfg -scalarrepl -instcombine -reassociate -licm -simplifycfg -loop-simplify -indvars -instcombine -simplifycfg -mem2reg -loop-simplify -indvars -instcombine -gvn -gvn -instcombine -adce -break-crit-edges -simplifycfg -loop-delete -global-array-opt -dce -dse -adce -find-syn-modules -top sobel -deadargelim -mem2reg -instcombine -dce -presyn-prepare -auto-rom-infer -interface-preproc -syn-check -check-rec-only -find-region -simplifycfg -func-extr -function-inline -globaldce -mem2reg -instcombine -dce -gvn -globaldce -adce -adse -constprop -instcombine -bit-constprop -instcombine -dce -simplifycfg -bitop-raise -simplifycfg -dce -loop-delete -reassociate -globalopt -global-privatize -mem2reg -dce -global-constprop -pointer-simplify -constprop -dce -func-inst -deadargelim -auto-shift-reg-idiom -promote-dbg-pointer -norm-name C:/Embedded_Systems_Sobel_Filter_HLS/IP_2.1/2.1_arbitrary_precision/.autopilot/db/a.g.0.bc -o C:/Embedded_Systems_Sobel_Filter_HLS/IP_2.1/2.1_arbitrary_precision/.autopilot/db/a.g.1.bc -f -phase std-opt 
INFO: [XFORM 203-603] Inlining function 'ap_fixed_base<121, 68, false, (ap_q_mode)5, (ap_o_mode)3, 0>::operator<<' into 'hls::cast_IEEE754<unsigned short, (ap_q_mode)6, double>' (r:/builds/2017.1/nightly/2017_04_14_1846317/src/products/hls/hls_lib/src/hls/hls_round.h:485).
INFO: [XFORM 203-603] Inlining function 'ap_fixed_base<1, 17, false, (ap_q_mode)5, (ap_o_mode)0, 0>::overflow_adjust' into 'ap_fixed_base<1, 17, false, (ap_q_mode)5, (ap_o_mode)0, 0>::ap_fixed_base<121, 68, false, (ap_q_mode)5, (ap_o_mode)3, 0>' ().
INFO: [HLS 200-100] Command         transform returned 0; 6.199 sec.
INFO: [HLS 200-100] Execute         disassemble C:/Embedded_Systems_Sobel_Filter_HLS/IP_2.1/2.1_arbitrary_precision/.autopilot/db/a.g.1 C:/Embedded_Systems_Sobel_Filter_HLS/IP_2.1/2.1_arbitrary_precision/.autopilot/db/a.g.1 
INFO: [HLS 200-100] Execute           is_encrypted C:/Embedded_Systems_Sobel_Filter_HLS/IP_2.1/2.1_arbitrary_precision/.autopilot/db/a.g.1.bc 
INFO: [HLS 200-100] Command           is_encrypted returned 0; 0 sec.
INFO: [HLS 200-100] Command         disassemble returned 0; 2.439 sec.
INFO: [HLS 200-111] Finished Standard Transforms Time (s): cpu = 00:00:07 ; elapsed = 00:00:21 . Memory (MB): peak = 410.000 ; gain = 360.359
INFO: [HLS 200-10] Checking synthesizability ...
INFO: [HLS 200-0] Checking Synthesizability 1/2..
INFO: [HLS 200-100] Execute         transform -hls -syn-check -check-rec-only -disaggr -scalarrepl -norm-name -dce -mem2reg -instcombine -function-uniquify -directive-preproc -mem2reg -dse -dce -auto-rom-infer -dce -array-normalize -instcombine -dce -warn-fifo-pointer -array-seg-normalize -instcombine -dce -array-flatten -instcombine -dce -array-burst -dce -deadargelim -promote-global-argument -simplifycfg -mem2reg -globaldce -resolve-double-ptr -dce -deadargelim -dce -instcombine -function-inline -globaldce -dce -doublePtrSimplify -doublePtrElim -dce -doublePtrSimplify -promote-dbg-pointer -dce -scalarrepl -dse -adse -instcombine -ptrLegalization -simplifycfg -dce -instcombine -pointer-simplify -ptrArgReplace -dce -instcombine -disaggr -scalarrepl -norm-name -dce -mem2reg -instcombine -ptrLegalization -simplifycfg -deadargelim -instcombine -dce -inst-simplify -function-uniquify -directive-preproc -mem2reg -dse -dce -globaldce C:/Embedded_Systems_Sobel_Filter_HLS/IP_2.1/2.1_arbitrary_precision/.autopilot/db/a.g.1.bc -o C:/Embedded_Systems_Sobel_Filter_HLS/IP_2.1/2.1_arbitrary_precision/.autopilot/db/a.g.2.prechk.bc -f 
INFO: [XFORM 203-602] Inlining function 'fp_struct<double>::mantissa' into 'hls::cast_IEEE754<unsigned short, (ap_q_mode)6, double>' (r:/builds/2017.1/nightly/2017_04_14_1846317/src/products/hls/hls_lib/src/hls/hls_round.h:482) automatically.
INFO: [XFORM 203-602] Inlining function 'fp_struct<double>::expv' into 'hls::cast_IEEE754<unsigned short, (ap_q_mode)6, double>' (r:/builds/2017.1/nightly/2017_04_14_1846317/src/products/hls/hls_lib/src/hls/hls_round.h:485) automatically.
INFO: [XFORM 203-602] Inlining function 'fp_struct<double>::__signbit' into 'hls::cast_IEEE754<unsigned short, (ap_q_mode)6, double>' (r:/builds/2017.1/nightly/2017_04_14_1846317/src/products/hls/hls_lib/src/hls/hls_round.h:505) automatically.
INFO: [XFORM 203-602] Inlining function 'hls::cast_IEEE754<unsigned short, (ap_q_mode)6, double>' into 'hls::cast_IEEE754<unsigned short, double>' (r:/builds/2017.1/nightly/2017_04_14_1846317/src/products/hls/hls_lib/src/hls/hls_round.h:523) automatically.
INFO: [XFORM 203-602] Inlining function 'hls::cast_IEEE754<unsigned short, double>' into '__hls_fptoui_double_i16' (r:/builds/2017.1/nightly/2017_04_14_1846317/src/products/hls/hls_lib/src/lib_floatconversion.cpp:60) automatically.
INFO: [XFORM 203-602] Inlining function '__hls_fptoui_double_i16' into 'sobel' (IP_2.1_arbitrary_precision.c:38) automatically.
INFO: [HLS 200-100] Command         transform returned 0; 1.547 sec.
INFO: [HLS 200-0] Checking Synthesizability 2/2..
INFO: [HLS 200-100] Execute         transform -syn-check C:/Embedded_Systems_Sobel_Filter_HLS/IP_2.1/2.1_arbitrary_precision/.autopilot/db/a.g.2.prechk.bc -o C:/Embedded_Systems_Sobel_Filter_HLS/IP_2.1/2.1_arbitrary_precision/.autopilot/db/a.g.2.bc -f -phase syn-check 
INFO: [HLS 200-100] Command         transform returned 0; 1.66 sec.
INFO: [HLS 200-111] Finished Checking Synthesizability Time (s): cpu = 00:00:10 ; elapsed = 00:00:24 . Memory (MB): peak = 546.809 ; gain = 497.168
INFO: [HLS 200-0] Compiler optimizing ...
INFO: [HLS 200-0] Share syncheck's 1.bc for syn flow: copy C:/Embedded_Systems_Sobel_Filter_HLS/IP_2.1/2.1_arbitrary_precision/.autopilot/db/a.g.1.bc to C:/Embedded_Systems_Sobel_Filter_HLS/IP_2.1/2.1_arbitrary_precision/.autopilot/db/a.o.1.bc
INFO: [HLS 200-0] Presyn 1...
INFO: [HLS 200-100] Execute         transform -hls -tmp C:/Embedded_Systems_Sobel_Filter_HLS/IP_2.1/2.1_arbitrary_precision/.autopilot/db -interface-port-rename -type-info -function-uniquify -directive-preproc -mem2reg -dse -dce -disaggr -scalarrepl -norm-name -deadargelim -mem2reg -instcombine -dce -auto-rom-infer -dce -function-uniquify -resource-proc -simplifycfg -mem2reg -globaldce -resolve-double-ptr -dce -deadargelim -dce -instcombine -clib-intrinsic-prepare -dce -func-buffer -dce -array-normalize -func-legal -instcombine -gvn -constprop -dce -ptrArgReplace -mem2reg -instcombine -dce -array-seg-normalize -deadargelim -instcombine -dce -pointer-simplify -dce -port-alignment -dce -interface-preproc -data-pack -instcombine -dce -basicaa -aggr-aa -aggrmodref-aa -aggr-aa -gvn -gvn -basicaa -aggr-aa -aggrmodref-aa -aggr-aa -dse -adse -adce -loop-simplify -indvars -instcombine -gvn -loop-simplify -mem2reg -dce -simplifycfg -find-region -instcombine -auto-loop-pipeline -inst-simplify -interface-preproc -cfgopt -instcombine -indvars -auto-loop-unroll -loop-simplify -loop-bound -xunroll -constprop -instcombine -simplifycfg -indvars -simplifycfg -dce -globaldce -clean-region -attach-range -gvn -inst-simplify -constprop -simplifycfg -dce -pointer-simplify -dce -globalopt -constprop -dce -array-promote -constprop -instcombine -dce -ptrArgReplace -mem2reg -instcombine -simplifycfg -dce -auto-par -instcombine -dce -array-transform-check -array-reshape -instcombine -simplifycfg -dce -ptrArgReplace -deadargelim -mem2reg -instcombine -simplifycfg -dce -indvars -loop-simplify -loop-bound -xunroll -constprop -instcombine -simplifycfg -indvars -simplifycfg -dce -globaldce -duplicate-dataflow-processes -globaldce -instcombine -array-partition -instcombine -simplifycfg -dce -ptrArgReplace -global-constprop -deadargelim -mem2reg -func-legal -instcombine -dce -global-constprop -deadargelim -mem2reg -instcombine -simplifycfg -dce -globalopt -constprop -dce -array-promote -constprop -instcombine -dce -ptrArgReplace -mem2reg -instcombine -simplifycfg -dce -mem-intrinsic-preproc -dce -global-privatize -mem2reg -globaldce -promote-global-argument -ptrArgReplace -mem2reg -instcombine -dce -globalopt -mergereturn -simplify-global-access -mem2reg -dce -pointer-simplify -dce -functionattrs -basicaa -aggr-aa -aggrmodref-aa -aggr-aa -gvn -gvn -basicaa -aggr-aa -aggrmodref-aa -aggr-aa -dse -adse -adce -inst-simplify -dce -norm-name -function-inline -globaldce -func-inst -constprop -instcombine -simplifycfg -dce -func-legal -dce -loop-bound -arraycheck -bitwidthmin -on-by-dataflow -loop-delete -instcombine -simplifycfg -globaldce -dce -gvn -deadargelim -dce -loop-simplify -clean-region -simplifycfg -propagate-stable-arguments -loop-stream -instcombine -simplifycfg -dce -globaldce -stream-intrinsic-preproc -dce -check-ap-stream -loop-simplify -eliminate-keepreads -extract-dataflow-in-loop -loop-simplify -dce -gvn -deadargelim -dse -check-dataflow-syntax -legalize-stream-variable -legalize-global -extract-subproc -dce -dead-channel-elimination -canonicalize-gep -globaldce -dce -gvn -deadargelim -annotate-dataflow-channels -scalar-propagation -deadargelim -globaldce -mem2reg -check-dataflow-channels -function-stream -dce -globaldce -prop-fifo-spec -internal-stream-gen -canonicalize-gep -globaldce -dce -gvn -deadargelim -mergereturn -indvars -loop-simplify -instcombine -array-stream -array-seg-normalize -array-partition -func-legal -instcombine -simplifycfg -dce -bundle-memfifo-ops -deadargelim -function-uniquify -directive-preproc -mem2reg -dse -dce -group-axi-access -licm -simplifycfg -dce -loop-delete -norm-name C:/Embedded_Systems_Sobel_Filter_HLS/IP_2.1/2.1_arbitrary_precision/.autopilot/db/a.o.1.bc -o C:/Embedded_Systems_Sobel_Filter_HLS/IP_2.1/2.1_arbitrary_precision/.autopilot/db/a.o.1.tmp.bc -f 
INFO: [XFORM 203-602] Inlining function 'fp_struct<double>::mantissa' into 'hls::cast_IEEE754<unsigned short, (ap_q_mode)6, double>' (r:/builds/2017.1/nightly/2017_04_14_1846317/src/products/hls/hls_lib/src/hls/hls_round.h:482) automatically.
INFO: [XFORM 203-602] Inlining function 'fp_struct<double>::expv' into 'hls::cast_IEEE754<unsigned short, (ap_q_mode)6, double>' (r:/builds/2017.1/nightly/2017_04_14_1846317/src/products/hls/hls_lib/src/hls/hls_round.h:485) automatically.
INFO: [XFORM 203-602] Inlining function 'hls::cast_IEEE754<unsigned short, (ap_q_mode)6, double>' into 'hls::cast_IEEE754<unsigned short, double>' (r:/builds/2017.1/nightly/2017_04_14_1846317/src/products/hls/hls_lib/src/hls/hls_round.h:523) automatically.
INFO: [XFORM 203-602] Inlining function 'hls::cast_IEEE754<unsigned short, double>' into '__hls_fptoui_double_i16' (r:/builds/2017.1/nightly/2017_04_14_1846317/src/products/hls/hls_lib/src/lib_floatconversion.cpp:60) automatically.
INFO: [XFORM 203-602] Inlining function '__hls_fptoui_double_i16' into 'sobel' (IP_2.1_arbitrary_precision.c:38) automatically.
INFO: [HLS 200-100] Command         transform returned 0; 1.994 sec.
INFO: [HLS 200-0] Presyn 2...
INFO: [HLS 200-100] Execute         transform -hls -keep-callgraph -scalarrepl -mem2reg -port-alignment -attach-range -dce -pipe-mux-gen -indvars -loop-bound -inst-simplify -instcombine -dce -merge-array-access -mem2reg -dce -clean-region -mergereturn -if-conv -instcombine -dce -constprop -basicaa -aggr-aa -aggrmodref-aa -aggr-aa -gvn -gvn -basicaa -aggr-aa -aggrmodref-aa -aggr-aa -dse -adse -adce -scalarrepl -mem2reg -global-constprop -deadargelim -deadargelim -instcombine -dce -simplifycfg -ptrArgReplace -mem2reg -function-inline -globaldce -mem2reg -instcombine -dce -expr-balance -instcombine -dce -bitwidthmin -interface-preproc -directive-preproc -inst-rectify -instcombine -dce -functionattrs -constprop -instcombine -bit-constprop -simplify-global-access -globalopt -globaldce -inst-simplify -instcombine -elimdeaddata -dce -loop-delete -simplifycfg -loop-simplify -auto-burst -norm-name C:/Embedded_Systems_Sobel_Filter_HLS/IP_2.1/2.1_arbitrary_precision/.autopilot/db/a.o.1.tmp.bc -o C:/Embedded_Systems_Sobel_Filter_HLS/IP_2.1/2.1_arbitrary_precision/.autopilot/db/a.o.2.bc -f -phase presyn 
INFO: [HLS 200-100] Command         transform returned 0; 1.833 sec.
INFO: [HLS 200-100] Execute         disassemble C:/Embedded_Systems_Sobel_Filter_HLS/IP_2.1/2.1_arbitrary_precision/.autopilot/db/a.o.2 C:/Embedded_Systems_Sobel_Filter_HLS/IP_2.1/2.1_arbitrary_precision/.autopilot/db/a.o.2 
INFO: [HLS 200-100] Execute           is_encrypted C:/Embedded_Systems_Sobel_Filter_HLS/IP_2.1/2.1_arbitrary_precision/.autopilot/db/a.o.2.bc 
INFO: [HLS 200-100] Command           is_encrypted returned 0; 0 sec.
INFO: [HLS 200-100] Command         disassemble returned 0; 2.472 sec.
INFO: [HLS 200-111] Finished Pre-synthesis Time (s): cpu = 00:00:14 ; elapsed = 00:00:31 . Memory (MB): peak = 803.332 ; gain = 753.691
INFO: [HLS 200-0] Building ssdm...
INFO: [HLS 200-100] Execute         transform -hls -function-uniquify -auto-function-inline -globaldce -ptrArgReplace -mem2reg -instcombine -dce -reset-lda -loop-simplify -indvars -licm -loop-dep -loop-bound -licm -loop-simplify -flattenloopnest -array-flatten -gvn -instcombine -dce -array-map -dce -func-legal -gvn -adce -instcombine -cfgopt -simplifycfg -loop-simplify -array-burst -promote-global-argument -dce -axi4-lower -array-seg-normalize -basicaa -aggrmodref-aa -globalsmodref-aa -aggr-aa -gvn -gvn -basicaa -aggrmodref-aa -globalsmodref-aa -aggr-aa -dse -adse -adce -licm -inst-simplify -dce -globaldce -instcombine -array-stream -eliminate-keepreads -instcombine -dce -deadargelim -doublePtrSimplify -doublePtrElim -dce -doublePtrSimplify -promote-dbg-pointer -dce -scalarrepl -mem2reg -disaggr -norm-name -mem2reg -instcombine -dse -adse -adce -ptrLegalization -dce -auto-rom-infer -array-flatten -dce -instcombine -loop-rot -constprop -cfgopt -simplifycfg -loop-simplify -indvars -pointer-simplify -dce -loop-bound -loop-simplify -loop-preproc -constprop -global-constprop -gvn -mem2reg -instcombine -dce -loop-bound -loop-merge -dce -bitwidthmin -deadargelim -dce -canonicalize-dataflow -dce -scalar-propagation -deadargelim -globaldce -mem2reg -interface-preproc -interface-gen -deadargelim -directive-preproc -inst-simplify -dce -gvn -mem2reg -instcombine -dce -adse -loop-bound -instcombine -cfgopt -simplifycfg -loop-simplify -clean-region -io-protocol -find-region -mem2reg -bitop-raise -inst-simplify -inst-rectify -instcombine -adce -deadargelim -loop-simplify -phi-opt -bitop-raise -cfgopt -simplifycfg -strip-dead-prototypes -interface-lower -bitop-lower -intrinsic-lower -auto-function-inline -basicaa -aggrmodref-aa -globalsmodref-aa -aggr-aa -inst-simplify -simplifycfg -loop-simplify -mergereturn -inst-simplify -inst-rectify -dce -bitop-lower -loop-rewind -pointer-simplify -dce -cfgopt -read-loop-dep -dce -bitwidth -loop-dep -norm-name -legalize -validate-dataflow -cdfg-build C:/Embedded_Systems_Sobel_Filter_HLS/IP_2.1/2.1_arbitrary_precision/.autopilot/db/a.o.2.bc -o C:/Embedded_Systems_Sobel_Filter_HLS/IP_2.1/2.1_arbitrary_precision/.autopilot/db/a.o.3.bc -f -phase build-ssdm 
INFO: [HLS 200-100] Command         transform returned 0; 1.747 sec.
INFO: [HLS 200-100] Execute         disassemble C:/Embedded_Systems_Sobel_Filter_HLS/IP_2.1/2.1_arbitrary_precision/.autopilot/db/a.o.3 C:/Embedded_Systems_Sobel_Filter_HLS/IP_2.1/2.1_arbitrary_precision/.autopilot/db/a.o.3 
INFO: [HLS 200-100] Execute           is_encrypted C:/Embedded_Systems_Sobel_Filter_HLS/IP_2.1/2.1_arbitrary_precision/.autopilot/db/a.o.3.bc 
INFO: [HLS 200-100] Command           is_encrypted returned 0; 0 sec.
INFO: [HLS 200-100] Command         disassemble returned 0; 1.924 sec.
INFO: [HLS 200-111] Finished Architecture Synthesis Time (s): cpu = 00:00:16 ; elapsed = 00:00:34 . Memory (MB): peak = 900.816 ; gain = 851.176
INFO: [HLS 200-0] Finish building internal data model.
INFO: [HLS 200-100] Command       opt_and_import_c returned 0; 29.965 sec.
INFO: [HLS 200-100] Command     elaborate returned 0; 33.161 sec.
INFO: [HLS 200-100] Execute     autosyn 
INFO: [HLS 200-10] Starting hardware synthesis ...
INFO: [HLS 200-0] Synthesizing C/C++ design ...
INFO: [HLS 200-10] Synthesizing 'sobel' ...
INFO: [HLS 200-100] Execute       ap_set_top_model sobel 
INFO: [HLS 200-100] Command       ap_set_top_model returned 0; 0.007 sec.
INFO: [HLS 200-100] Execute       get_model_list sobel -filter all-wo-channel -topdown 
INFO: [HLS 200-100] Command       get_model_list returned 0; 0 sec.
INFO: [HLS 200-100] Execute       preproc_iomode -model sobel 
INFO: [HLS 200-100] Command       preproc_iomode returned 0; 0.088 sec.
INFO: [HLS 200-100] Execute       get_model_list sobel -filter all-wo-channel 
INFO: [HLS 200-100] Command       get_model_list returned 0; 0 sec.
INFO: [HLS 200-0] Model list for configure: sobel
INFO: [HLS 200-0] Configuring Module : sobel ...
INFO: [HLS 200-100] Execute       set_default_model sobel 
INFO: [HLS 200-100] Command       set_default_model returned 0; 0.001 sec.
INFO: [HLS 200-100] Execute       apply_spec_resource_limit sobel 
INFO: [HLS 200-100] Command       apply_spec_resource_limit returned 0; 0 sec.
INFO: [HLS 200-0] Model list for preprocess: sobel
INFO: [HLS 200-0] Preprocessing Module: sobel ...
INFO: [HLS 200-100] Execute       set_default_model sobel 
INFO: [HLS 200-100] Command       set_default_model returned 0; 0 sec.
INFO: [HLS 200-100] Execute       cdfg_preprocess -model sobel 
INFO: [HLS 200-100] Command       cdfg_preprocess returned 0; 0.074 sec.
INFO: [HLS 200-100] Execute       rtl_gen_preprocess sobel 
WARNING: [SYN 201-107] Renaming port name 'sobel/input' to 'sobel/input_r' to avoid the conflict with HDL keywords or other object names.
WARNING: [SYN 201-107] Renaming port name 'sobel/output' to 'sobel/output_r' to avoid the conflict with HDL keywords or other object names.
INFO: [HLS 200-100] Command       rtl_gen_preprocess returned 0; 0.097 sec.
INFO: [HLS 200-0] Model list for synthesis: sobel
INFO: [HLS 200-10] ----------------------------------------------------------------
INFO: [HLS 200-10] -- Implementing module 'sobel' 
INFO: [HLS 200-10] ----------------------------------------------------------------
INFO: [HLS 200-100] Execute       set_default_model sobel 
INFO: [HLS 200-100] Command       set_default_model returned 0; 0 sec.
INFO: [HLS 200-100] Execute       schedule -model sobel 
INFO: [SCHED 204-11] Starting scheduling ...
INFO: [SCHED 204-11] Finished scheduling.
INFO: [HLS 200-100] Command       schedule returned 0; 0.296 sec.
INFO: [HLS 200-111]  Elapsed time: 35.11 seconds; current allocated memory: 776.783 MB.
INFO: [HLS 200-100] Execute       report -o C:/Embedded_Systems_Sobel_Filter_HLS/IP_2.1/2.1_arbitrary_precision/.autopilot/db/sobel.verbose.sched.rpt -verbose -f 
INFO: [HLS 200-100] Command       report returned 0; 0.056 sec.
INFO: [HLS 200-100] Execute       db_write -o C:/Embedded_Systems_Sobel_Filter_HLS/IP_2.1/2.1_arbitrary_precision/.autopilot/db/sobel.sched.adb -f 
INFO: [HLS 200-100] Command       db_write returned 0; 0.062 sec.
INFO: [HLS 200-0] Finish scheduling sobel.
INFO: [HLS 200-100] Execute       set_default_model sobel 
INFO: [HLS 200-100] Command       set_default_model returned 0; 0 sec.
INFO: [HLS 200-100] Execute       bind -model sobel 
INFO: [BIND 205-110] clear=
INFO: [BIND 205-110] debug=
INFO: [BIND 205-110] drf=
INFO: [BIND 205-110] effort=
INFO: [BIND 205-110] fast_refine=
INFO: [BIND 205-110] fu_weight=[ 0.0 -- 1.0 ]
INFO: [BIND 205-110] global_opt=
INFO: [BIND 205-110] gsearch=
INFO: [BIND 205-110] help=
INFO: [BIND 205-110] help-hidden=
INFO: [BIND 205-110] min_mem_port=
INFO: [BIND 205-110] min_op=
INFO: [BIND 205-110] minreg=
INFO: [BIND 205-110] ml=
INFO: [BIND 205-110] model=sobel
INFO: [BIND 205-110] no_false_path=
INFO: [BIND 205-110] no_min_op=
INFO: [BIND 205-110] normalize=
INFO: [BIND 205-110] quiet=
INFO: [BIND 205-110] refine=
INFO: [BIND 205-110] reg_weight=[ 0.0 -- 1.0 ]
INFO: [BIND 205-110] search=
INFO: [BIND 205-110] tight_delay=
INFO: [BIND 205-110] verbose=
INFO: [BIND 205-110] wFF=
INFO: [BIND 205-110] wFU=
INFO: [BIND 205-110] wMUX=
INFO: [BIND 205-110] wNET=
INFO: [BIND 205-100] Starting micro-architecture generation ...
INFO: [BIND 205-101] Performing variable lifetime analysis.
INFO: [BIND 205-101] Exploring resource sharing.
INFO: [BIND 205-101] Binding ...
INFO: [BIND 205-100] Finished micro-architecture generation.
INFO: [HLS 200-100] Command       bind returned 0; 0.035 sec.
INFO: [HLS 200-111]  Elapsed time: 0.41 seconds; current allocated memory: 777.526 MB.
INFO: [HLS 200-100] Execute       report -o C:/Embedded_Systems_Sobel_Filter_HLS/IP_2.1/2.1_arbitrary_precision/.autopilot/db/sobel.verbose.bind.rpt -verbose -f 
INFO: [HLS 200-100] Command       report returned 0; 0.164 sec.
INFO: [HLS 200-100] Execute       db_write -o C:/Embedded_Systems_Sobel_Filter_HLS/IP_2.1/2.1_arbitrary_precision/.autopilot/db/sobel.bind.adb -f 
INFO: [HLS 200-100] Command       db_write returned 0; 0.121 sec.
INFO: [HLS 200-0] Finish binding sobel.
INFO: [HLS 200-100] Execute       get_model_list sobel -filter all-wo-channel 
INFO: [HLS 200-100] Command       get_model_list returned 0; 0 sec.
INFO: [HLS 200-0] Preprocessing for RTLGen ...
INFO: [HLS 200-100] Execute       rtl_gen_preprocess sobel 
INFO: [HLS 200-100] Command       rtl_gen_preprocess returned 0; 0.001 sec.
INFO: [HLS 200-0] Model list for RTL generation: sobel
INFO: [HLS 200-10] ----------------------------------------------------------------
INFO: [HLS 200-10] -- Generating RTL for module 'sobel' 
INFO: [HLS 200-10] ----------------------------------------------------------------
INFO: [HLS 200-100] Execute       create_rtl_model sobel -vendor xilinx -mg_file C:/Embedded_Systems_Sobel_Filter_HLS/IP_2.1/2.1_arbitrary_precision/.autopilot/db/sobel.compgen.tcl 
INFO: [RTGEN 206-500] Setting interface mode on port 'sobel/INPUT_BUNDLE' to 'm_axi'.
INFO: [RTGEN 206-500] Setting interface mode on port 'sobel/OUTPUT_BUNDLE' to 'm_axi'.
INFO: [RTGEN 206-500] Setting interface mode on port 'sobel/input_r' to 's_axilite & ap_none'.
INFO: [RTGEN 206-500] Setting interface mode on port 'sobel/output_r' to 's_axilite & ap_none'.
INFO: [RTGEN 206-500] Setting interface mode on function 'sobel' to 's_axilite & ap_ctrl_hs'.
INFO: [RTGEN 206-100] Bundling port 'return', 'input_r' and 'output_r' to AXI-Lite port AXILiteS.
INFO: [SYN 201-210] Renamed object name 'sobel_uitodp_32ns_64_6' to 'sobel_uitodp_32nsbkb' due to the length limit 20
INFO: [SYN 201-210] Renamed object name 'sobel_dsqrt_64ns_64ns_64_31' to 'sobel_dsqrt_64ns_cud' due to the length limit 20
INFO: [SYN 201-210] Renamed object name 'sobel_mul_mul_11s_11s_20_1' to 'sobel_mul_mul_11sdEe' due to the length limit 20
INFO: [SYN 201-210] Renamed object name 'sobel_mac_muladd_11s_11s_20s_20_1' to 'sobel_mac_muladd_eOg' due to the length limit 20
INFO: [RTGEN 206-100] Generating core module 'sobel_dsqrt_64ns_cud': 1 instance(s).
INFO: [RTGEN 206-100] Generating core module 'sobel_mac_muladd_eOg': 1 instance(s).
INFO: [RTGEN 206-100] Generating core module 'sobel_mul_mul_11sdEe': 1 instance(s).
INFO: [RTGEN 206-100] Generating core module 'sobel_uitodp_32nsbkb': 1 instance(s).
INFO: [RTGEN 206-100] Finished creating RTL model for 'sobel'.
INFO: [HLS 200-100] Command       create_rtl_model returned 0; 0.107 sec.
INFO: [HLS 200-111]  Elapsed time: 0.681 seconds; current allocated memory: 779.436 MB.
INFO: [HLS 200-100] Execute       source C:/Embedded_Systems_Sobel_Filter_HLS/IP_2.1/2.1_arbitrary_precision/.autopilot/db/sobel.rtl_wrap.cfg.tcl 
INFO: [HLS 200-100] Command       ap_source returned 0; 0.001 sec.
INFO: [HLS 200-100] Execute       gen_rtl sobel -istop -style xilinx -tracefl mytrace -tracefmt vcd -traceopt all -f -lang sc -o C:/Embedded_Systems_Sobel_Filter_HLS/IP_2.1/2.1_arbitrary_precision/syn/systemc/sobel -synmodules sobel 
INFO: [HLS 200-100] Command       gen_rtl returned 0; 0.017 sec.
INFO: [HLS 200-100] Execute       gen_rtl sobel -istop -style xilinx -f -lang vhdl -o C:/Embedded_Systems_Sobel_Filter_HLS/IP_2.1/2.1_arbitrary_precision/syn/vhdl/sobel 
INFO: [HLS 200-100] Command       gen_rtl returned 0; 0.06 sec.
INFO: [HLS 200-100] Execute       gen_rtl sobel -istop -style xilinx -f -lang vlog -o C:/Embedded_Systems_Sobel_Filter_HLS/IP_2.1/2.1_arbitrary_precision/syn/verilog/sobel 
INFO: [HLS 200-100] Command       gen_rtl returned 0; 0.042 sec.
INFO: [HLS 200-100] Execute       export_constraint_db -o C:/Embedded_Systems_Sobel_Filter_HLS/IP_2.1/2.1_arbitrary_precision/.autopilot/db/sobel.constraint.tcl -f -tool general 
INFO: [HLS 200-100] Command       export_constraint_db returned 0; 0.005 sec.
INFO: [HLS 200-100] Execute       report -model sobel -o C:/Embedded_Systems_Sobel_Filter_HLS/IP_2.1/2.1_arbitrary_precision/.autopilot/db/sobel.design.xml -verbose -f -dv 
INFO: [HLS 200-100] Command       report returned 0; 0.052 sec.
INFO: [HLS 200-100] Execute       report -model sobel -o C:/Embedded_Systems_Sobel_Filter_HLS/IP_2.1/2.1_arbitrary_precision/.autopilot/db/sobel.sdaccel.xml -verbose -f -sdaccel 
INFO: [HLS 200-100] Command       report returned 0; 0.077 sec.
INFO: [HLS 200-100] Execute       gen_tb_info sobel -o C:/Embedded_Systems_Sobel_Filter_HLS/IP_2.1/2.1_arbitrary_precision/.autopilot/db/sobel -p C:/Embedded_Systems_Sobel_Filter_HLS/IP_2.1/2.1_arbitrary_precision/.autopilot/db 
INFO: [HLS 200-100] Command       gen_tb_info returned 0; 0.023 sec.
INFO: [HLS 200-100] Execute       report -model sobel -o C:/Embedded_Systems_Sobel_Filter_HLS/IP_2.1/2.1_arbitrary_precision/syn/report/sobel_csynth.rpt -f 
INFO: [HLS 200-100] Command       report returned 0; 0.036 sec.
INFO: [HLS 200-100] Execute       report -model sobel -o C:/Embedded_Systems_Sobel_Filter_HLS/IP_2.1/2.1_arbitrary_precision/syn/report/sobel_csynth.xml -f -x 
INFO: [HLS 200-100] Command       report returned 0; 0.028 sec.
INFO: [HLS 200-100] Execute       report -model sobel -o C:/Embedded_Systems_Sobel_Filter_HLS/IP_2.1/2.1_arbitrary_precision/.autopilot/db/sobel.verbose.rpt -verbose -f 
INFO: [HLS 200-100] Command       report returned 0; 0.122 sec.
INFO: [HLS 200-100] Execute       db_write -model sobel -o C:/Embedded_Systems_Sobel_Filter_HLS/IP_2.1/2.1_arbitrary_precision/.autopilot/db/sobel.adb -f 
INFO: [HLS 200-100] Command       db_write returned 0; 0.097 sec.
INFO: [HLS 200-100] Execute       sc_get_clocks sobel 
INFO: [HLS 200-100] Command       sc_get_clocks returned 0; 0 sec.
INFO: [HLS 200-100] Execute       sc_get_portdomain sobel 
INFO: [HLS 200-100] Command       sc_get_portdomain returned 0; 0 sec.
INFO: [HLS 200-0] Model list for RTL component generation: sobel
INFO: [HLS 200-0] Handling components in module [sobel] ... 
INFO: [HLS 200-100] Execute       source C:/Embedded_Systems_Sobel_Filter_HLS/IP_2.1/2.1_arbitrary_precision/.autopilot/db/sobel.compgen.tcl 
INFO: [HLS 200-0] Found component sobel_uitodp_32nsbkb.
INFO: [HLS 200-0] Append model sobel_uitodp_32nsbkb
INFO: [HLS 200-0] Found component sobel_dsqrt_64ns_cud.
INFO: [HLS 200-0] Append model sobel_dsqrt_64ns_cud
INFO: [HLS 200-0] Found component sobel_mul_mul_11sdEe.
INFO: [HLS 200-0] Append model sobel_mul_mul_11sdEe
INFO: [HLS 200-0] Found component sobel_mac_muladd_eOg.
INFO: [HLS 200-0] Append model sobel_mac_muladd_eOg
INFO: [HLS 200-0] Found component sobel_AXILiteS_s_axi.
INFO: [HLS 200-0] Append model sobel_AXILiteS_s_axi
INFO: [HLS 200-0] Found component sobel_INPUT_BUNDLE_m_axi.
INFO: [HLS 200-0] Append model sobel_INPUT_BUNDLE_m_axi
INFO: [HLS 200-0] Found component sobel_OUTPUT_BUNDLE_m_axi.
INFO: [HLS 200-0] Append model sobel_OUTPUT_BUNDLE_m_axi
INFO: [HLS 200-100] Command       ap_source returned 0; 0.004 sec.
INFO: [HLS 200-0] Append model sobel
INFO: [HLS 200-0] Generating RTL model list ...
INFO: [HLS 200-0] All models in this session: sobel_uitodp_32nsbkb sobel_dsqrt_64ns_cud sobel_mul_mul_11sdEe sobel_mac_muladd_eOg sobel_AXILiteS_s_axi sobel_INPUT_BUNDLE_m_axi sobel_OUTPUT_BUNDLE_m_axi sobel
INFO: [HLS 200-0] To file: write model sobel_uitodp_32nsbkb
INFO: [HLS 200-0] To file: write model sobel_dsqrt_64ns_cud
INFO: [HLS 200-0] To file: write model sobel_mul_mul_11sdEe
INFO: [HLS 200-0] To file: write model sobel_mac_muladd_eOg
INFO: [HLS 200-0] To file: write model sobel_AXILiteS_s_axi
INFO: [HLS 200-0] To file: write model sobel_INPUT_BUNDLE_m_axi
INFO: [HLS 200-0] To file: write model sobel_OUTPUT_BUNDLE_m_axi
INFO: [HLS 200-0] To file: write model sobel
INFO: [HLS 200-0] Finished generating RTL model list.


INFO: [HLS 200-0] RTL Generation done.
INFO: [HLS 200-0] CAS Generation done.
INFO: [HLS 200-0] CBC Generation done.
INFO: [HLS 200-100] Execute       export_ssdm C:/Embedded_Systems_Sobel_Filter_HLS/IP_2.1/2.1_arbitrary_precision/.autopilot/db/a.export.ll 
INFO: [HLS 200-100] Command       export_ssdm returned 0; 0.007 sec.
INFO: [HLS 200-100] Execute       source C:/Embedded_Systems_Sobel_Filter_HLS/IP_2.1/2.1_arbitrary_precision/.autopilot/db/global.setting.tcl 
INFO: [HLS 200-100] Command       ap_source returned 0; 0.001 sec.
INFO: [HLS 200-100] Execute       source C:/Xilinx/Vivado_HLS/2017.1/common/technology/generic/autopilot/common.gen 
INFO: [HLS 200-100] Execute         source C:/Xilinx/Vivado_HLS/2017.1/common/technology/generic/autopilot/APCoreGen.gen 
INFO: [HLS 200-100] Command         ap_source returned 0; 0.006 sec.
INFO: [HLS 200-100] Command       ap_source returned 0; 0.012 sec.
INFO: [HLS 200-100] Execute       source C:/Xilinx/Vivado_HLS/2017.1/common/technology/generic/autopilot/op.gen 
INFO: [HLS 200-100] Command       ap_source returned 0; 0.004 sec.
INFO: [HLS 200-100] Execute       source C:/Xilinx/Vivado_HLS/2017.1/common/technology/generic/autopilot/op_simcore.gen 
INFO: [HLS 200-100] Command       ap_source returned 0; 0.008 sec.
INFO: [HLS 200-100] Execute       source C:/Xilinx/Vivado_HLS/2017.1/common/technology/generic/autopilot/interface.gen 
INFO: [HLS 200-100] Command       ap_source returned 0; 0.001 sec.
INFO: [HLS 200-100] Execute       source C:/Embedded_Systems_Sobel_Filter_HLS/IP_2.1/2.1_arbitrary_precision/.autopilot/db/global.setting.tcl 
INFO: [HLS 200-100] Command       ap_source returned 0; 0.001 sec.
INFO: [HLS 200-100] Execute       source C:/Xilinx/Vivado_HLS/2017.1/common/technology/xilinx/zynq/zynq.gen 
INFO: [HLS 200-100] Execute         source C:/Xilinx/Vivado_HLS/2017.1/common/technology/xilinx/common/virtex.gen 
INFO: [HLS 200-100] Execute           source C:/Xilinx/Vivado_HLS/2017.1/common/technology/xilinx/common/xilinx.gen 
INFO: [HLS 200-100] Execute             source C:/Xilinx/Vivado_HLS/2017.1/common/technology/xilinx/interface/plb46.gen 
INFO: [HLS 200-100] Command             ap_source returned 0; 0.005 sec.
INFO: [HLS 200-100] Execute             source C:/Xilinx/Vivado_HLS/2017.1/common/technology/xilinx/interface/fsl.gen 
INFO: [HLS 200-100] Command             ap_source returned 0; 0.005 sec.
INFO: [HLS 200-100] Execute             source C:/Xilinx/Vivado_HLS/2017.1/common/technology/xilinx/interface/axi4.gen 
INFO: [HLS 200-100] Command             ap_source returned 0; 0.009 sec.
INFO: [HLS 200-100] Execute             source C:/Xilinx/Vivado_HLS/2017.1/common/technology/xilinx/interface/nativeAXI4.gen 
INFO: [HLS 200-100] Execute               source C:/Xilinx/Vivado_HLS/2017.1/common/technology/xilinx/interface/saxilite.gen 
INFO: [HLS 200-100] Command               ap_source returned 0; 0.009 sec.
INFO: [HLS 200-100] Execute               source C:/Xilinx/Vivado_HLS/2017.1/common/technology/xilinx/interface/maxi.gen 
INFO: [HLS 200-100] Command               ap_source returned 0; 0.016 sec.
INFO: [HLS 200-100] Command             ap_source returned 0; 0.029 sec.
INFO: [HLS 200-100] Execute             source C:/Xilinx/Vivado_HLS/2017.1/common/technology/xilinx/scripts/xilinxcoregen.gen 
INFO: [HLS 200-100] Command             ap_source returned 0; 0.08 sec.
INFO: [HLS 200-100] Execute             source C:/Xilinx/Vivado_HLS/2017.1/common/technology/xilinx/interface/XilEDKCoreGen.gen 
INFO: [HLS 200-100] Command             ap_source returned 0; 0.016 sec.
INFO: [HLS 200-100] Execute             source C:/Xilinx/Vivado_HLS/2017.1/common/technology/xilinx/ip/dds_compiler.gen 
INFO: [HLS 200-100] Command             ap_source returned 0; 0.009 sec.
INFO: [HLS 200-100] Execute             source C:/Xilinx/Vivado_HLS/2017.1/common/technology/xilinx/ip/util.gen 
INFO: [HLS 200-100] Command             ap_source returned 0; 0.006 sec.
INFO: [HLS 200-100] Execute             source C:/Xilinx/Vivado_HLS/2017.1/common/technology/xilinx/ip/xfft.gen 
INFO: [HLS 200-100] Command             ap_source returned 0; 0.116 sec.
INFO: [HLS 200-100] Execute             source C:/Xilinx/Vivado_HLS/2017.1/common/technology/xilinx/ip/xfir.gen 
INFO: [HLS 200-100] Command             ap_source returned 0; 0.005 sec.
INFO: [HLS 200-100] Command           ap_source returned 0; 0.29 sec.
INFO: [HLS 200-100] Execute           source C:/Xilinx/Vivado_HLS/2017.1/common/technology/xilinx/common/dsp48.gen 
INFO: [HLS 200-100] Command           ap_source returned 0; 0.004 sec.
INFO: [HLS 200-100] Command         ap_source returned 0; 0.301 sec.
INFO: [HLS 200-100] Command       ap_source returned 0; 0.303 sec.
INFO: [HLS 200-100] Execute       source C:/Xilinx/Vivado_HLS/2017.1/common/technology/xilinx/zynq/zynq_fpv6.gen 
INFO: [HLS 200-100] Execute         source C:/Xilinx/Vivado_HLS/2017.1/common/technology/xilinx/common/xilinx_fpv6.gen 
INFO: [HLS 200-100] Command         ap_source returned 0; 0.006 sec.
INFO: [HLS 200-100] Command       ap_source returned 0; 0.007 sec.
INFO: [HLS 200-100] Execute       source C:/Embedded_Systems_Sobel_Filter_HLS/IP_2.1/2.1_arbitrary_precision/.autopilot/db/global.setting.tcl 
INFO: [HLS 200-100] Command       ap_source returned 0; 0.001 sec.
INFO: [HLS 200-100] Execute       source C:/Embedded_Systems_Sobel_Filter_HLS/IP_2.1/2.1_arbitrary_precision/.autopilot/db/global.setting.tcl 
INFO: [HLS 200-100] Command       ap_source returned 0; 0.001 sec.
INFO: [HLS 200-100] Execute       source C:/Embedded_Systems_Sobel_Filter_HLS/IP_2.1/2.1_arbitrary_precision/.autopilot/db/global.setting.tcl 
INFO: [HLS 200-100] Command       ap_source returned 0; 0 sec.
INFO: [HLS 200-100] Execute       source C:/Embedded_Systems_Sobel_Filter_HLS/IP_2.1/2.1_arbitrary_precision/.autopilot/db/global.setting.tcl 
INFO: [HLS 200-100] Command       ap_source returned 0; 0.001 sec.
INFO: [HLS 200-100] Execute       source C:/Embedded_Systems_Sobel_Filter_HLS/IP_2.1/2.1_arbitrary_precision/.autopilot/db/sobel.compgen.tcl 
INFO: [HLS 200-100] Execute         source ./AXILiteS.slave.tcl 
INFO: [HLS 200-100] Command         ap_source returned 0; 0.001 sec.
INFO: [HLS 200-100] Command       ap_source returned 0; 0.342 sec.
INFO: [HLS 200-111] Finished generating all RTL models Time (s): cpu = 00:00:18 ; elapsed = 00:00:38 . Memory (MB): peak = 900.816 ; gain = 851.176
INFO: [SYSC 207-301] Generating SystemC RTL for sobel.
INFO: [VHDL 208-304] Generating VHDL RTL for sobel.
INFO: [VLOG 209-307] Generating Verilog RTL for sobel.
INFO: [HLS 200-100] Command     autosyn returned 0; 3.452 sec.
INFO: [HLS 200-100] Command   csynth_design returned 0; 36.614 sec.
INFO: [HLS 200-100] Command ap_source returned 0; 37.093 sec.
INFO: [HLS 200-100] Execute cleanup_all 
INFO: [HLS 200-100] Command cleanup_all returned 0; 0.007 sec.
