

================================================================
== Vivado HLS Report for 'sobel'
================================================================
* Date:           Mon Jun 12 03:02:41 2017

* Version:        2017.1 (Build 1846317 on Fri Apr 14 19:19:38 MDT 2017)
* Project:        IP_2
* Solution:       2.0_algorithm_decomposition
* Product family: zynq
* Target device:  xc7z020clg484-1


================================================================
== Performance Estimates
================================================================
+ Timing (ns): 
    * Summary: 
    +--------+-------+----------+------------+
    |  Clock | Target| Estimated| Uncertainty|
    +--------+-------+----------+------------+
    |ap_clk  |  10.00|      8.75|        1.25|
    +--------+-------+----------+------------+

+ Latency (clock cycles): 
    * Summary: 
    +----------+----------+----------+----------+---------+
    |       Latency       |       Interval      | Pipeline|
    |    min   |    max   |    min   |    max   |   Type  |
    +----------+----------+----------+----------+---------+
    |  69982473|  69982473|  69982474|  69982474|   none  |
    +----------+----------+----------+----------+---------+

    + Detail: 
        * Instance: 
        N/A

        * Loop: 
        +-------------+----------+----------+----------+-----------+-----------+------+----------+
        |             |       Latency       | Iteration|  Initiation Interval  | Trip |          |
        |  Loop Name  |    min   |    max   |  Latency |  achieved |   target  | Count| Pipelined|
        +-------------+----------+----------+----------+-----------+-----------+------+----------+
        |- Loop 1     |  69982472|  69982472|     68476|          -|          -|  1022|    no    |
        | + Loop 1.1  |     68474|     68474|        67|          -|          -|  1022|    no    |
        +-------------+----------+----------+----------+-----------+-----------+------+----------+

============================================================
+ Verbose Summary: Synthesis Manager
============================================================
InlineROM: 1
ExposeGlobal: 0
============================================================
+ Verbose Summary: CDFG Model
============================================================
IsTopModel: 1
ResetActiveHigh: 1
IsCombinational: 0
IsDatapathOnly: 0
HasWiredReturn: 1
HasMFsm: 0
HasVarLatency: 1
IsPipeline: 0
IsRtlPipelined: 0
IsInstanceOverlapped: 0
IsDontTouch: 0
HasImplIP: 0
IsGatedGlobalClock: 0


============================================================
+ Verbose Summary: Schedule
============================================================
* Number of FSM states: 75
* Pipeline: 0
* Dataflow Pipeline: 0

* FSM state transitions: 
1 --> 
	2  / true
2 --> 
	3  / (!exitcond1)
3 --> 
	4  / (!exitcond)
	2  / (exitcond)
4 --> 
	5  / true
5 --> 
	6  / true
6 --> 
	7  / true
7 --> 
	8  / true
8 --> 
	9  / true
9 --> 
	10  / true
10 --> 
	11  / true
11 --> 
	12  / true
12 --> 
	13  / true
13 --> 
	14  / true
14 --> 
	15  / true
15 --> 
	16  / true
16 --> 
	17  / true
17 --> 
	18  / true
18 --> 
	19  / true
19 --> 
	20  / true
20 --> 
	21  / true
21 --> 
	22  / true
22 --> 
	23  / true
23 --> 
	24  / true
24 --> 
	25  / true
25 --> 
	26  / true
26 --> 
	27  / true
27 --> 
	28  / true
28 --> 
	29  / true
29 --> 
	30  / true
30 --> 
	31  / true
31 --> 
	32  / true
32 --> 
	33  / true
33 --> 
	34  / true
34 --> 
	35  / true
35 --> 
	36  / true
36 --> 
	37  / true
37 --> 
	38  / true
38 --> 
	39  / true
39 --> 
	40  / true
40 --> 
	41  / true
41 --> 
	42  / true
42 --> 
	43  / true
43 --> 
	44  / true
44 --> 
	45  / true
45 --> 
	46  / true
46 --> 
	47  / true
47 --> 
	48  / true
48 --> 
	49  / true
49 --> 
	50  / true
50 --> 
	51  / true
51 --> 
	52  / true
52 --> 
	53  / true
53 --> 
	54  / true
54 --> 
	55  / true
55 --> 
	56  / true
56 --> 
	57  / true
57 --> 
	58  / true
58 --> 
	59  / true
59 --> 
	60  / true
60 --> 
	61  / true
61 --> 
	62  / true
62 --> 
	63  / (!icmp)
	70  / (icmp)
63 --> 
	64  / true
64 --> 
	65  / true
65 --> 
	66  / true
66 --> 
	67  / true
67 --> 
	68  / true
68 --> 
	69  / true
69 --> 
	3  / true
70 --> 
	71  / true
71 --> 
	72  / true
72 --> 
	73  / true
73 --> 
	74  / true
74 --> 
	75  / true
75 --> 
	69  / true
* FSM state operations: 

 <State 1>: 1.77ns
ST_1: StgValue_76 (5)  [1/1] 0.00ns
:0  call void (...)* @_ssdm_op_SpecBitsMap(i8* %OUTPUT_BUNDLE), !map !467

ST_1: StgValue_77 (6)  [1/1] 0.00ns
:1  call void (...)* @_ssdm_op_SpecBitsMap(i8* %INPUT_BUNDLE), !map !473

ST_1: StgValue_78 (7)  [1/1] 0.00ns
:2  call void (...)* @_ssdm_op_SpecTopModule([6 x i8]* @sobel_str) nounwind

ST_1: output_read (8)  [1/1] 1.00ns
:3  %output_read = call i32 @_ssdm_op_Read.s_axilite.i32(i32 %output_r)

ST_1: input_read (9)  [1/1] 1.00ns
:4  %input_read = call i32 @_ssdm_op_Read.s_axilite.i32(i32 %input_r)

ST_1: StgValue_81 (10)  [1/1] 0.00ns  loc: IP_2.0_convolution_restructure.c:9
:5  call void (...)* @_ssdm_op_SpecInterface(i32 0, [10 x i8]* @p_str, i32 0, i32 0, [1 x i8]* @p_str1, i32 0, i32 0, [1 x i8]* @p_str1, [1 x i8]* @p_str1, [1 x i8]* @p_str1, i32 0, i32 0, i32 0, i32 0, [1 x i8]* @p_str1, [1 x i8]* @p_str1) nounwind

ST_1: StgValue_82 (11)  [1/1] 0.00ns
:6  call void (...)* @_ssdm_op_SpecInterface(i8* %INPUT_BUNDLE, [6 x i8]* @p_str2, i32 0, i32 0, [1 x i8]* @p_str1, i32 0, i32 1048576, [13 x i8]* @p_str3, [6 x i8]* @p_str4, [1 x i8]* @p_str1, i32 16, i32 16, i32 16, i32 16, [1 x i8]* @p_str1, [1 x i8]* @p_str1)

ST_1: StgValue_83 (12)  [1/1] 0.00ns
:7  call void (...)* @_ssdm_op_SpecInterface(i32 %input_r, [10 x i8]* @mode, i32 0, i32 0, [1 x i8]* @p_str1, i32 0, i32 1048576, [1 x i8]* @bundle, [6 x i8]* @p_str4, [1 x i8]* @p_str1, i32 16, i32 16, i32 16, i32 16, [1 x i8]* @p_str1, [1 x i8]* @p_str1)

ST_1: StgValue_84 (13)  [1/1] 0.00ns
:8  call void (...)* @_ssdm_op_SpecInterface(i8* %OUTPUT_BUNDLE, [6 x i8]* @p_str2, i32 0, i32 0, [1 x i8]* @p_str1, i32 0, i32 1048576, [14 x i8]* @p_str5, [6 x i8]* @p_str4, [1 x i8]* @p_str1, i32 16, i32 16, i32 16, i32 16, [1 x i8]* @p_str1, [1 x i8]* @p_str1)

ST_1: StgValue_85 (14)  [1/1] 0.00ns
:9  call void (...)* @_ssdm_op_SpecInterface(i32 %output_r, [10 x i8]* @mode3, i32 0, i32 0, [1 x i8]* @p_str1, i32 0, i32 1048576, [1 x i8]* @bundle4, [6 x i8]* @p_str4, [1 x i8]* @p_str1, i32 16, i32 16, i32 16, i32 16, [1 x i8]* @p_str1, [1 x i8]* @p_str1)

ST_1: StgValue_86 (15)  [1/1] 1.77ns  loc: IP_2.0_convolution_restructure.c:22
:10  br label %1


 <State 2>: 3.02ns
ST_2: j (17)  [1/1] 0.00ns
:0  %j = phi i10 [ 1, %0 ], [ %j_1, %6 ]

ST_2: exitcond1 (18)  [1/1] 3.02ns  loc: IP_2.0_convolution_restructure.c:22
:1  %exitcond1 = icmp eq i10 %j, -1

ST_2: empty (19)  [1/1] 0.00ns
:2  %empty = call i32 (...)* @_ssdm_op_SpecLoopTripCount(i64 1022, i64 1022, i64 1022) nounwind

ST_2: StgValue_90 (20)  [1/1] 0.00ns  loc: IP_2.0_convolution_restructure.c:22
:3  br i1 %exitcond1, label %7, label %.preheader.preheader

ST_2: tmp (22)  [1/1] 0.00ns  loc: IP_2.0_convolution_restructure.c:24
.preheader.preheader:0  %tmp = call i20 @_ssdm_op_BitConcatenate.i20.i10.i10(i10 %j, i10 0)

ST_2: tmp_1 (23)  [1/1] 0.00ns  loc: IP_2.0_convolution_restructure.c:24
.preheader.preheader:1  %tmp_1 = or i20 %tmp, 1023

ST_2: tmp_1_cast (24)  [1/1] 0.00ns  loc: IP_2.0_convolution_restructure.c:24
.preheader.preheader:2  %tmp_1_cast = zext i20 %tmp_1 to i21

ST_2: tmp_2 (25)  [1/1] 0.00ns  loc: IP_2.0_convolution_restructure.c:24
.preheader.preheader:3  %tmp_2 = or i20 %tmp, 1

ST_2: tmp_2_cast (26)  [1/1] 0.00ns  loc: IP_2.0_convolution_restructure.c:24
.preheader.preheader:4  %tmp_2_cast = zext i20 %tmp_2 to i21

ST_2: StgValue_96 (27)  [1/1] 1.77ns  loc: IP_2.0_convolution_restructure.c:23
.preheader.preheader:5  br label %.preheader

ST_2: StgValue_97 (183)  [1/1] 0.00ns  loc: IP_2.0_convolution_restructure.c:50
:0  ret void


 <State 3>: 6.52ns
ST_3: i (29)  [1/1] 0.00ns
.preheader:0  %i = phi i10 [ %i_1, %5 ], [ 1, %.preheader.preheader ]

ST_3: i_cast1 (30)  [1/1] 0.00ns  loc: IP_2.0_convolution_restructure.c:23
.preheader:1  %i_cast1 = zext i10 %i to i21

ST_3: i_cast2 (31)  [1/1] 0.00ns  loc: IP_2.0_convolution_restructure.c:23
.preheader:2  %i_cast2 = zext i10 %i to i12

ST_3: i_cast (32)  [1/1] 0.00ns  loc: IP_2.0_convolution_restructure.c:23
.preheader:3  %i_cast = zext i10 %i to i11

ST_3: exitcond (33)  [1/1] 3.02ns  loc: IP_2.0_convolution_restructure.c:23
.preheader:4  %exitcond = icmp eq i10 %i, -1

ST_3: empty_8 (34)  [1/1] 0.00ns
.preheader:5  %empty_8 = call i32 (...)* @_ssdm_op_SpecLoopTripCount(i64 1022, i64 1022, i64 1022) nounwind

ST_3: StgValue_104 (35)  [1/1] 0.00ns  loc: IP_2.0_convolution_restructure.c:23
.preheader:6  br i1 %exitcond, label %6, label %2

ST_3: tmp1 (37)  [1/1] 2.88ns  loc: IP_2.0_convolution_restructure.c:23
:0  %tmp1 = add i12 -1025, %i_cast2

ST_3: sum6 (55)  [1/1] 3.08ns  loc: IP_2.0_convolution_restructure.c:23
:18  %sum6 = add i21 %i_cast1, %tmp_1_cast

ST_3: sum6_cast (56)  [1/1] 0.00ns  loc: IP_2.0_convolution_restructure.c:23
:19  %sum6_cast = zext i21 %sum6 to i32

ST_3: input2_sum6 (57)  [1/1] 3.44ns  loc: IP_2.0_convolution_restructure.c:23
:20  %input2_sum6 = add i32 %input_read, %sum6_cast

ST_3: INPUT_BUNDLE_addr_2 (58)  [1/1] 0.00ns  loc: IP_2.0_convolution_restructure.c:23
:21  %INPUT_BUNDLE_addr_2 = getelementptr i8* %INPUT_BUNDLE, i32 %input2_sum6

ST_3: tmp3 (62)  [1/1] 2.86ns  loc: IP_2.0_convolution_restructure.c:23
:25  %tmp3 = add i11 -1023, %i_cast

ST_3: sum3 (72)  [1/1] 3.08ns  loc: IP_2.0_convolution_restructure.c:23
:35  %sum3 = add i21 %i_cast1, %tmp_2_cast

ST_3: sum3_cast (73)  [1/1] 0.00ns  loc: IP_2.0_convolution_restructure.c:23
:36  %sum3_cast = zext i21 %sum3 to i32

ST_3: input2_sum8 (74)  [1/1] 3.44ns  loc: IP_2.0_convolution_restructure.c:23
:37  %input2_sum8 = add i32 %input_read, %sum3_cast

ST_3: INPUT_BUNDLE_addr_4 (75)  [1/1] 0.00ns  loc: IP_2.0_convolution_restructure.c:23
:38  %INPUT_BUNDLE_addr_4 = getelementptr i8* %INPUT_BUNDLE, i32 %input2_sum8

ST_3: j_1 (180)  [1/1] 2.84ns  loc: IP_2.0_convolution_restructure.c:22
:0  %j_1 = add i10 %j, 1

ST_3: StgValue_116 (181)  [1/1] 0.00ns  loc: IP_2.0_convolution_restructure.c:22
:1  br label %1


 <State 4>: 6.52ns
ST_4: tmp1_cast (38)  [1/1] 0.00ns  loc: IP_2.0_convolution_restructure.c:23
:1  %tmp1_cast = sext i12 %tmp1 to i20

ST_4: sum2 (39)  [1/1] 3.08ns  loc: IP_2.0_convolution_restructure.c:23
:2  %sum2 = add i20 %tmp1_cast, %tmp

ST_4: sum2_cast (40)  [1/1] 0.00ns  loc: IP_2.0_convolution_restructure.c:23
:3  %sum2_cast = zext i20 %sum2 to i32

ST_4: input2_sum (41)  [1/1] 3.44ns  loc: IP_2.0_convolution_restructure.c:23
:4  %input2_sum = add i32 %input_read, %sum2_cast

ST_4: INPUT_BUNDLE_addr (42)  [1/1] 0.00ns  loc: IP_2.0_convolution_restructure.c:23
:5  %INPUT_BUNDLE_addr = getelementptr i8* %INPUT_BUNDLE, i32 %input2_sum

ST_4: tmp2 (46)  [1/1] 2.84ns  loc: IP_2.0_convolution_restructure.c:23
:9  %tmp2 = add i10 -1, %i

ST_4: sum4 (47)  [1/1] 0.00ns  loc: IP_2.0_convolution_restructure.c:22
:10  %sum4 = call i20 @_ssdm_op_BitConcatenate.i20.i10.i10(i10 %j, i10 %tmp2)

ST_4: sum4_cast (48)  [1/1] 0.00ns  loc: IP_2.0_convolution_restructure.c:22
:11  %sum4_cast = zext i20 %sum4 to i32

ST_4: input2_sum5 (49)  [1/1] 3.44ns  loc: IP_2.0_convolution_restructure.c:22
:12  %input2_sum5 = add i32 %input_read, %sum4_cast

ST_4: INPUT_BUNDLE_addr_1 (50)  [1/1] 0.00ns  loc: IP_2.0_convolution_restructure.c:22
:13  %INPUT_BUNDLE_addr_1 = getelementptr i8* %INPUT_BUNDLE, i32 %input2_sum5

ST_4: tmp3_cast (63)  [1/1] 0.00ns  loc: IP_2.0_convolution_restructure.c:23
:26  %tmp3_cast = sext i11 %tmp3 to i20

ST_4: sum8 (64)  [1/1] 3.08ns  loc: IP_2.0_convolution_restructure.c:23
:27  %sum8 = add i20 %tmp3_cast, %tmp

ST_4: sum8_cast (65)  [1/1] 0.00ns  loc: IP_2.0_convolution_restructure.c:23
:28  %sum8_cast = zext i20 %sum8 to i32

ST_4: input2_sum7 (66)  [1/1] 3.44ns  loc: IP_2.0_convolution_restructure.c:23
:29  %input2_sum7 = add i32 %input_read, %sum8_cast

ST_4: INPUT_BUNDLE_addr_3 (67)  [1/1] 0.00ns  loc: IP_2.0_convolution_restructure.c:23
:30  %INPUT_BUNDLE_addr_3 = getelementptr i8* %INPUT_BUNDLE, i32 %input2_sum7

ST_4: tmp4_cast (80)  [1/1] 0.00ns  loc: IP_2.0_convolution_restructure.c:23
:43  %tmp4_cast = zext i11 %tmp3 to i20

ST_4: sum5 (81)  [1/1] 3.08ns  loc: IP_2.0_convolution_restructure.c:23
:44  %sum5 = add i20 %tmp4_cast, %tmp

ST_4: sum5_cast (82)  [1/1] 0.00ns  loc: IP_2.0_convolution_restructure.c:23
:45  %sum5_cast = zext i20 %sum5 to i32

ST_4: input2_sum9 (83)  [1/1] 3.44ns  loc: IP_2.0_convolution_restructure.c:23
:46  %input2_sum9 = add i32 %input_read, %sum5_cast

ST_4: INPUT_BUNDLE_addr_5 (84)  [1/1] 0.00ns  loc: IP_2.0_convolution_restructure.c:23
:47  %INPUT_BUNDLE_addr_5 = getelementptr i8* %INPUT_BUNDLE, i32 %input2_sum9

ST_4: tmp7 (97)  [1/1] 0.00ns  loc: IP_2.0_convolution_restructure.c:23
:60  %tmp7 = call i11 @_ssdm_op_BitConcatenate.i11.i1.i10(i1 true, i10 %i)

ST_4: tmp7_cast (98)  [1/1] 0.00ns  loc: IP_2.0_convolution_restructure.c:23
:61  %tmp7_cast = zext i11 %tmp7 to i20

ST_4: sum7 (99)  [1/1] 3.08ns  loc: IP_2.0_convolution_restructure.c:23
:62  %sum7 = add i20 %tmp7_cast, %tmp

ST_4: sum7_cast (100)  [1/1] 0.00ns  loc: IP_2.0_convolution_restructure.c:23
:63  %sum7_cast = zext i20 %sum7 to i32

ST_4: input2_sum1 (101)  [1/1] 3.44ns  loc: IP_2.0_convolution_restructure.c:23
:64  %input2_sum1 = add i32 %input_read, %sum7_cast

ST_4: INPUT_BUNDLE_addr_6 (102)  [1/1] 0.00ns  loc: IP_2.0_convolution_restructure.c:23
:65  %INPUT_BUNDLE_addr_6 = getelementptr i8* %INPUT_BUNDLE, i32 %input2_sum1

ST_4: tmp8_cast (107)  [1/1] 0.00ns  loc: IP_2.0_convolution_restructure.c:23
:70  %tmp8_cast = sext i11 %tmp7 to i20

ST_4: sum9 (108)  [1/1] 3.08ns  loc: IP_2.0_convolution_restructure.c:23
:71  %sum9 = add i20 %tmp8_cast, %tmp

ST_4: sum9_cast (109)  [1/1] 0.00ns  loc: IP_2.0_convolution_restructure.c:23
:72  %sum9_cast = zext i20 %sum9 to i32

ST_4: input2_sum2 (110)  [1/1] 3.44ns  loc: IP_2.0_convolution_restructure.c:23
:73  %input2_sum2 = add i32 %input_read, %sum9_cast

ST_4: INPUT_BUNDLE_addr_7 (111)  [1/1] 0.00ns  loc: IP_2.0_convolution_restructure.c:23
:74  %INPUT_BUNDLE_addr_7 = getelementptr i8* %INPUT_BUNDLE, i32 %input2_sum2


 <State 5>: 8.75ns
ST_5: INPUT_BUNDLE_load_re (43)  [7/7] 8.75ns  loc: IP_2.0_convolution_restructure.c:24
:6  %INPUT_BUNDLE_load_re = call i1 @_ssdm_op_ReadReq.m_axi.i8P(i8* %INPUT_BUNDLE_addr, i32 1)


 <State 6>: 8.75ns
ST_6: INPUT_BUNDLE_load_re (43)  [6/7] 8.75ns  loc: IP_2.0_convolution_restructure.c:24
:6  %INPUT_BUNDLE_load_re = call i1 @_ssdm_op_ReadReq.m_axi.i8P(i8* %INPUT_BUNDLE_addr, i32 1)

ST_6: INPUT_BUNDLE_load_1_s (51)  [7/7] 8.75ns  loc: IP_2.0_convolution_restructure.c:24
:14  %INPUT_BUNDLE_load_1_s = call i1 @_ssdm_op_ReadReq.m_axi.i8P(i8* %INPUT_BUNDLE_addr_1, i32 1)


 <State 7>: 8.75ns
ST_7: INPUT_BUNDLE_load_re (43)  [5/7] 8.75ns  loc: IP_2.0_convolution_restructure.c:24
:6  %INPUT_BUNDLE_load_re = call i1 @_ssdm_op_ReadReq.m_axi.i8P(i8* %INPUT_BUNDLE_addr, i32 1)

ST_7: INPUT_BUNDLE_load_1_s (51)  [6/7] 8.75ns  loc: IP_2.0_convolution_restructure.c:24
:14  %INPUT_BUNDLE_load_1_s = call i1 @_ssdm_op_ReadReq.m_axi.i8P(i8* %INPUT_BUNDLE_addr_1, i32 1)

ST_7: INPUT_BUNDLE_load_2_s (59)  [7/7] 8.75ns  loc: IP_2.0_convolution_restructure.c:24
:22  %INPUT_BUNDLE_load_2_s = call i1 @_ssdm_op_ReadReq.m_axi.i8P(i8* %INPUT_BUNDLE_addr_2, i32 1)


 <State 8>: 8.75ns
ST_8: INPUT_BUNDLE_load_re (43)  [4/7] 8.75ns  loc: IP_2.0_convolution_restructure.c:24
:6  %INPUT_BUNDLE_load_re = call i1 @_ssdm_op_ReadReq.m_axi.i8P(i8* %INPUT_BUNDLE_addr, i32 1)

ST_8: INPUT_BUNDLE_load_1_s (51)  [5/7] 8.75ns  loc: IP_2.0_convolution_restructure.c:24
:14  %INPUT_BUNDLE_load_1_s = call i1 @_ssdm_op_ReadReq.m_axi.i8P(i8* %INPUT_BUNDLE_addr_1, i32 1)

ST_8: INPUT_BUNDLE_load_2_s (59)  [6/7] 8.75ns  loc: IP_2.0_convolution_restructure.c:24
:22  %INPUT_BUNDLE_load_2_s = call i1 @_ssdm_op_ReadReq.m_axi.i8P(i8* %INPUT_BUNDLE_addr_2, i32 1)

ST_8: INPUT_BUNDLE_load_3_s (68)  [7/7] 8.75ns  loc: IP_2.0_convolution_restructure.c:24
:31  %INPUT_BUNDLE_load_3_s = call i1 @_ssdm_op_ReadReq.m_axi.i8P(i8* %INPUT_BUNDLE_addr_3, i32 1)


 <State 9>: 8.75ns
ST_9: INPUT_BUNDLE_load_re (43)  [3/7] 8.75ns  loc: IP_2.0_convolution_restructure.c:24
:6  %INPUT_BUNDLE_load_re = call i1 @_ssdm_op_ReadReq.m_axi.i8P(i8* %INPUT_BUNDLE_addr, i32 1)

ST_9: INPUT_BUNDLE_load_1_s (51)  [4/7] 8.75ns  loc: IP_2.0_convolution_restructure.c:24
:14  %INPUT_BUNDLE_load_1_s = call i1 @_ssdm_op_ReadReq.m_axi.i8P(i8* %INPUT_BUNDLE_addr_1, i32 1)

ST_9: INPUT_BUNDLE_load_2_s (59)  [5/7] 8.75ns  loc: IP_2.0_convolution_restructure.c:24
:22  %INPUT_BUNDLE_load_2_s = call i1 @_ssdm_op_ReadReq.m_axi.i8P(i8* %INPUT_BUNDLE_addr_2, i32 1)

ST_9: INPUT_BUNDLE_load_3_s (68)  [6/7] 8.75ns  loc: IP_2.0_convolution_restructure.c:24
:31  %INPUT_BUNDLE_load_3_s = call i1 @_ssdm_op_ReadReq.m_axi.i8P(i8* %INPUT_BUNDLE_addr_3, i32 1)

ST_9: INPUT_BUNDLE_load_4_s (76)  [7/7] 8.75ns  loc: IP_2.0_convolution_restructure.c:24
:39  %INPUT_BUNDLE_load_4_s = call i1 @_ssdm_op_ReadReq.m_axi.i8P(i8* %INPUT_BUNDLE_addr_4, i32 1)


 <State 10>: 8.75ns
ST_10: INPUT_BUNDLE_load_re (43)  [2/7] 8.75ns  loc: IP_2.0_convolution_restructure.c:24
:6  %INPUT_BUNDLE_load_re = call i1 @_ssdm_op_ReadReq.m_axi.i8P(i8* %INPUT_BUNDLE_addr, i32 1)

ST_10: INPUT_BUNDLE_load_1_s (51)  [3/7] 8.75ns  loc: IP_2.0_convolution_restructure.c:24
:14  %INPUT_BUNDLE_load_1_s = call i1 @_ssdm_op_ReadReq.m_axi.i8P(i8* %INPUT_BUNDLE_addr_1, i32 1)

ST_10: INPUT_BUNDLE_load_2_s (59)  [4/7] 8.75ns  loc: IP_2.0_convolution_restructure.c:24
:22  %INPUT_BUNDLE_load_2_s = call i1 @_ssdm_op_ReadReq.m_axi.i8P(i8* %INPUT_BUNDLE_addr_2, i32 1)

ST_10: INPUT_BUNDLE_load_3_s (68)  [5/7] 8.75ns  loc: IP_2.0_convolution_restructure.c:24
:31  %INPUT_BUNDLE_load_3_s = call i1 @_ssdm_op_ReadReq.m_axi.i8P(i8* %INPUT_BUNDLE_addr_3, i32 1)

ST_10: INPUT_BUNDLE_load_4_s (76)  [6/7] 8.75ns  loc: IP_2.0_convolution_restructure.c:24
:39  %INPUT_BUNDLE_load_4_s = call i1 @_ssdm_op_ReadReq.m_axi.i8P(i8* %INPUT_BUNDLE_addr_4, i32 1)

ST_10: INPUT_BUNDLE_load_5_s (85)  [7/7] 8.75ns  loc: IP_2.0_convolution_restructure.c:24
:48  %INPUT_BUNDLE_load_5_s = call i1 @_ssdm_op_ReadReq.m_axi.i8P(i8* %INPUT_BUNDLE_addr_5, i32 1)


 <State 11>: 8.75ns
ST_11: INPUT_BUNDLE_load_re (43)  [1/7] 8.75ns  loc: IP_2.0_convolution_restructure.c:24
:6  %INPUT_BUNDLE_load_re = call i1 @_ssdm_op_ReadReq.m_axi.i8P(i8* %INPUT_BUNDLE_addr, i32 1)

ST_11: INPUT_BUNDLE_load_1_s (51)  [2/7] 8.75ns  loc: IP_2.0_convolution_restructure.c:24
:14  %INPUT_BUNDLE_load_1_s = call i1 @_ssdm_op_ReadReq.m_axi.i8P(i8* %INPUT_BUNDLE_addr_1, i32 1)

ST_11: INPUT_BUNDLE_load_2_s (59)  [3/7] 8.75ns  loc: IP_2.0_convolution_restructure.c:24
:22  %INPUT_BUNDLE_load_2_s = call i1 @_ssdm_op_ReadReq.m_axi.i8P(i8* %INPUT_BUNDLE_addr_2, i32 1)

ST_11: INPUT_BUNDLE_load_3_s (68)  [4/7] 8.75ns  loc: IP_2.0_convolution_restructure.c:24
:31  %INPUT_BUNDLE_load_3_s = call i1 @_ssdm_op_ReadReq.m_axi.i8P(i8* %INPUT_BUNDLE_addr_3, i32 1)

ST_11: INPUT_BUNDLE_load_4_s (76)  [5/7] 8.75ns  loc: IP_2.0_convolution_restructure.c:24
:39  %INPUT_BUNDLE_load_4_s = call i1 @_ssdm_op_ReadReq.m_axi.i8P(i8* %INPUT_BUNDLE_addr_4, i32 1)

ST_11: INPUT_BUNDLE_load_5_s (85)  [6/7] 8.75ns  loc: IP_2.0_convolution_restructure.c:24
:48  %INPUT_BUNDLE_load_5_s = call i1 @_ssdm_op_ReadReq.m_axi.i8P(i8* %INPUT_BUNDLE_addr_5, i32 1)

ST_11: INPUT_BUNDLE_load_6_s (103)  [7/7] 8.75ns  loc: IP_2.0_convolution_restructure.c:31
:66  %INPUT_BUNDLE_load_6_s = call i1 @_ssdm_op_ReadReq.m_axi.i8P(i8* %INPUT_BUNDLE_addr_6, i32 1)


 <State 12>: 8.75ns
ST_12: INPUT_BUNDLE_addr_re (44)  [1/1] 8.75ns  loc: IP_2.0_convolution_restructure.c:24
:7  %INPUT_BUNDLE_addr_re = call i8 @_ssdm_op_Read.m_axi.i8P(i8* %INPUT_BUNDLE_addr)

ST_12: INPUT_BUNDLE_load_1_s (51)  [1/7] 8.75ns  loc: IP_2.0_convolution_restructure.c:24
:14  %INPUT_BUNDLE_load_1_s = call i1 @_ssdm_op_ReadReq.m_axi.i8P(i8* %INPUT_BUNDLE_addr_1, i32 1)

ST_12: INPUT_BUNDLE_load_2_s (59)  [2/7] 8.75ns  loc: IP_2.0_convolution_restructure.c:24
:22  %INPUT_BUNDLE_load_2_s = call i1 @_ssdm_op_ReadReq.m_axi.i8P(i8* %INPUT_BUNDLE_addr_2, i32 1)

ST_12: INPUT_BUNDLE_load_3_s (68)  [3/7] 8.75ns  loc: IP_2.0_convolution_restructure.c:24
:31  %INPUT_BUNDLE_load_3_s = call i1 @_ssdm_op_ReadReq.m_axi.i8P(i8* %INPUT_BUNDLE_addr_3, i32 1)

ST_12: INPUT_BUNDLE_load_4_s (76)  [4/7] 8.75ns  loc: IP_2.0_convolution_restructure.c:24
:39  %INPUT_BUNDLE_load_4_s = call i1 @_ssdm_op_ReadReq.m_axi.i8P(i8* %INPUT_BUNDLE_addr_4, i32 1)

ST_12: INPUT_BUNDLE_load_5_s (85)  [5/7] 8.75ns  loc: IP_2.0_convolution_restructure.c:24
:48  %INPUT_BUNDLE_load_5_s = call i1 @_ssdm_op_ReadReq.m_axi.i8P(i8* %INPUT_BUNDLE_addr_5, i32 1)

ST_12: INPUT_BUNDLE_load_6_s (103)  [6/7] 8.75ns  loc: IP_2.0_convolution_restructure.c:31
:66  %INPUT_BUNDLE_load_6_s = call i1 @_ssdm_op_ReadReq.m_axi.i8P(i8* %INPUT_BUNDLE_addr_6, i32 1)

ST_12: INPUT_BUNDLE_load_7_s (112)  [7/7] 8.75ns  loc: IP_2.0_convolution_restructure.c:31
:75  %INPUT_BUNDLE_load_7_s = call i1 @_ssdm_op_ReadReq.m_axi.i8P(i8* %INPUT_BUNDLE_addr_7, i32 1)


 <State 13>: 8.75ns
ST_13: INPUT_BUNDLE_addr_1_s (52)  [1/1] 8.75ns  loc: IP_2.0_convolution_restructure.c:24
:15  %INPUT_BUNDLE_addr_1_s = call i8 @_ssdm_op_Read.m_axi.i8P(i8* %INPUT_BUNDLE_addr_1)

ST_13: INPUT_BUNDLE_load_2_s (59)  [1/7] 8.75ns  loc: IP_2.0_convolution_restructure.c:24
:22  %INPUT_BUNDLE_load_2_s = call i1 @_ssdm_op_ReadReq.m_axi.i8P(i8* %INPUT_BUNDLE_addr_2, i32 1)

ST_13: INPUT_BUNDLE_load_3_s (68)  [2/7] 8.75ns  loc: IP_2.0_convolution_restructure.c:24
:31  %INPUT_BUNDLE_load_3_s = call i1 @_ssdm_op_ReadReq.m_axi.i8P(i8* %INPUT_BUNDLE_addr_3, i32 1)

ST_13: INPUT_BUNDLE_load_4_s (76)  [3/7] 8.75ns  loc: IP_2.0_convolution_restructure.c:24
:39  %INPUT_BUNDLE_load_4_s = call i1 @_ssdm_op_ReadReq.m_axi.i8P(i8* %INPUT_BUNDLE_addr_4, i32 1)

ST_13: INPUT_BUNDLE_load_5_s (85)  [4/7] 8.75ns  loc: IP_2.0_convolution_restructure.c:24
:48  %INPUT_BUNDLE_load_5_s = call i1 @_ssdm_op_ReadReq.m_axi.i8P(i8* %INPUT_BUNDLE_addr_5, i32 1)

ST_13: INPUT_BUNDLE_load_6_s (103)  [5/7] 8.75ns  loc: IP_2.0_convolution_restructure.c:31
:66  %INPUT_BUNDLE_load_6_s = call i1 @_ssdm_op_ReadReq.m_axi.i8P(i8* %INPUT_BUNDLE_addr_6, i32 1)

ST_13: INPUT_BUNDLE_load_7_s (112)  [6/7] 8.75ns  loc: IP_2.0_convolution_restructure.c:31
:75  %INPUT_BUNDLE_load_7_s = call i1 @_ssdm_op_ReadReq.m_axi.i8P(i8* %INPUT_BUNDLE_addr_7, i32 1)


 <State 14>: 8.75ns
ST_14: INPUT_BUNDLE_addr_2_s (60)  [1/1] 8.75ns  loc: IP_2.0_convolution_restructure.c:24
:23  %INPUT_BUNDLE_addr_2_s = call i8 @_ssdm_op_Read.m_axi.i8P(i8* %INPUT_BUNDLE_addr_2)

ST_14: INPUT_BUNDLE_load_3_s (68)  [1/7] 8.75ns  loc: IP_2.0_convolution_restructure.c:24
:31  %INPUT_BUNDLE_load_3_s = call i1 @_ssdm_op_ReadReq.m_axi.i8P(i8* %INPUT_BUNDLE_addr_3, i32 1)

ST_14: INPUT_BUNDLE_load_4_s (76)  [2/7] 8.75ns  loc: IP_2.0_convolution_restructure.c:24
:39  %INPUT_BUNDLE_load_4_s = call i1 @_ssdm_op_ReadReq.m_axi.i8P(i8* %INPUT_BUNDLE_addr_4, i32 1)

ST_14: INPUT_BUNDLE_load_5_s (85)  [3/7] 8.75ns  loc: IP_2.0_convolution_restructure.c:24
:48  %INPUT_BUNDLE_load_5_s = call i1 @_ssdm_op_ReadReq.m_axi.i8P(i8* %INPUT_BUNDLE_addr_5, i32 1)

ST_14: INPUT_BUNDLE_load_6_s (103)  [4/7] 8.75ns  loc: IP_2.0_convolution_restructure.c:31
:66  %INPUT_BUNDLE_load_6_s = call i1 @_ssdm_op_ReadReq.m_axi.i8P(i8* %INPUT_BUNDLE_addr_6, i32 1)

ST_14: INPUT_BUNDLE_load_7_s (112)  [5/7] 8.75ns  loc: IP_2.0_convolution_restructure.c:31
:75  %INPUT_BUNDLE_load_7_s = call i1 @_ssdm_op_ReadReq.m_axi.i8P(i8* %INPUT_BUNDLE_addr_7, i32 1)


 <State 15>: 8.75ns
ST_15: tmp_6_cast (45)  [1/1] 0.00ns  loc: IP_2.0_convolution_restructure.c:24
:8  %tmp_6_cast = zext i8 %INPUT_BUNDLE_addr_re to i9

ST_15: tmp_s (53)  [1/1] 0.00ns  loc: IP_2.0_convolution_restructure.c:24
:16  %tmp_s = call i9 @_ssdm_op_BitConcatenate.i9.i8.i1(i8 %INPUT_BUNDLE_addr_1_s, i1 false)

ST_15: tmp_cast (54)  [1/1] 0.00ns  loc: IP_2.0_convolution_restructure.c:24
:17  %tmp_cast = zext i9 %tmp_s to i10

ST_15: tmp_3_cast (61)  [1/1] 0.00ns  loc: IP_2.0_convolution_restructure.c:24
:24  %tmp_3_cast = zext i8 %INPUT_BUNDLE_addr_2_s to i9

ST_15: INPUT_BUNDLE_addr_3_s (69)  [1/1] 8.75ns  loc: IP_2.0_convolution_restructure.c:24
:32  %INPUT_BUNDLE_addr_3_s = call i8 @_ssdm_op_Read.m_axi.i8P(i8* %INPUT_BUNDLE_addr_3)

ST_15: INPUT_BUNDLE_load_4_s (76)  [1/7] 8.75ns  loc: IP_2.0_convolution_restructure.c:24
:39  %INPUT_BUNDLE_load_4_s = call i1 @_ssdm_op_ReadReq.m_axi.i8P(i8* %INPUT_BUNDLE_addr_4, i32 1)

ST_15: INPUT_BUNDLE_load_5_s (85)  [2/7] 8.75ns  loc: IP_2.0_convolution_restructure.c:24
:48  %INPUT_BUNDLE_load_5_s = call i1 @_ssdm_op_ReadReq.m_axi.i8P(i8* %INPUT_BUNDLE_addr_5, i32 1)

ST_15: tmp5 (88)  [1/1] 2.80ns  loc: IP_2.0_convolution_restructure.c:24
:51  %tmp5 = add i9 %tmp_6_cast, %tmp_3_cast

ST_15: tmp5_cast (89)  [1/1] 0.00ns  loc: IP_2.0_convolution_restructure.c:24
:52  %tmp5_cast = zext i9 %tmp5 to i10

ST_15: sum1 (90)  [1/1] 2.82ns  loc: IP_2.0_convolution_restructure.c:24
:53  %sum1 = add i10 %tmp5_cast, %tmp_cast

ST_15: INPUT_BUNDLE_load_6_s (103)  [3/7] 8.75ns  loc: IP_2.0_convolution_restructure.c:31
:66  %INPUT_BUNDLE_load_6_s = call i1 @_ssdm_op_ReadReq.m_axi.i8P(i8* %INPUT_BUNDLE_addr_6, i32 1)

ST_15: INPUT_BUNDLE_load_7_s (112)  [4/7] 8.75ns  loc: IP_2.0_convolution_restructure.c:31
:75  %INPUT_BUNDLE_load_7_s = call i1 @_ssdm_op_ReadReq.m_axi.i8P(i8* %INPUT_BUNDLE_addr_7, i32 1)

ST_15: sum6_neg (116)  [1/1] 2.80ns  loc: IP_2.0_convolution_restructure.c:31
:79  %sum6_neg = sub i9 %tmp_6_cast, %tmp_3_cast


 <State 16>: 8.75ns
ST_16: INPUT_BUNDLE_addr_4_s (77)  [1/1] 8.75ns  loc: IP_2.0_convolution_restructure.c:24
:40  %INPUT_BUNDLE_addr_4_s = call i8 @_ssdm_op_Read.m_axi.i8P(i8* %INPUT_BUNDLE_addr_4)

ST_16: INPUT_BUNDLE_load_5_s (85)  [1/7] 8.75ns  loc: IP_2.0_convolution_restructure.c:24
:48  %INPUT_BUNDLE_load_5_s = call i1 @_ssdm_op_ReadReq.m_axi.i8P(i8* %INPUT_BUNDLE_addr_5, i32 1)

ST_16: INPUT_BUNDLE_load_6_s (103)  [2/7] 8.75ns  loc: IP_2.0_convolution_restructure.c:31
:66  %INPUT_BUNDLE_load_6_s = call i1 @_ssdm_op_ReadReq.m_axi.i8P(i8* %INPUT_BUNDLE_addr_6, i32 1)

ST_16: INPUT_BUNDLE_load_7_s (112)  [3/7] 8.75ns  loc: IP_2.0_convolution_restructure.c:31
:75  %INPUT_BUNDLE_load_7_s = call i1 @_ssdm_op_ReadReq.m_axi.i8P(i8* %INPUT_BUNDLE_addr_7, i32 1)


 <State 17>: 8.75ns
ST_17: INPUT_BUNDLE_addr_5_s (86)  [1/1] 8.75ns  loc: IP_2.0_convolution_restructure.c:24
:49  %INPUT_BUNDLE_addr_5_s = call i8 @_ssdm_op_Read.m_axi.i8P(i8* %INPUT_BUNDLE_addr_5)

ST_17: INPUT_BUNDLE_load_6_s (103)  [1/7] 8.75ns  loc: IP_2.0_convolution_restructure.c:31
:66  %INPUT_BUNDLE_load_6_s = call i1 @_ssdm_op_ReadReq.m_axi.i8P(i8* %INPUT_BUNDLE_addr_6, i32 1)

ST_17: INPUT_BUNDLE_load_7_s (112)  [2/7] 8.75ns  loc: IP_2.0_convolution_restructure.c:31
:75  %INPUT_BUNDLE_load_7_s = call i1 @_ssdm_op_ReadReq.m_axi.i8P(i8* %INPUT_BUNDLE_addr_7, i32 1)


 <State 18>: 8.75ns
ST_18: tmp_8_cast1 (70)  [1/1] 0.00ns  loc: IP_2.0_convolution_restructure.c:24
:33  %tmp_8_cast1 = zext i8 %INPUT_BUNDLE_addr_3_s to i10

ST_18: tmp_8_cast (71)  [1/1] 0.00ns  loc: IP_2.0_convolution_restructure.c:24
:34  %tmp_8_cast = zext i8 %INPUT_BUNDLE_addr_3_s to i11

ST_18: tmp_3 (78)  [1/1] 0.00ns  loc: IP_2.0_convolution_restructure.c:24
:41  %tmp_3 = call i9 @_ssdm_op_BitConcatenate.i9.i8.i1(i8 %INPUT_BUNDLE_addr_4_s, i1 false)

ST_18: tmp_11_cast (79)  [1/1] 0.00ns  loc: IP_2.0_convolution_restructure.c:24
:42  %tmp_11_cast = zext i9 %tmp_3 to i10

ST_18: tmp_13_cast (87)  [1/1] 0.00ns  loc: IP_2.0_convolution_restructure.c:24
:50  %tmp_13_cast = zext i8 %INPUT_BUNDLE_addr_5_s to i10

ST_18: sum1_cast (91)  [1/1] 0.00ns  loc: IP_2.0_convolution_restructure.c:24
:54  %sum1_cast = zext i10 %sum1 to i11

ST_18: tmp_4 (92)  [1/1] 1.88ns  loc: IP_2.0_convolution_restructure.c:24
:55  %tmp_4 = sub i11 %tmp_8_cast, %sum1_cast

ST_18: tmp6 (93)  [1/1] 2.82ns  loc: IP_2.0_convolution_restructure.c:24
:56  %tmp6 = add i10 %tmp_11_cast, %tmp_13_cast

ST_18: tmp6_cast (94)  [1/1] 0.00ns  loc: IP_2.0_convolution_restructure.c:24
:57  %tmp6_cast = zext i10 %tmp6 to i11

ST_18: convulution_horizont (95)  [1/1] 1.88ns  loc: IP_2.0_convolution_restructure.c:24
:58  %convulution_horizont = add i11 %tmp6_cast, %tmp_4

ST_18: INPUT_BUNDLE_addr_6_s (104)  [1/1] 8.75ns  loc: IP_2.0_convolution_restructure.c:31
:67  %INPUT_BUNDLE_addr_6_s = call i8 @_ssdm_op_Read.m_axi.i8P(i8* %INPUT_BUNDLE_addr_6)

ST_18: INPUT_BUNDLE_load_7_s (112)  [1/7] 8.75ns  loc: IP_2.0_convolution_restructure.c:31
:75  %INPUT_BUNDLE_load_7_s = call i1 @_ssdm_op_ReadReq.m_axi.i8P(i8* %INPUT_BUNDLE_addr_7, i32 1)

ST_18: sum6_neg_cast (117)  [1/1] 0.00ns  loc: IP_2.0_convolution_restructure.c:31
:80  %sum6_neg_cast = sext i9 %sum6_neg to i10

ST_18: sum7_neg (118)  [1/1] 1.86ns  loc: IP_2.0_convolution_restructure.c:31
:81  %sum7_neg = add i10 %sum6_neg_cast, %tmp_8_cast1

ST_18: tmp_7 (119)  [1/1] 1.86ns  loc: IP_2.0_convolution_restructure.c:31
:82  %tmp_7 = sub i10 %sum7_neg, %tmp_13_cast


 <State 19>: 8.75ns
ST_19: INPUT_BUNDLE_addr_7_s (113)  [1/1] 8.75ns  loc: IP_2.0_convolution_restructure.c:31
:76  %INPUT_BUNDLE_addr_7_s = call i8 @_ssdm_op_Read.m_axi.i8P(i8* %INPUT_BUNDLE_addr_7)


 <State 20>: 3.76ns
ST_20: tmp_5 (105)  [1/1] 0.00ns  loc: IP_2.0_convolution_restructure.c:31
:68  %tmp_5 = call i9 @_ssdm_op_BitConcatenate.i9.i8.i1(i8 %INPUT_BUNDLE_addr_6_s, i1 false)

ST_20: tmp_18_cast (106)  [1/1] 0.00ns  loc: IP_2.0_convolution_restructure.c:31
:69  %tmp_18_cast = zext i9 %tmp_5 to i11

ST_20: tmp_6 (114)  [1/1] 0.00ns  loc: IP_2.0_convolution_restructure.c:31
:77  %tmp_6 = call i9 @_ssdm_op_BitConcatenate.i9.i8.i1(i8 %INPUT_BUNDLE_addr_7_s, i1 false)

ST_20: tmp_21_cast (115)  [1/1] 0.00ns  loc: IP_2.0_convolution_restructure.c:31
:78  %tmp_21_cast = zext i9 %tmp_6 to i11

ST_20: tmp_22_cast (120)  [1/1] 0.00ns  loc: IP_2.0_convolution_restructure.c:31
:83  %tmp_22_cast = sext i10 %tmp_7 to i11

ST_20: tmp_8 (121)  [1/1] 1.88ns  loc: IP_2.0_convolution_restructure.c:31
:84  %tmp_8 = sub i11 %tmp_22_cast, %tmp_18_cast

ST_20: convulution_vertical (122)  [1/1] 1.88ns  loc: IP_2.0_convolution_restructure.c:31
:85  %convulution_vertical = add i11 %tmp_8, %tmp_21_cast


 <State 21>: 6.38ns
ST_21: convulution_vertical_1 (123)  [1/1] 0.00ns  loc: IP_2.0_convolution_restructure.c:31
:86  %convulution_vertical_1 = sext i11 %convulution_vertical to i22

ST_21: tmp_10 (125)  [1/1] 6.38ns  loc: IP_2.0_convolution_restructure.c:38
:88  %tmp_10 = mul i22 %convulution_vertical_1, %convulution_vertical_1


 <State 22>: 6.38ns
ST_22: convulution_horizont_1 (96)  [1/1] 0.00ns  loc: IP_2.0_convolution_restructure.c:24
:59  %convulution_horizont_1 = sext i11 %convulution_horizont to i22

ST_22: tmp_9 (124)  [1/1] 3.36ns  loc: IP_2.0_convolution_restructure.c:38
:87  %tmp_9 = mul i22 %convulution_horizont_1, %convulution_horizont_1

ST_22: p (126)  [1/1] 3.02ns  loc: IP_2.0_convolution_restructure.c:38
:89  %p = add i22 %tmp_10, %tmp_9


 <State 23>: 6.28ns
ST_23: tmp_12 (127)  [1/1] 0.00ns  loc: IP_2.0_convolution_restructure.c:39
:90  %tmp_12 = sext i22 %p to i32

ST_23: tmp_11 (128)  [6/6] 6.28ns  loc: IP_2.0_convolution_restructure.c:39
:91  %tmp_11 = sitofp i32 %tmp_12 to double


 <State 24>: 6.28ns
ST_24: tmp_11 (128)  [5/6] 6.28ns  loc: IP_2.0_convolution_restructure.c:39
:91  %tmp_11 = sitofp i32 %tmp_12 to double


 <State 25>: 6.28ns
ST_25: tmp_11 (128)  [4/6] 6.28ns  loc: IP_2.0_convolution_restructure.c:39
:91  %tmp_11 = sitofp i32 %tmp_12 to double


 <State 26>: 6.28ns
ST_26: tmp_11 (128)  [3/6] 6.28ns  loc: IP_2.0_convolution_restructure.c:39
:91  %tmp_11 = sitofp i32 %tmp_12 to double


 <State 27>: 6.28ns
ST_27: tmp_11 (128)  [2/6] 6.28ns  loc: IP_2.0_convolution_restructure.c:39
:91  %tmp_11 = sitofp i32 %tmp_12 to double


 <State 28>: 6.28ns
ST_28: tmp_11 (128)  [1/6] 6.28ns  loc: IP_2.0_convolution_restructure.c:39
:91  %tmp_11 = sitofp i32 %tmp_12 to double


 <State 29>: 8.62ns
ST_29: x_assign (129)  [31/31] 8.62ns  loc: IP_2.0_convolution_restructure.c:39
:92  %x_assign = call double @llvm.sqrt.f64(double %tmp_11)


 <State 30>: 8.62ns
ST_30: x_assign (129)  [30/31] 8.62ns  loc: IP_2.0_convolution_restructure.c:39
:92  %x_assign = call double @llvm.sqrt.f64(double %tmp_11)


 <State 31>: 8.62ns
ST_31: x_assign (129)  [29/31] 8.62ns  loc: IP_2.0_convolution_restructure.c:39
:92  %x_assign = call double @llvm.sqrt.f64(double %tmp_11)


 <State 32>: 8.62ns
ST_32: x_assign (129)  [28/31] 8.62ns  loc: IP_2.0_convolution_restructure.c:39
:92  %x_assign = call double @llvm.sqrt.f64(double %tmp_11)


 <State 33>: 8.62ns
ST_33: x_assign (129)  [27/31] 8.62ns  loc: IP_2.0_convolution_restructure.c:39
:92  %x_assign = call double @llvm.sqrt.f64(double %tmp_11)


 <State 34>: 8.62ns
ST_34: x_assign (129)  [26/31] 8.62ns  loc: IP_2.0_convolution_restructure.c:39
:92  %x_assign = call double @llvm.sqrt.f64(double %tmp_11)


 <State 35>: 8.62ns
ST_35: x_assign (129)  [25/31] 8.62ns  loc: IP_2.0_convolution_restructure.c:39
:92  %x_assign = call double @llvm.sqrt.f64(double %tmp_11)


 <State 36>: 8.62ns
ST_36: x_assign (129)  [24/31] 8.62ns  loc: IP_2.0_convolution_restructure.c:39
:92  %x_assign = call double @llvm.sqrt.f64(double %tmp_11)


 <State 37>: 8.62ns
ST_37: x_assign (129)  [23/31] 8.62ns  loc: IP_2.0_convolution_restructure.c:39
:92  %x_assign = call double @llvm.sqrt.f64(double %tmp_11)


 <State 38>: 8.62ns
ST_38: x_assign (129)  [22/31] 8.62ns  loc: IP_2.0_convolution_restructure.c:39
:92  %x_assign = call double @llvm.sqrt.f64(double %tmp_11)


 <State 39>: 8.62ns
ST_39: x_assign (129)  [21/31] 8.62ns  loc: IP_2.0_convolution_restructure.c:39
:92  %x_assign = call double @llvm.sqrt.f64(double %tmp_11)


 <State 40>: 8.62ns
ST_40: x_assign (129)  [20/31] 8.62ns  loc: IP_2.0_convolution_restructure.c:39
:92  %x_assign = call double @llvm.sqrt.f64(double %tmp_11)


 <State 41>: 8.62ns
ST_41: x_assign (129)  [19/31] 8.62ns  loc: IP_2.0_convolution_restructure.c:39
:92  %x_assign = call double @llvm.sqrt.f64(double %tmp_11)


 <State 42>: 8.62ns
ST_42: x_assign (129)  [18/31] 8.62ns  loc: IP_2.0_convolution_restructure.c:39
:92  %x_assign = call double @llvm.sqrt.f64(double %tmp_11)


 <State 43>: 8.62ns
ST_43: x_assign (129)  [17/31] 8.62ns  loc: IP_2.0_convolution_restructure.c:39
:92  %x_assign = call double @llvm.sqrt.f64(double %tmp_11)


 <State 44>: 8.62ns
ST_44: x_assign (129)  [16/31] 8.62ns  loc: IP_2.0_convolution_restructure.c:39
:92  %x_assign = call double @llvm.sqrt.f64(double %tmp_11)


 <State 45>: 8.62ns
ST_45: x_assign (129)  [15/31] 8.62ns  loc: IP_2.0_convolution_restructure.c:39
:92  %x_assign = call double @llvm.sqrt.f64(double %tmp_11)


 <State 46>: 8.62ns
ST_46: x_assign (129)  [14/31] 8.62ns  loc: IP_2.0_convolution_restructure.c:39
:92  %x_assign = call double @llvm.sqrt.f64(double %tmp_11)


 <State 47>: 8.62ns
ST_47: x_assign (129)  [13/31] 8.62ns  loc: IP_2.0_convolution_restructure.c:39
:92  %x_assign = call double @llvm.sqrt.f64(double %tmp_11)


 <State 48>: 8.62ns
ST_48: x_assign (129)  [12/31] 8.62ns  loc: IP_2.0_convolution_restructure.c:39
:92  %x_assign = call double @llvm.sqrt.f64(double %tmp_11)


 <State 49>: 8.62ns
ST_49: x_assign (129)  [11/31] 8.62ns  loc: IP_2.0_convolution_restructure.c:39
:92  %x_assign = call double @llvm.sqrt.f64(double %tmp_11)


 <State 50>: 8.62ns
ST_50: x_assign (129)  [10/31] 8.62ns  loc: IP_2.0_convolution_restructure.c:39
:92  %x_assign = call double @llvm.sqrt.f64(double %tmp_11)


 <State 51>: 8.62ns
ST_51: x_assign (129)  [9/31] 8.62ns  loc: IP_2.0_convolution_restructure.c:39
:92  %x_assign = call double @llvm.sqrt.f64(double %tmp_11)


 <State 52>: 8.62ns
ST_52: x_assign (129)  [8/31] 8.62ns  loc: IP_2.0_convolution_restructure.c:39
:92  %x_assign = call double @llvm.sqrt.f64(double %tmp_11)


 <State 53>: 8.62ns
ST_53: x_assign (129)  [7/31] 8.62ns  loc: IP_2.0_convolution_restructure.c:39
:92  %x_assign = call double @llvm.sqrt.f64(double %tmp_11)


 <State 54>: 8.62ns
ST_54: x_assign (129)  [6/31] 8.62ns  loc: IP_2.0_convolution_restructure.c:39
:92  %x_assign = call double @llvm.sqrt.f64(double %tmp_11)


 <State 55>: 8.62ns
ST_55: x_assign (129)  [5/31] 8.62ns  loc: IP_2.0_convolution_restructure.c:39
:92  %x_assign = call double @llvm.sqrt.f64(double %tmp_11)


 <State 56>: 8.62ns
ST_56: x_assign (129)  [4/31] 8.62ns  loc: IP_2.0_convolution_restructure.c:39
:92  %x_assign = call double @llvm.sqrt.f64(double %tmp_11)


 <State 57>: 8.62ns
ST_57: x_assign (129)  [3/31] 8.62ns  loc: IP_2.0_convolution_restructure.c:39
:92  %x_assign = call double @llvm.sqrt.f64(double %tmp_11)


 <State 58>: 8.62ns
ST_58: x_assign (129)  [2/31] 8.62ns  loc: IP_2.0_convolution_restructure.c:39
:92  %x_assign = call double @llvm.sqrt.f64(double %tmp_11)


 <State 59>: 8.62ns
ST_59: x_assign (129)  [1/31] 8.62ns  loc: IP_2.0_convolution_restructure.c:39
:92  %x_assign = call double @llvm.sqrt.f64(double %tmp_11)


 <State 60>: 4.93ns
ST_60: p_Val2_1 (130)  [1/1] 0.00ns  loc: r:/builds/2017.1/nightly/2017_04_14_1846317/src/products/hls/hls_lib/src/hls/utils/x_hls_utils.h:475->r:/builds/2017.1/nightly/2017_04_14_1846317/src/products/hls/hls_lib/src/hls/utils/x_hls_utils.h:479->r:/builds/2017.1/nightly/2017_04_14_1846317/src/products/hls/hls_lib/src/hls/hls_round.h:436->r:/builds/2017.1/nightly/2017_04_14_1846317/src/products/hls/hls_lib/src/hls/hls_round.h:523->r:/builds/2017.1/nightly/2017_04_14_1846317/src/products/hls/hls_lib/src/lib_floatconversion.cpp:47->IP_2.0_convolution_restructure.c:39
:93  %p_Val2_1 = bitcast double %x_assign to i64

ST_60: p_Result_s (131)  [1/1] 0.00ns  loc: r:/builds/2017.1/nightly/2017_04_14_1846317/src/products/hls/hls_lib/src/hls/utils/x_hls_utils.h:476->r:/builds/2017.1/nightly/2017_04_14_1846317/src/products/hls/hls_lib/src/hls/utils/x_hls_utils.h:479->r:/builds/2017.1/nightly/2017_04_14_1846317/src/products/hls/hls_lib/src/hls/hls_round.h:436->r:/builds/2017.1/nightly/2017_04_14_1846317/src/products/hls/hls_lib/src/hls/hls_round.h:523->r:/builds/2017.1/nightly/2017_04_14_1846317/src/products/hls/hls_lib/src/lib_floatconversion.cpp:47->IP_2.0_convolution_restructure.c:39
:94  %p_Result_s = call i1 @_ssdm_op_BitSelect.i1.i64.i32(i64 %p_Val2_1, i32 63)

ST_60: loc_V (132)  [1/1] 0.00ns  loc: r:/builds/2017.1/nightly/2017_04_14_1846317/src/products/hls/hls_lib/src/hls/utils/x_hls_utils.h:477->r:/builds/2017.1/nightly/2017_04_14_1846317/src/products/hls/hls_lib/src/hls/utils/x_hls_utils.h:479->r:/builds/2017.1/nightly/2017_04_14_1846317/src/products/hls/hls_lib/src/hls/hls_round.h:436->r:/builds/2017.1/nightly/2017_04_14_1846317/src/products/hls/hls_lib/src/hls/hls_round.h:523->r:/builds/2017.1/nightly/2017_04_14_1846317/src/products/hls/hls_lib/src/lib_floatconversion.cpp:47->IP_2.0_convolution_restructure.c:39
:95  %loc_V = call i11 @_ssdm_op_PartSelect.i11.i64.i32.i32(i64 %p_Val2_1, i32 52, i32 62) nounwind

ST_60: loc_V_1 (133)  [1/1] 0.00ns  loc: r:/builds/2017.1/nightly/2017_04_14_1846317/src/products/hls/hls_lib/src/hls/utils/x_hls_utils.h:478->r:/builds/2017.1/nightly/2017_04_14_1846317/src/products/hls/hls_lib/src/hls/utils/x_hls_utils.h:479->r:/builds/2017.1/nightly/2017_04_14_1846317/src/products/hls/hls_lib/src/hls/hls_round.h:436->r:/builds/2017.1/nightly/2017_04_14_1846317/src/products/hls/hls_lib/src/hls/hls_round.h:523->r:/builds/2017.1/nightly/2017_04_14_1846317/src/products/hls/hls_lib/src/lib_floatconversion.cpp:47->IP_2.0_convolution_restructure.c:39
:96  %loc_V_1 = trunc i64 %p_Val2_1 to i52

ST_60: tmp_i_i_i_i_cast9 (136)  [1/1] 0.00ns  loc: r:/builds/2017.1/nightly/2017_04_14_1846317/src/products/hls/hls_lib/src/hls/utils/x_hls_utils.h:502->r:/builds/2017.1/nightly/2017_04_14_1846317/src/products/hls/hls_lib/src/hls/hls_round.h:441->r:/builds/2017.1/nightly/2017_04_14_1846317/src/products/hls/hls_lib/src/hls/hls_round.h:523->r:/builds/2017.1/nightly/2017_04_14_1846317/src/products/hls/hls_lib/src/lib_floatconversion.cpp:47->IP_2.0_convolution_restructure.c:39
:99  %tmp_i_i_i_i_cast9 = zext i11 %loc_V to i12

ST_60: sh_assign (137)  [1/1] 2.86ns  loc: r:/builds/2017.1/nightly/2017_04_14_1846317/src/products/hls/hls_lib/src/hls/utils/x_hls_utils.h:502->r:/builds/2017.1/nightly/2017_04_14_1846317/src/products/hls/hls_lib/src/hls/hls_round.h:441->r:/builds/2017.1/nightly/2017_04_14_1846317/src/products/hls/hls_lib/src/hls/hls_round.h:523->r:/builds/2017.1/nightly/2017_04_14_1846317/src/products/hls/hls_lib/src/lib_floatconversion.cpp:47->IP_2.0_convolution_restructure.c:39
:100  %sh_assign = add i12 -1023, %tmp_i_i_i_i_cast9

ST_60: isNeg (138)  [1/1] 0.00ns  loc: r:/builds/2017.1/nightly/2017_04_14_1846317/src/products/hls/hls_lib/src/hls/hls_round.h:441->r:/builds/2017.1/nightly/2017_04_14_1846317/src/products/hls/hls_lib/src/hls/hls_round.h:523->r:/builds/2017.1/nightly/2017_04_14_1846317/src/products/hls/hls_lib/src/lib_floatconversion.cpp:47->IP_2.0_convolution_restructure.c:39
:101  %isNeg = call i1 @_ssdm_op_BitSelect.i1.i12.i32(i12 %sh_assign, i32 11)

ST_60: tmp_30_i_i_i (139)  [1/1] 2.86ns  loc: r:/builds/2017.1/nightly/2017_04_14_1846317/src/products/hls/hls_lib/src/hls/hls_round.h:441->r:/builds/2017.1/nightly/2017_04_14_1846317/src/products/hls/hls_lib/src/hls/hls_round.h:523->r:/builds/2017.1/nightly/2017_04_14_1846317/src/products/hls/hls_lib/src/lib_floatconversion.cpp:47->IP_2.0_convolution_restructure.c:39
:102  %tmp_30_i_i_i = sub i11 1023, %loc_V

ST_60: tmp_30_i_i_i_cast (140)  [1/1] 0.00ns  loc: r:/builds/2017.1/nightly/2017_04_14_1846317/src/products/hls/hls_lib/src/hls/hls_round.h:441->r:/builds/2017.1/nightly/2017_04_14_1846317/src/products/hls/hls_lib/src/hls/hls_round.h:523->r:/builds/2017.1/nightly/2017_04_14_1846317/src/products/hls/hls_lib/src/lib_floatconversion.cpp:47->IP_2.0_convolution_restructure.c:39
:103  %tmp_30_i_i_i_cast = sext i11 %tmp_30_i_i_i to i12

ST_60: sh_assign_1 (141)  [1/1] 2.07ns  loc: r:/builds/2017.1/nightly/2017_04_14_1846317/src/products/hls/hls_lib/src/hls/hls_round.h:441->r:/builds/2017.1/nightly/2017_04_14_1846317/src/products/hls/hls_lib/src/hls/hls_round.h:523->r:/builds/2017.1/nightly/2017_04_14_1846317/src/products/hls/hls_lib/src/lib_floatconversion.cpp:47->IP_2.0_convolution_restructure.c:39
:104  %sh_assign_1 = select i1 %isNeg, i12 %tmp_30_i_i_i_cast, i12 %sh_assign


 <State 61>: 4.61ns
ST_61: tmp_i_i_i (134)  [1/1] 0.00ns  loc: r:/builds/2017.1/nightly/2017_04_14_1846317/src/products/hls/hls_lib/src/hls/hls_round.h:438->r:/builds/2017.1/nightly/2017_04_14_1846317/src/products/hls/hls_lib/src/hls/hls_round.h:523->r:/builds/2017.1/nightly/2017_04_14_1846317/src/products/hls/hls_lib/src/lib_floatconversion.cpp:47->IP_2.0_convolution_restructure.c:39
:97  %tmp_i_i_i = call i54 @_ssdm_op_BitConcatenate.i54.i1.i52.i1(i1 true, i52 %loc_V_1, i1 false)

ST_61: tmp_i_i_i_cast (135)  [1/1] 0.00ns  loc: r:/builds/2017.1/nightly/2017_04_14_1846317/src/products/hls/hls_lib/src/hls/hls_round.h:438->r:/builds/2017.1/nightly/2017_04_14_1846317/src/products/hls/hls_lib/src/hls/hls_round.h:523->r:/builds/2017.1/nightly/2017_04_14_1846317/src/products/hls/hls_lib/src/lib_floatconversion.cpp:47->IP_2.0_convolution_restructure.c:39 (grouped into LUT with out node p_Val2_3)
:98  %tmp_i_i_i_cast = zext i54 %tmp_i_i_i to i137

ST_61: sh_assign_1_cast (142)  [1/1] 0.00ns  loc: r:/builds/2017.1/nightly/2017_04_14_1846317/src/products/hls/hls_lib/src/hls/hls_round.h:441->r:/builds/2017.1/nightly/2017_04_14_1846317/src/products/hls/hls_lib/src/hls/hls_round.h:523->r:/builds/2017.1/nightly/2017_04_14_1846317/src/products/hls/hls_lib/src/lib_floatconversion.cpp:47->IP_2.0_convolution_restructure.c:39
:105  %sh_assign_1_cast = sext i12 %sh_assign_1 to i32

ST_61: tmp_31_i_i_i (143)  [1/1] 0.00ns  loc: r:/builds/2017.1/nightly/2017_04_14_1846317/src/products/hls/hls_lib/src/hls/hls_round.h:441->r:/builds/2017.1/nightly/2017_04_14_1846317/src/products/hls/hls_lib/src/hls/hls_round.h:523->r:/builds/2017.1/nightly/2017_04_14_1846317/src/products/hls/hls_lib/src/lib_floatconversion.cpp:47->IP_2.0_convolution_restructure.c:39 (grouped into LUT with out node p_Val2_3)
:106  %tmp_31_i_i_i = zext i32 %sh_assign_1_cast to i137

ST_61: tmp_31_i_i_i_cast (144)  [1/1] 0.00ns  loc: r:/builds/2017.1/nightly/2017_04_14_1846317/src/products/hls/hls_lib/src/hls/hls_round.h:441->r:/builds/2017.1/nightly/2017_04_14_1846317/src/products/hls/hls_lib/src/hls/hls_round.h:523->r:/builds/2017.1/nightly/2017_04_14_1846317/src/products/hls/hls_lib/src/lib_floatconversion.cpp:47->IP_2.0_convolution_restructure.c:39 (grouped into LUT with out node p_Val2_3)
:107  %tmp_31_i_i_i_cast = zext i32 %sh_assign_1_cast to i54

ST_61: tmp_32_i_i_i (145)  [1/1] 0.00ns  loc: r:/builds/2017.1/nightly/2017_04_14_1846317/src/products/hls/hls_lib/src/hls/hls_round.h:441->r:/builds/2017.1/nightly/2017_04_14_1846317/src/products/hls/hls_lib/src/hls/hls_round.h:523->r:/builds/2017.1/nightly/2017_04_14_1846317/src/products/hls/hls_lib/src/lib_floatconversion.cpp:47->IP_2.0_convolution_restructure.c:39 (grouped into LUT with out node p_Val2_3)
:108  %tmp_32_i_i_i = lshr i54 %tmp_i_i_i, %tmp_31_i_i_i_cast

ST_61: tmp_33_i_i_i (146)  [1/1] 0.00ns  loc: r:/builds/2017.1/nightly/2017_04_14_1846317/src/products/hls/hls_lib/src/hls/hls_round.h:441->r:/builds/2017.1/nightly/2017_04_14_1846317/src/products/hls/hls_lib/src/hls/hls_round.h:523->r:/builds/2017.1/nightly/2017_04_14_1846317/src/products/hls/hls_lib/src/lib_floatconversion.cpp:47->IP_2.0_convolution_restructure.c:39 (grouped into LUT with out node p_Val2_3)
:109  %tmp_33_i_i_i = shl i137 %tmp_i_i_i_cast, %tmp_31_i_i_i

ST_61: tmp_18 (147)  [1/1] 0.00ns  loc: r:/builds/2017.1/nightly/2017_04_14_1846317/src/products/hls/hls_lib/src/hls/hls_round.h:444->r:/builds/2017.1/nightly/2017_04_14_1846317/src/products/hls/hls_lib/src/hls/hls_round.h:523->r:/builds/2017.1/nightly/2017_04_14_1846317/src/products/hls/hls_lib/src/lib_floatconversion.cpp:47->IP_2.0_convolution_restructure.c:39 (grouped into LUT with out node p_Val2_3)
:110  %tmp_18 = call i1 @_ssdm_op_BitSelect.i1.i54.i32(i54 %tmp_32_i_i_i, i32 53)

ST_61: tmp_13 (148)  [1/1] 0.00ns  loc: r:/builds/2017.1/nightly/2017_04_14_1846317/src/products/hls/hls_lib/src/hls/hls_round.h:444->r:/builds/2017.1/nightly/2017_04_14_1846317/src/products/hls/hls_lib/src/hls/hls_round.h:523->r:/builds/2017.1/nightly/2017_04_14_1846317/src/products/hls/hls_lib/src/lib_floatconversion.cpp:47->IP_2.0_convolution_restructure.c:39 (grouped into LUT with out node p_Val2_3)
:111  %tmp_13 = zext i1 %tmp_18 to i31

ST_61: tmp_14 (149)  [1/1] 0.00ns  loc: r:/builds/2017.1/nightly/2017_04_14_1846317/src/products/hls/hls_lib/src/hls/hls_round.h:444->r:/builds/2017.1/nightly/2017_04_14_1846317/src/products/hls/hls_lib/src/hls/hls_round.h:523->r:/builds/2017.1/nightly/2017_04_14_1846317/src/products/hls/hls_lib/src/lib_floatconversion.cpp:47->IP_2.0_convolution_restructure.c:39 (grouped into LUT with out node p_Val2_3)
:112  %tmp_14 = call i31 @_ssdm_op_PartSelect.i31.i137.i32.i32(i137 %tmp_33_i_i_i, i32 53, i32 83)

ST_61: p_Val2_3 (150)  [1/1] 4.61ns  loc: r:/builds/2017.1/nightly/2017_04_14_1846317/src/products/hls/hls_lib/src/hls/hls_round.h:441->r:/builds/2017.1/nightly/2017_04_14_1846317/src/products/hls/hls_lib/src/hls/hls_round.h:523->r:/builds/2017.1/nightly/2017_04_14_1846317/src/products/hls/hls_lib/src/lib_floatconversion.cpp:47->IP_2.0_convolution_restructure.c:39 (out node of the LUT)
:113  %p_Val2_3 = select i1 %isNeg, i31 %tmp_13, i31 %tmp_14


 <State 62>: 8.70ns
ST_62: tmp_35_i_i_i (151)  [1/1] 0.00ns  loc: r:/builds/2017.1/nightly/2017_04_14_1846317/src/products/hls/hls_lib/src/hls/hls_round.h:472->r:/builds/2017.1/nightly/2017_04_14_1846317/src/products/hls/hls_lib/src/hls/hls_round.h:523->r:/builds/2017.1/nightly/2017_04_14_1846317/src/products/hls/hls_lib/src/lib_floatconversion.cpp:47->IP_2.0_convolution_restructure.c:39
:114  %tmp_35_i_i_i = zext i31 %p_Val2_3 to i32

ST_62: tmp_38_i_i_i (152)  [1/1] 3.41ns  loc: r:/builds/2017.1/nightly/2017_04_14_1846317/src/products/hls/hls_lib/src/hls/hls_round.h:473->r:/builds/2017.1/nightly/2017_04_14_1846317/src/products/hls/hls_lib/src/hls/hls_round.h:523->r:/builds/2017.1/nightly/2017_04_14_1846317/src/products/hls/hls_lib/src/lib_floatconversion.cpp:47->IP_2.0_convolution_restructure.c:39
:115  %tmp_38_i_i_i = sub nsw i32 0, %tmp_35_i_i_i

ST_62: p_Val2_s (153)  [1/1] 2.07ns  loc: r:/builds/2017.1/nightly/2017_04_14_1846317/src/products/hls/hls_lib/src/hls/hls_round.h:473->r:/builds/2017.1/nightly/2017_04_14_1846317/src/products/hls/hls_lib/src/hls/hls_round.h:523->r:/builds/2017.1/nightly/2017_04_14_1846317/src/products/hls/hls_lib/src/lib_floatconversion.cpp:47->IP_2.0_convolution_restructure.c:39
:116  %p_Val2_s = select i1 %p_Result_s, i32 %tmp_38_i_i_i, i32 %tmp_35_i_i_i

ST_62: tmp_19 (154)  [1/1] 0.00ns  loc: IP_2.0_convolution_restructure.c:41
:117  %tmp_19 = call i24 @_ssdm_op_PartSelect.i24.i32.i32.i32(i32 %p_Val2_s, i32 8, i32 31)

ST_62: icmp (155)  [1/1] 3.23ns  loc: IP_2.0_convolution_restructure.c:41
:118  %icmp = icmp sgt i24 %tmp_19, 0

ST_62: StgValue_309 (156)  [1/1] 0.00ns  loc: IP_2.0_convolution_restructure.c:41
:119  br i1 %icmp, label %3, label %4

ST_62: tmp_20 (158)  [1/1] 0.00ns  loc: IP_2.0_convolution_restructure.c:46
:0  %tmp_20 = trunc i32 %p_Val2_s to i8

ST_62: sum10 (159)  [1/1] 0.00ns  loc: IP_2.0_convolution_restructure.c:22
:1  %sum10 = call i20 @_ssdm_op_BitConcatenate.i20.i10.i10(i10 %j, i10 %i)

ST_62: sum11_cast (160)  [1/1] 0.00ns  loc: IP_2.0_convolution_restructure.c:22
:2  %sum11_cast = zext i20 %sum10 to i32

ST_62: output4_sum (161)  [1/1] 3.44ns  loc: IP_2.0_convolution_restructure.c:22
:3  %output4_sum = add i32 %output_read, %sum11_cast

ST_62: OUTPUT_BUNDLE_addr_1 (162)  [1/1] 0.00ns  loc: IP_2.0_convolution_restructure.c:22
:4  %OUTPUT_BUNDLE_addr_1 = getelementptr i8* %OUTPUT_BUNDLE, i32 %output4_sum

ST_62: sum (168)  [1/1] 0.00ns  loc: IP_2.0_convolution_restructure.c:22
:0  %sum = call i20 @_ssdm_op_BitConcatenate.i20.i10.i10(i10 %j, i10 %i)

ST_62: sum10_cast (169)  [1/1] 0.00ns  loc: IP_2.0_convolution_restructure.c:22
:1  %sum10_cast = zext i20 %sum to i32

ST_62: output4_sum1 (170)  [1/1] 3.44ns  loc: IP_2.0_convolution_restructure.c:22
:2  %output4_sum1 = add i32 %sum10_cast, %output_read

ST_62: OUTPUT_BUNDLE_addr (171)  [1/1] 0.00ns  loc: IP_2.0_convolution_restructure.c:22
:3  %OUTPUT_BUNDLE_addr = getelementptr i8* %OUTPUT_BUNDLE, i32 %output4_sum1


 <State 63>: 8.75ns
ST_63: OUTPUT_BUNDLE_addr_1_1 (163)  [1/1] 8.75ns  loc: IP_2.0_convolution_restructure.c:46
:5  %OUTPUT_BUNDLE_addr_1_1 = call i1 @_ssdm_op_WriteReq.m_axi.i8P(i8* %OUTPUT_BUNDLE_addr_1, i32 1)


 <State 64>: 8.75ns
ST_64: StgValue_320 (164)  [1/1] 8.75ns  loc: IP_2.0_convolution_restructure.c:46
:6  call void @_ssdm_op_Write.m_axi.i8P(i8* %OUTPUT_BUNDLE_addr_1, i8 %tmp_20, i1 true)


 <State 65>: 8.75ns
ST_65: OUTPUT_BUNDLE_addr_1_2 (165)  [5/5] 8.75ns  loc: IP_2.0_convolution_restructure.c:46
:7  %OUTPUT_BUNDLE_addr_1_2 = call i1 @_ssdm_op_WriteResp.m_axi.i8P(i8* %OUTPUT_BUNDLE_addr_1)


 <State 66>: 8.75ns
ST_66: OUTPUT_BUNDLE_addr_1_2 (165)  [4/5] 8.75ns  loc: IP_2.0_convolution_restructure.c:46
:7  %OUTPUT_BUNDLE_addr_1_2 = call i1 @_ssdm_op_WriteResp.m_axi.i8P(i8* %OUTPUT_BUNDLE_addr_1)


 <State 67>: 8.75ns
ST_67: OUTPUT_BUNDLE_addr_1_2 (165)  [3/5] 8.75ns  loc: IP_2.0_convolution_restructure.c:46
:7  %OUTPUT_BUNDLE_addr_1_2 = call i1 @_ssdm_op_WriteResp.m_axi.i8P(i8* %OUTPUT_BUNDLE_addr_1)


 <State 68>: 8.75ns
ST_68: OUTPUT_BUNDLE_addr_1_2 (165)  [2/5] 8.75ns  loc: IP_2.0_convolution_restructure.c:46
:7  %OUTPUT_BUNDLE_addr_1_2 = call i1 @_ssdm_op_WriteResp.m_axi.i8P(i8* %OUTPUT_BUNDLE_addr_1)


 <State 69>: 8.75ns
ST_69: OUTPUT_BUNDLE_addr_1_2 (165)  [1/5] 8.75ns  loc: IP_2.0_convolution_restructure.c:46
:7  %OUTPUT_BUNDLE_addr_1_2 = call i1 @_ssdm_op_WriteResp.m_axi.i8P(i8* %OUTPUT_BUNDLE_addr_1)

ST_69: StgValue_326 (166)  [1/1] 0.00ns
:8  br label %5

ST_69: OUTPUT_BUNDLE_addr_r_1 (174)  [1/5] 8.75ns  loc: IP_2.0_convolution_restructure.c:42
:6  %OUTPUT_BUNDLE_addr_r_1 = call i1 @_ssdm_op_WriteResp.m_axi.i8P(i8* %OUTPUT_BUNDLE_addr)

ST_69: StgValue_328 (175)  [1/1] 0.00ns  loc: IP_2.0_convolution_restructure.c:44
:7  br label %5

ST_69: i_1 (177)  [1/1] 2.84ns  loc: IP_2.0_convolution_restructure.c:23
:0  %i_1 = add i10 %i, 1

ST_69: StgValue_330 (178)  [1/1] 0.00ns  loc: IP_2.0_convolution_restructure.c:23
:1  br label %.preheader


 <State 70>: 8.75ns
ST_70: OUTPUT_BUNDLE_addr_r (172)  [1/1] 8.75ns  loc: IP_2.0_convolution_restructure.c:42
:4  %OUTPUT_BUNDLE_addr_r = call i1 @_ssdm_op_WriteReq.m_axi.i8P(i8* %OUTPUT_BUNDLE_addr, i32 1)


 <State 71>: 8.75ns
ST_71: StgValue_332 (173)  [1/1] 8.75ns  loc: IP_2.0_convolution_restructure.c:42
:5  call void @_ssdm_op_Write.m_axi.i8P(i8* %OUTPUT_BUNDLE_addr, i8 -1, i1 true)


 <State 72>: 8.75ns
ST_72: OUTPUT_BUNDLE_addr_r_1 (174)  [5/5] 8.75ns  loc: IP_2.0_convolution_restructure.c:42
:6  %OUTPUT_BUNDLE_addr_r_1 = call i1 @_ssdm_op_WriteResp.m_axi.i8P(i8* %OUTPUT_BUNDLE_addr)


 <State 73>: 8.75ns
ST_73: OUTPUT_BUNDLE_addr_r_1 (174)  [4/5] 8.75ns  loc: IP_2.0_convolution_restructure.c:42
:6  %OUTPUT_BUNDLE_addr_r_1 = call i1 @_ssdm_op_WriteResp.m_axi.i8P(i8* %OUTPUT_BUNDLE_addr)


 <State 74>: 8.75ns
ST_74: OUTPUT_BUNDLE_addr_r_1 (174)  [3/5] 8.75ns  loc: IP_2.0_convolution_restructure.c:42
:6  %OUTPUT_BUNDLE_addr_r_1 = call i1 @_ssdm_op_WriteResp.m_axi.i8P(i8* %OUTPUT_BUNDLE_addr)


 <State 75>: 8.75ns
ST_75: OUTPUT_BUNDLE_addr_r_1 (174)  [2/5] 8.75ns  loc: IP_2.0_convolution_restructure.c:42
:6  %OUTPUT_BUNDLE_addr_r_1 = call i1 @_ssdm_op_WriteResp.m_axi.i8P(i8* %OUTPUT_BUNDLE_addr)



============================================================
+ Verbose Summary: Timing violations
============================================================
Target clock period: 10ns, clock uncertainty: 1.25ns.

 <State 1>: 1.77ns
The critical path consists of the following:
	multiplexor before 'phi' operation ('j') with incoming values : ('j', IP_2.0_convolution_restructure.c:22) [17]  (1.77 ns)

 <State 2>: 3.02ns
The critical path consists of the following:
	'phi' operation ('j') with incoming values : ('j', IP_2.0_convolution_restructure.c:22) [17]  (0 ns)
	'icmp' operation ('exitcond1', IP_2.0_convolution_restructure.c:22) [18]  (3.02 ns)

 <State 3>: 6.52ns
The critical path consists of the following:
	'phi' operation ('i') with incoming values : ('i', IP_2.0_convolution_restructure.c:23) [29]  (0 ns)
	'add' operation ('sum3', IP_2.0_convolution_restructure.c:23) [72]  (3.08 ns)
	'add' operation ('input2_sum8', IP_2.0_convolution_restructure.c:23) [74]  (3.44 ns)
	'getelementptr' operation ('INPUT_BUNDLE_addr_4', IP_2.0_convolution_restructure.c:23) [75]  (0 ns)

 <State 4>: 6.52ns
The critical path consists of the following:
	'add' operation ('sum2', IP_2.0_convolution_restructure.c:23) [39]  (3.08 ns)
	'add' operation ('input2_sum', IP_2.0_convolution_restructure.c:23) [41]  (3.44 ns)

 <State 5>: 8.75ns
The critical path consists of the following:
	bus request on port 'INPUT_BUNDLE' (IP_2.0_convolution_restructure.c:24) [43]  (8.75 ns)

 <State 6>: 8.75ns
The critical path consists of the following:
	bus request on port 'INPUT_BUNDLE' (IP_2.0_convolution_restructure.c:24) [43]  (8.75 ns)

 <State 7>: 8.75ns
The critical path consists of the following:
	bus request on port 'INPUT_BUNDLE' (IP_2.0_convolution_restructure.c:24) [43]  (8.75 ns)

 <State 8>: 8.75ns
The critical path consists of the following:
	bus request on port 'INPUT_BUNDLE' (IP_2.0_convolution_restructure.c:24) [43]  (8.75 ns)

 <State 9>: 8.75ns
The critical path consists of the following:
	bus request on port 'INPUT_BUNDLE' (IP_2.0_convolution_restructure.c:24) [43]  (8.75 ns)

 <State 10>: 8.75ns
The critical path consists of the following:
	bus request on port 'INPUT_BUNDLE' (IP_2.0_convolution_restructure.c:24) [43]  (8.75 ns)

 <State 11>: 8.75ns
The critical path consists of the following:
	bus request on port 'INPUT_BUNDLE' (IP_2.0_convolution_restructure.c:24) [43]  (8.75 ns)

 <State 12>: 8.75ns
The critical path consists of the following:
	bus read on port 'INPUT_BUNDLE' (IP_2.0_convolution_restructure.c:24) [44]  (8.75 ns)

 <State 13>: 8.75ns
The critical path consists of the following:
	bus read on port 'INPUT_BUNDLE' (IP_2.0_convolution_restructure.c:24) [52]  (8.75 ns)

 <State 14>: 8.75ns
The critical path consists of the following:
	bus read on port 'INPUT_BUNDLE' (IP_2.0_convolution_restructure.c:24) [60]  (8.75 ns)

 <State 15>: 8.75ns
The critical path consists of the following:
	bus read on port 'INPUT_BUNDLE' (IP_2.0_convolution_restructure.c:24) [69]  (8.75 ns)

 <State 16>: 8.75ns
The critical path consists of the following:
	bus read on port 'INPUT_BUNDLE' (IP_2.0_convolution_restructure.c:24) [77]  (8.75 ns)

 <State 17>: 8.75ns
The critical path consists of the following:
	bus read on port 'INPUT_BUNDLE' (IP_2.0_convolution_restructure.c:24) [86]  (8.75 ns)

 <State 18>: 8.75ns
The critical path consists of the following:
	bus read on port 'INPUT_BUNDLE' (IP_2.0_convolution_restructure.c:31) [104]  (8.75 ns)

 <State 19>: 8.75ns
The critical path consists of the following:
	bus read on port 'INPUT_BUNDLE' (IP_2.0_convolution_restructure.c:31) [113]  (8.75 ns)

 <State 20>: 3.76ns
The critical path consists of the following:
	'sub' operation ('tmp_8', IP_2.0_convolution_restructure.c:31) [121]  (1.88 ns)
	'add' operation ('convulution_vertical', IP_2.0_convolution_restructure.c:31) [122]  (1.88 ns)

 <State 21>: 6.38ns
The critical path consists of the following:
	'mul' operation ('tmp_10', IP_2.0_convolution_restructure.c:38) [125]  (6.38 ns)

 <State 22>: 6.38ns
The critical path consists of the following:
	'mul' operation ('tmp_9', IP_2.0_convolution_restructure.c:38) [124]  (3.36 ns)
	'add' operation ('p', IP_2.0_convolution_restructure.c:38) [126]  (3.02 ns)

 <State 23>: 6.28ns
The critical path consists of the following:
	'sitodp' operation ('tmp_11', IP_2.0_convolution_restructure.c:39) [128]  (6.28 ns)

 <State 24>: 6.28ns
The critical path consists of the following:
	'sitodp' operation ('tmp_11', IP_2.0_convolution_restructure.c:39) [128]  (6.28 ns)

 <State 25>: 6.28ns
The critical path consists of the following:
	'sitodp' operation ('tmp_11', IP_2.0_convolution_restructure.c:39) [128]  (6.28 ns)

 <State 26>: 6.28ns
The critical path consists of the following:
	'sitodp' operation ('tmp_11', IP_2.0_convolution_restructure.c:39) [128]  (6.28 ns)

 <State 27>: 6.28ns
The critical path consists of the following:
	'sitodp' operation ('tmp_11', IP_2.0_convolution_restructure.c:39) [128]  (6.28 ns)

 <State 28>: 6.28ns
The critical path consists of the following:
	'sitodp' operation ('tmp_11', IP_2.0_convolution_restructure.c:39) [128]  (6.28 ns)

 <State 29>: 8.62ns
The critical path consists of the following:
	'dsqrt' operation ('x', IP_2.0_convolution_restructure.c:39) [129]  (8.62 ns)

 <State 30>: 8.62ns
The critical path consists of the following:
	'dsqrt' operation ('x', IP_2.0_convolution_restructure.c:39) [129]  (8.62 ns)

 <State 31>: 8.62ns
The critical path consists of the following:
	'dsqrt' operation ('x', IP_2.0_convolution_restructure.c:39) [129]  (8.62 ns)

 <State 32>: 8.62ns
The critical path consists of the following:
	'dsqrt' operation ('x', IP_2.0_convolution_restructure.c:39) [129]  (8.62 ns)

 <State 33>: 8.62ns
The critical path consists of the following:
	'dsqrt' operation ('x', IP_2.0_convolution_restructure.c:39) [129]  (8.62 ns)

 <State 34>: 8.62ns
The critical path consists of the following:
	'dsqrt' operation ('x', IP_2.0_convolution_restructure.c:39) [129]  (8.62 ns)

 <State 35>: 8.62ns
The critical path consists of the following:
	'dsqrt' operation ('x', IP_2.0_convolution_restructure.c:39) [129]  (8.62 ns)

 <State 36>: 8.62ns
The critical path consists of the following:
	'dsqrt' operation ('x', IP_2.0_convolution_restructure.c:39) [129]  (8.62 ns)

 <State 37>: 8.62ns
The critical path consists of the following:
	'dsqrt' operation ('x', IP_2.0_convolution_restructure.c:39) [129]  (8.62 ns)

 <State 38>: 8.62ns
The critical path consists of the following:
	'dsqrt' operation ('x', IP_2.0_convolution_restructure.c:39) [129]  (8.62 ns)

 <State 39>: 8.62ns
The critical path consists of the following:
	'dsqrt' operation ('x', IP_2.0_convolution_restructure.c:39) [129]  (8.62 ns)

 <State 40>: 8.62ns
The critical path consists of the following:
	'dsqrt' operation ('x', IP_2.0_convolution_restructure.c:39) [129]  (8.62 ns)

 <State 41>: 8.62ns
The critical path consists of the following:
	'dsqrt' operation ('x', IP_2.0_convolution_restructure.c:39) [129]  (8.62 ns)

 <State 42>: 8.62ns
The critical path consists of the following:
	'dsqrt' operation ('x', IP_2.0_convolution_restructure.c:39) [129]  (8.62 ns)

 <State 43>: 8.62ns
The critical path consists of the following:
	'dsqrt' operation ('x', IP_2.0_convolution_restructure.c:39) [129]  (8.62 ns)

 <State 44>: 8.62ns
The critical path consists of the following:
	'dsqrt' operation ('x', IP_2.0_convolution_restructure.c:39) [129]  (8.62 ns)

 <State 45>: 8.62ns
The critical path consists of the following:
	'dsqrt' operation ('x', IP_2.0_convolution_restructure.c:39) [129]  (8.62 ns)

 <State 46>: 8.62ns
The critical path consists of the following:
	'dsqrt' operation ('x', IP_2.0_convolution_restructure.c:39) [129]  (8.62 ns)

 <State 47>: 8.62ns
The critical path consists of the following:
	'dsqrt' operation ('x', IP_2.0_convolution_restructure.c:39) [129]  (8.62 ns)

 <State 48>: 8.62ns
The critical path consists of the following:
	'dsqrt' operation ('x', IP_2.0_convolution_restructure.c:39) [129]  (8.62 ns)

 <State 49>: 8.62ns
The critical path consists of the following:
	'dsqrt' operation ('x', IP_2.0_convolution_restructure.c:39) [129]  (8.62 ns)

 <State 50>: 8.62ns
The critical path consists of the following:
	'dsqrt' operation ('x', IP_2.0_convolution_restructure.c:39) [129]  (8.62 ns)

 <State 51>: 8.62ns
The critical path consists of the following:
	'dsqrt' operation ('x', IP_2.0_convolution_restructure.c:39) [129]  (8.62 ns)

 <State 52>: 8.62ns
The critical path consists of the following:
	'dsqrt' operation ('x', IP_2.0_convolution_restructure.c:39) [129]  (8.62 ns)

 <State 53>: 8.62ns
The critical path consists of the following:
	'dsqrt' operation ('x', IP_2.0_convolution_restructure.c:39) [129]  (8.62 ns)

 <State 54>: 8.62ns
The critical path consists of the following:
	'dsqrt' operation ('x', IP_2.0_convolution_restructure.c:39) [129]  (8.62 ns)

 <State 55>: 8.62ns
The critical path consists of the following:
	'dsqrt' operation ('x', IP_2.0_convolution_restructure.c:39) [129]  (8.62 ns)

 <State 56>: 8.62ns
The critical path consists of the following:
	'dsqrt' operation ('x', IP_2.0_convolution_restructure.c:39) [129]  (8.62 ns)

 <State 57>: 8.62ns
The critical path consists of the following:
	'dsqrt' operation ('x', IP_2.0_convolution_restructure.c:39) [129]  (8.62 ns)

 <State 58>: 8.62ns
The critical path consists of the following:
	'dsqrt' operation ('x', IP_2.0_convolution_restructure.c:39) [129]  (8.62 ns)

 <State 59>: 8.62ns
The critical path consists of the following:
	'dsqrt' operation ('x', IP_2.0_convolution_restructure.c:39) [129]  (8.62 ns)

 <State 60>: 4.93ns
The critical path consists of the following:
	'sub' operation ('tmp_30_i_i_i', r:/builds/2017.1/nightly/2017_04_14_1846317/src/products/hls/hls_lib/src/hls/hls_round.h:441->r:/builds/2017.1/nightly/2017_04_14_1846317/src/products/hls/hls_lib/src/hls/hls_round.h:523->r:/builds/2017.1/nightly/2017_04_14_1846317/src/products/hls/hls_lib/src/lib_floatconversion.cpp:47->IP_2.0_convolution_restructure.c:39) [139]  (2.86 ns)
	'select' operation ('sh', r:/builds/2017.1/nightly/2017_04_14_1846317/src/products/hls/hls_lib/src/hls/hls_round.h:441->r:/builds/2017.1/nightly/2017_04_14_1846317/src/products/hls/hls_lib/src/hls/hls_round.h:523->r:/builds/2017.1/nightly/2017_04_14_1846317/src/products/hls/hls_lib/src/lib_floatconversion.cpp:47->IP_2.0_convolution_restructure.c:39) [141]  (2.07 ns)

 <State 61>: 4.61ns
The critical path consists of the following:
	'lshr' operation ('tmp_32_i_i_i', r:/builds/2017.1/nightly/2017_04_14_1846317/src/products/hls/hls_lib/src/hls/hls_round.h:441->r:/builds/2017.1/nightly/2017_04_14_1846317/src/products/hls/hls_lib/src/hls/hls_round.h:523->r:/builds/2017.1/nightly/2017_04_14_1846317/src/products/hls/hls_lib/src/lib_floatconversion.cpp:47->IP_2.0_convolution_restructure.c:39) [145]  (0 ns)
	'select' operation ('__Val2__', r:/builds/2017.1/nightly/2017_04_14_1846317/src/products/hls/hls_lib/src/hls/hls_round.h:441->r:/builds/2017.1/nightly/2017_04_14_1846317/src/products/hls/hls_lib/src/hls/hls_round.h:523->r:/builds/2017.1/nightly/2017_04_14_1846317/src/products/hls/hls_lib/src/lib_floatconversion.cpp:47->IP_2.0_convolution_restructure.c:39) [150]  (4.61 ns)

 <State 62>: 8.7ns
The critical path consists of the following:
	'sub' operation ('tmp_38_i_i_i', r:/builds/2017.1/nightly/2017_04_14_1846317/src/products/hls/hls_lib/src/hls/hls_round.h:473->r:/builds/2017.1/nightly/2017_04_14_1846317/src/products/hls/hls_lib/src/hls/hls_round.h:523->r:/builds/2017.1/nightly/2017_04_14_1846317/src/products/hls/hls_lib/src/lib_floatconversion.cpp:47->IP_2.0_convolution_restructure.c:39) [152]  (3.41 ns)
	'select' operation ('__Val2__', r:/builds/2017.1/nightly/2017_04_14_1846317/src/products/hls/hls_lib/src/hls/hls_round.h:473->r:/builds/2017.1/nightly/2017_04_14_1846317/src/products/hls/hls_lib/src/hls/hls_round.h:523->r:/builds/2017.1/nightly/2017_04_14_1846317/src/products/hls/hls_lib/src/lib_floatconversion.cpp:47->IP_2.0_convolution_restructure.c:39) [153]  (2.07 ns)
	'icmp' operation ('icmp', IP_2.0_convolution_restructure.c:41) [155]  (3.23 ns)

 <State 63>: 8.75ns
The critical path consists of the following:
	bus request on port 'OUTPUT_BUNDLE' (IP_2.0_convolution_restructure.c:46) [163]  (8.75 ns)

 <State 64>: 8.75ns
The critical path consists of the following:
	bus write on port 'OUTPUT_BUNDLE' (IP_2.0_convolution_restructure.c:46) [164]  (8.75 ns)

 <State 65>: 8.75ns
The critical path consists of the following:
	bus access on port 'OUTPUT_BUNDLE' (IP_2.0_convolution_restructure.c:46) [165]  (8.75 ns)

 <State 66>: 8.75ns
The critical path consists of the following:
	bus access on port 'OUTPUT_BUNDLE' (IP_2.0_convolution_restructure.c:46) [165]  (8.75 ns)

 <State 67>: 8.75ns
The critical path consists of the following:
	bus access on port 'OUTPUT_BUNDLE' (IP_2.0_convolution_restructure.c:46) [165]  (8.75 ns)

 <State 68>: 8.75ns
The critical path consists of the following:
	bus access on port 'OUTPUT_BUNDLE' (IP_2.0_convolution_restructure.c:46) [165]  (8.75 ns)

 <State 69>: 8.75ns
The critical path consists of the following:
	bus access on port 'OUTPUT_BUNDLE' (IP_2.0_convolution_restructure.c:46) [165]  (8.75 ns)

 <State 70>: 8.75ns
The critical path consists of the following:
	bus request on port 'OUTPUT_BUNDLE' (IP_2.0_convolution_restructure.c:42) [172]  (8.75 ns)

 <State 71>: 8.75ns
The critical path consists of the following:
	bus write on port 'OUTPUT_BUNDLE' (IP_2.0_convolution_restructure.c:42) [173]  (8.75 ns)

 <State 72>: 8.75ns
The critical path consists of the following:
	bus access on port 'OUTPUT_BUNDLE' (IP_2.0_convolution_restructure.c:42) [174]  (8.75 ns)

 <State 73>: 8.75ns
The critical path consists of the following:
	bus access on port 'OUTPUT_BUNDLE' (IP_2.0_convolution_restructure.c:42) [174]  (8.75 ns)

 <State 74>: 8.75ns
The critical path consists of the following:
	bus access on port 'OUTPUT_BUNDLE' (IP_2.0_convolution_restructure.c:42) [174]  (8.75 ns)

 <State 75>: 8.75ns
The critical path consists of the following:
	bus access on port 'OUTPUT_BUNDLE' (IP_2.0_convolution_restructure.c:42) [174]  (8.75 ns)


============================================================
+ Verbose Summary: Binding
============================================================
N/A
* FSMD analyzer results:
  - Output states:
 - Input state : 
  - Chain level:
	State 1
	State 2
	State 3
	State 4
	State 5
	State 6
	State 7
	State 8
	State 9
	State 10
	State 11
	State 12
	State 13
	State 14
	State 15
	State 16
	State 17
	State 18
	State 19
	State 20
	State 21
	State 22
	State 23
	State 24
	State 25
	State 26
	State 27
	State 28
	State 29
	State 30
	State 31
	State 32
	State 33
	State 34
	State 35
	State 36
	State 37
	State 38
	State 39
	State 40
	State 41
	State 42
	State 43
	State 44
	State 45
	State 46
	State 47
	State 48
	State 49
	State 50
	State 51
	State 52
	State 53
	State 54
	State 55
	State 56
	State 57
	State 58
	State 59
	State 60
	State 61
	State 62
	State 63
	State 64
	State 65
	State 66
	State 67
	State 68
	State 69
	State 70
	State 71
	State 72
	State 73
	State 74
	State 75


============================================================
+ Verbose Summary: Datapath Resource usage 
============================================================
N/A
