

================================================================
== Vivado HLS Report for 'sobel'
================================================================
* Date:           Sun Jun 11 23:48:24 2017

* Version:        2017.1 (Build 1846317 on Fri Apr 14 19:19:38 MDT 2017)
* Project:        IP_1
* Solution:       0_axi4
* Product family: zynq
* Target device:  xc7z020clg484-1


================================================================
== Performance Estimates
================================================================
+ Timing (ns): 
    * Summary: 
    +--------+-------+----------+------------+
    |  Clock | Target| Estimated| Uncertainty|
    +--------+-------+----------+------------+
    |ap_clk  |  10.00|      8.75|        1.25|
    +--------+-------+----------+------------+

+ Latency (clock cycles): 
    * Summary: 
    +-----------+-----------+-----------+-----------+---------+
    |        Latency        |        Interval       | Pipeline|
    |    min    |    max    |    min    |    max    |   Type  |
    +-----------+-----------+-----------+-----------+---------+
    |  334236925|  334236925|  334236926|  334236926|   none  |
    +-----------+-----------+-----------+-----------+---------+

    + Detail: 
        * Instance: 
        N/A

        * Loop: 
        +-------------+-----------+-----------+----------+-----------+-----------+------+----------+
        |             |        Latency        | Iteration|  Initiation Interval  | Trip |          |
        |  Loop Name  |    min    |    max    |  Latency |  achieved |   target  | Count| Pipelined|
        +-------------+-----------+-----------+----------+-----------+-----------+------+----------+
        |- Loop 1     |  334236924|  334236924|    327042|          -|          -|  1022|    no    |
        | + Loop 1.1  |     327040|     327040|       320|          -|          -|  1022|    no    |
        +-------------+-----------+-----------+----------+-----------+-----------+------+----------+

============================================================
+ Verbose Summary: Synthesis Manager
============================================================
InlineROM: 1
ExposeGlobal: 0
============================================================
+ Verbose Summary: CDFG Model
============================================================
IsTopModel: 1
ResetActiveHigh: 1
IsCombinational: 0
IsDatapathOnly: 0
HasWiredReturn: 1
HasMFsm: 0
HasVarLatency: 1
IsPipeline: 0
IsRtlPipelined: 0
IsInstanceOverlapped: 0
IsDontTouch: 0
HasImplIP: 0
IsGatedGlobalClock: 0


============================================================
+ Verbose Summary: Schedule
============================================================
* Number of FSM states: 62
* Pipeline: 0
* Dataflow Pipeline: 0

* FSM state transitions: 
1 --> 
	2  / true
2 --> 
	3  / (!exitcond1)
3 --> 
	4  / (!exitcond)
	2  / (exitcond)
4 --> 
	5  / true
5 --> 
	6  / true
6 --> 
	7  / true
7 --> 
	8  / true
8 --> 
	9  / true
9 --> 
	10  / true
10 --> 
	11  / true
11 --> 
	12  / true
12 --> 
	13  / true
13 --> 
	14  / true
14 --> 
	15  / true
15 --> 
	16  / true
16 --> 
	17  / true
17 --> 
	18  / true
18 --> 
	19  / true
19 --> 
	20  / true
20 --> 
	21  / true
21 --> 
	22  / true
22 --> 
	23  / true
23 --> 
	24  / true
24 --> 
	25  / true
25 --> 
	26  / true
26 --> 
	27  / true
27 --> 
	28  / true
28 --> 
	29  / true
29 --> 
	30  / true
30 --> 
	31  / true
31 --> 
	32  / true
32 --> 
	33  / true
33 --> 
	34  / true
34 --> 
	35  / true
35 --> 
	36  / true
36 --> 
	37  / true
37 --> 
	38  / true
38 --> 
	39  / true
39 --> 
	40  / true
40 --> 
	41  / true
41 --> 
	42  / true
42 --> 
	43  / true
43 --> 
	44  / true
44 --> 
	45  / true
45 --> 
	46  / true
46 --> 
	47  / true
47 --> 
	48  / true
48 --> 
	49  / true
49 --> 
	50  / (!icmp)
	57  / (icmp)
50 --> 
	51  / true
51 --> 
	52  / true
52 --> 
	53  / true
53 --> 
	54  / true
54 --> 
	55  / true
55 --> 
	56  / true
56 --> 
	3  / true
57 --> 
	58  / true
58 --> 
	59  / true
59 --> 
	60  / true
60 --> 
	61  / true
61 --> 
	62  / true
62 --> 
	56  / true
* FSM state operations: 

 <State 1>: 1.77ns
ST_1: StgValue_63 (7)  [1/1] 0.00ns
meminst6.preheader:0  call void (...)* @_ssdm_op_SpecBitsMap(i8* %OUTPUT_BUNDLE), !map !472

ST_1: StgValue_64 (8)  [1/1] 0.00ns
meminst6.preheader:1  call void (...)* @_ssdm_op_SpecBitsMap(i8* %INPUT_BUNDLE), !map !478

ST_1: StgValue_65 (9)  [1/1] 0.00ns
meminst6.preheader:2  call void (...)* @_ssdm_op_SpecTopModule([6 x i8]* @sobel_str) nounwind

ST_1: output_read (10)  [1/1] 1.00ns
meminst6.preheader:3  %output_read = call i32 @_ssdm_op_Read.s_axilite.i32(i32 %output_r)

ST_1: input_read (11)  [1/1] 1.00ns
meminst6.preheader:4  %input_read = call i32 @_ssdm_op_Read.s_axilite.i32(i32 %input_r)

ST_1: StgValue_68 (12)  [1/1] 0.00ns  loc: IP_1st_restructure.c:8
meminst6.preheader:5  call void (...)* @_ssdm_op_SpecInterface(i32 0, [10 x i8]* @p_str, i32 0, i32 0, [1 x i8]* @p_str1, i32 0, i32 0, [1 x i8]* @p_str1, [1 x i8]* @p_str1, [1 x i8]* @p_str1, i32 0, i32 0, i32 0, i32 0, [1 x i8]* @p_str1, [1 x i8]* @p_str1) nounwind

ST_1: StgValue_69 (13)  [1/1] 0.00ns
meminst6.preheader:6  call void (...)* @_ssdm_op_SpecInterface(i8* %INPUT_BUNDLE, [6 x i8]* @p_str2, i32 0, i32 0, [1 x i8]* @p_str1, i32 0, i32 1048576, [13 x i8]* @p_str3, [6 x i8]* @p_str4, [1 x i8]* @p_str1, i32 16, i32 16, i32 16, i32 16, [1 x i8]* @p_str1, [1 x i8]* @p_str1)

ST_1: StgValue_70 (14)  [1/1] 0.00ns
meminst6.preheader:7  call void (...)* @_ssdm_op_SpecInterface(i32 %input_r, [10 x i8]* @mode, i32 0, i32 0, [1 x i8]* @p_str1, i32 0, i32 1048576, [1 x i8]* @bundle, [6 x i8]* @p_str4, [1 x i8]* @p_str1, i32 16, i32 16, i32 16, i32 16, [1 x i8]* @p_str1, [1 x i8]* @p_str1)

ST_1: StgValue_71 (15)  [1/1] 0.00ns
meminst6.preheader:8  call void (...)* @_ssdm_op_SpecInterface(i8* %OUTPUT_BUNDLE, [6 x i8]* @p_str2, i32 0, i32 0, [1 x i8]* @p_str1, i32 0, i32 1048576, [14 x i8]* @p_str5, [6 x i8]* @p_str4, [1 x i8]* @p_str1, i32 16, i32 16, i32 16, i32 16, [1 x i8]* @p_str1, [1 x i8]* @p_str1)

ST_1: StgValue_72 (16)  [1/1] 0.00ns
meminst6.preheader:9  call void (...)* @_ssdm_op_SpecInterface(i32 %output_r, [10 x i8]* @mode6, i32 0, i32 0, [1 x i8]* @p_str1, i32 0, i32 1048576, [1 x i8]* @bundle7, [6 x i8]* @p_str4, [1 x i8]* @p_str1, i32 16, i32 16, i32 16, i32 16, [1 x i8]* @p_str1, [1 x i8]* @p_str1)

ST_1: StgValue_73 (17)  [1/1] 1.77ns  loc: IP_1st_restructure.c:23
meminst6.preheader:10  br label %0


 <State 2>: 3.02ns
ST_2: j (19)  [1/1] 0.00ns
:0  %j = phi i10 [ %j_1, %5 ], [ 1, %meminst6.preheader ]

ST_2: exitcond1 (20)  [1/1] 3.02ns  loc: IP_1st_restructure.c:23
:1  %exitcond1 = icmp eq i10 %j, -1

ST_2: empty (21)  [1/1] 0.00ns
:2  %empty = call i32 (...)* @_ssdm_op_SpecLoopTripCount(i64 1022, i64 1022, i64 1022) nounwind

ST_2: StgValue_77 (22)  [1/1] 0.00ns  loc: IP_1st_restructure.c:23
:3  br i1 %exitcond1, label %6, label %.preheader.preheader

ST_2: StgValue_78 (24)  [1/1] 1.77ns  loc: IP_1st_restructure.c:24
.preheader.preheader:0  br label %.preheader

ST_2: StgValue_79 (91)  [1/1] 0.00ns  loc: IP_1st_restructure.c:39
:0  ret void


 <State 3>: 3.02ns
ST_3: i (26)  [1/1] 0.00ns
.preheader:0  %i = phi i10 [ %i_1, %4 ], [ 1, %.preheader.preheader ]

ST_3: exitcond (27)  [1/1] 3.02ns  loc: IP_1st_restructure.c:24
.preheader:1  %exitcond = icmp eq i10 %i, -1

ST_3: empty_9 (28)  [1/1] 0.00ns
.preheader:2  %empty_9 = call i32 (...)* @_ssdm_op_SpecLoopTripCount(i64 1022, i64 1022, i64 1022) nounwind

ST_3: StgValue_83 (29)  [1/1] 0.00ns  loc: IP_1st_restructure.c:24
.preheader:3  br i1 %exitcond, label %5, label %1

ST_3: tmp (31)  [2/2] 1.77ns  loc: IP_1st_restructure.c:25
:0  %tmp = call fastcc i32 @convolution2D(i10 %i, i10 %j, i8* %INPUT_BUNDLE, i32 %input_read, [9 x i32]* nocapture @horiz_operator)

ST_3: j_1 (88)  [1/1] 2.84ns  loc: IP_1st_restructure.c:23
:0  %j_1 = add i10 %j, 1

ST_3: StgValue_86 (89)  [1/1] 0.00ns  loc: IP_1st_restructure.c:23
:1  br label %0


 <State 4>: 0.00ns
ST_4: tmp (31)  [1/2] 0.00ns  loc: IP_1st_restructure.c:25
:0  %tmp = call fastcc i32 @convolution2D(i10 %i, i10 %j, i8* %INPUT_BUNDLE, i32 %input_read, [9 x i32]* nocapture @horiz_operator)


 <State 5>: 1.77ns
ST_5: tmp_1 (33)  [2/2] 1.77ns  loc: IP_1st_restructure.c:26
:2  %tmp_1 = call fastcc i32 @convolution2D(i10 %i, i10 %j, i8* %INPUT_BUNDLE, i32 %input_read, [9 x i32]* nocapture @vert_operator)


 <State 6>: 5.75ns
ST_6: tmp_2 (32)  [3/3] 5.75ns  loc: IP_1st_restructure.c:25
:1  %tmp_2 = mul nsw i32 %tmp, %tmp

ST_6: tmp_1 (33)  [1/2] 0.00ns  loc: IP_1st_restructure.c:26
:2  %tmp_1 = call fastcc i32 @convolution2D(i10 %i, i10 %j, i8* %INPUT_BUNDLE, i32 %input_read, [9 x i32]* nocapture @vert_operator)

ST_6: tmp_5 (34)  [3/3] 5.75ns  loc: IP_1st_restructure.c:26
:3  %tmp_5 = mul nsw i32 %tmp_1, %tmp_1


 <State 7>: 5.75ns
ST_7: tmp_2 (32)  [2/3] 5.75ns  loc: IP_1st_restructure.c:25
:1  %tmp_2 = mul nsw i32 %tmp, %tmp

ST_7: tmp_5 (34)  [2/3] 5.75ns  loc: IP_1st_restructure.c:26
:3  %tmp_5 = mul nsw i32 %tmp_1, %tmp_1


 <State 8>: 5.75ns
ST_8: tmp_2 (32)  [1/3] 5.75ns  loc: IP_1st_restructure.c:25
:1  %tmp_2 = mul nsw i32 %tmp, %tmp

ST_8: tmp_5 (34)  [1/3] 5.75ns  loc: IP_1st_restructure.c:26
:3  %tmp_5 = mul nsw i32 %tmp_1, %tmp_1


 <State 9>: 3.44ns
ST_9: tmp_6 (35)  [1/1] 3.44ns  loc: IP_1st_restructure.c:26
:4  %tmp_6 = add nsw i32 %tmp_5, %tmp_2


 <State 10>: 6.28ns
ST_10: p (36)  [6/6] 6.28ns  loc: IP_1st_restructure.c:26
:5  %p = sitofp i32 %tmp_6 to double


 <State 11>: 6.28ns
ST_11: p (36)  [5/6] 6.28ns  loc: IP_1st_restructure.c:26
:5  %p = sitofp i32 %tmp_6 to double


 <State 12>: 6.28ns
ST_12: p (36)  [4/6] 6.28ns  loc: IP_1st_restructure.c:26
:5  %p = sitofp i32 %tmp_6 to double


 <State 13>: 6.28ns
ST_13: p (36)  [3/6] 6.28ns  loc: IP_1st_restructure.c:26
:5  %p = sitofp i32 %tmp_6 to double


 <State 14>: 6.28ns
ST_14: p (36)  [2/6] 6.28ns  loc: IP_1st_restructure.c:26
:5  %p = sitofp i32 %tmp_6 to double


 <State 15>: 6.28ns
ST_15: p (36)  [1/6] 6.28ns  loc: IP_1st_restructure.c:26
:5  %p = sitofp i32 %tmp_6 to double


 <State 16>: 8.62ns
ST_16: x_assign (37)  [31/31] 8.62ns  loc: IP_1st_restructure.c:27
:6  %x_assign = call double @llvm.sqrt.f64(double %p)


 <State 17>: 8.62ns
ST_17: x_assign (37)  [30/31] 8.62ns  loc: IP_1st_restructure.c:27
:6  %x_assign = call double @llvm.sqrt.f64(double %p)


 <State 18>: 8.62ns
ST_18: x_assign (37)  [29/31] 8.62ns  loc: IP_1st_restructure.c:27
:6  %x_assign = call double @llvm.sqrt.f64(double %p)


 <State 19>: 8.62ns
ST_19: x_assign (37)  [28/31] 8.62ns  loc: IP_1st_restructure.c:27
:6  %x_assign = call double @llvm.sqrt.f64(double %p)


 <State 20>: 8.62ns
ST_20: x_assign (37)  [27/31] 8.62ns  loc: IP_1st_restructure.c:27
:6  %x_assign = call double @llvm.sqrt.f64(double %p)


 <State 21>: 8.62ns
ST_21: x_assign (37)  [26/31] 8.62ns  loc: IP_1st_restructure.c:27
:6  %x_assign = call double @llvm.sqrt.f64(double %p)


 <State 22>: 8.62ns
ST_22: x_assign (37)  [25/31] 8.62ns  loc: IP_1st_restructure.c:27
:6  %x_assign = call double @llvm.sqrt.f64(double %p)


 <State 23>: 8.62ns
ST_23: x_assign (37)  [24/31] 8.62ns  loc: IP_1st_restructure.c:27
:6  %x_assign = call double @llvm.sqrt.f64(double %p)


 <State 24>: 8.62ns
ST_24: x_assign (37)  [23/31] 8.62ns  loc: IP_1st_restructure.c:27
:6  %x_assign = call double @llvm.sqrt.f64(double %p)


 <State 25>: 8.62ns
ST_25: x_assign (37)  [22/31] 8.62ns  loc: IP_1st_restructure.c:27
:6  %x_assign = call double @llvm.sqrt.f64(double %p)


 <State 26>: 8.62ns
ST_26: x_assign (37)  [21/31] 8.62ns  loc: IP_1st_restructure.c:27
:6  %x_assign = call double @llvm.sqrt.f64(double %p)


 <State 27>: 8.62ns
ST_27: x_assign (37)  [20/31] 8.62ns  loc: IP_1st_restructure.c:27
:6  %x_assign = call double @llvm.sqrt.f64(double %p)


 <State 28>: 8.62ns
ST_28: x_assign (37)  [19/31] 8.62ns  loc: IP_1st_restructure.c:27
:6  %x_assign = call double @llvm.sqrt.f64(double %p)


 <State 29>: 8.62ns
ST_29: x_assign (37)  [18/31] 8.62ns  loc: IP_1st_restructure.c:27
:6  %x_assign = call double @llvm.sqrt.f64(double %p)


 <State 30>: 8.62ns
ST_30: x_assign (37)  [17/31] 8.62ns  loc: IP_1st_restructure.c:27
:6  %x_assign = call double @llvm.sqrt.f64(double %p)


 <State 31>: 8.62ns
ST_31: x_assign (37)  [16/31] 8.62ns  loc: IP_1st_restructure.c:27
:6  %x_assign = call double @llvm.sqrt.f64(double %p)


 <State 32>: 8.62ns
ST_32: x_assign (37)  [15/31] 8.62ns  loc: IP_1st_restructure.c:27
:6  %x_assign = call double @llvm.sqrt.f64(double %p)


 <State 33>: 8.62ns
ST_33: x_assign (37)  [14/31] 8.62ns  loc: IP_1st_restructure.c:27
:6  %x_assign = call double @llvm.sqrt.f64(double %p)


 <State 34>: 8.62ns
ST_34: x_assign (37)  [13/31] 8.62ns  loc: IP_1st_restructure.c:27
:6  %x_assign = call double @llvm.sqrt.f64(double %p)


 <State 35>: 8.62ns
ST_35: x_assign (37)  [12/31] 8.62ns  loc: IP_1st_restructure.c:27
:6  %x_assign = call double @llvm.sqrt.f64(double %p)


 <State 36>: 8.62ns
ST_36: x_assign (37)  [11/31] 8.62ns  loc: IP_1st_restructure.c:27
:6  %x_assign = call double @llvm.sqrt.f64(double %p)


 <State 37>: 8.62ns
ST_37: x_assign (37)  [10/31] 8.62ns  loc: IP_1st_restructure.c:27
:6  %x_assign = call double @llvm.sqrt.f64(double %p)


 <State 38>: 8.62ns
ST_38: x_assign (37)  [9/31] 8.62ns  loc: IP_1st_restructure.c:27
:6  %x_assign = call double @llvm.sqrt.f64(double %p)


 <State 39>: 8.62ns
ST_39: x_assign (37)  [8/31] 8.62ns  loc: IP_1st_restructure.c:27
:6  %x_assign = call double @llvm.sqrt.f64(double %p)


 <State 40>: 8.62ns
ST_40: x_assign (37)  [7/31] 8.62ns  loc: IP_1st_restructure.c:27
:6  %x_assign = call double @llvm.sqrt.f64(double %p)


 <State 41>: 8.62ns
ST_41: x_assign (37)  [6/31] 8.62ns  loc: IP_1st_restructure.c:27
:6  %x_assign = call double @llvm.sqrt.f64(double %p)


 <State 42>: 8.62ns
ST_42: x_assign (37)  [5/31] 8.62ns  loc: IP_1st_restructure.c:27
:6  %x_assign = call double @llvm.sqrt.f64(double %p)


 <State 43>: 8.62ns
ST_43: x_assign (37)  [4/31] 8.62ns  loc: IP_1st_restructure.c:27
:6  %x_assign = call double @llvm.sqrt.f64(double %p)


 <State 44>: 8.62ns
ST_44: x_assign (37)  [3/31] 8.62ns  loc: IP_1st_restructure.c:27
:6  %x_assign = call double @llvm.sqrt.f64(double %p)


 <State 45>: 8.62ns
ST_45: x_assign (37)  [2/31] 8.62ns  loc: IP_1st_restructure.c:27
:6  %x_assign = call double @llvm.sqrt.f64(double %p)


 <State 46>: 8.62ns
ST_46: x_assign (37)  [1/31] 8.62ns  loc: IP_1st_restructure.c:27
:6  %x_assign = call double @llvm.sqrt.f64(double %p)


 <State 47>: 4.93ns
ST_47: p_Val2_1 (38)  [1/1] 0.00ns  loc: r:/builds/2017.1/nightly/2017_04_14_1846317/src/products/hls/hls_lib/src/hls/utils/x_hls_utils.h:475->r:/builds/2017.1/nightly/2017_04_14_1846317/src/products/hls/hls_lib/src/hls/utils/x_hls_utils.h:479->r:/builds/2017.1/nightly/2017_04_14_1846317/src/products/hls/hls_lib/src/hls/hls_round.h:436->r:/builds/2017.1/nightly/2017_04_14_1846317/src/products/hls/hls_lib/src/hls/hls_round.h:523->r:/builds/2017.1/nightly/2017_04_14_1846317/src/products/hls/hls_lib/src/lib_floatconversion.cpp:47->IP_1st_restructure.c:27
:7  %p_Val2_1 = bitcast double %x_assign to i64

ST_47: p_Result_s (39)  [1/1] 0.00ns  loc: r:/builds/2017.1/nightly/2017_04_14_1846317/src/products/hls/hls_lib/src/hls/utils/x_hls_utils.h:476->r:/builds/2017.1/nightly/2017_04_14_1846317/src/products/hls/hls_lib/src/hls/utils/x_hls_utils.h:479->r:/builds/2017.1/nightly/2017_04_14_1846317/src/products/hls/hls_lib/src/hls/hls_round.h:436->r:/builds/2017.1/nightly/2017_04_14_1846317/src/products/hls/hls_lib/src/hls/hls_round.h:523->r:/builds/2017.1/nightly/2017_04_14_1846317/src/products/hls/hls_lib/src/lib_floatconversion.cpp:47->IP_1st_restructure.c:27
:8  %p_Result_s = call i1 @_ssdm_op_BitSelect.i1.i64.i32(i64 %p_Val2_1, i32 63)

ST_47: loc_V (40)  [1/1] 0.00ns  loc: r:/builds/2017.1/nightly/2017_04_14_1846317/src/products/hls/hls_lib/src/hls/utils/x_hls_utils.h:477->r:/builds/2017.1/nightly/2017_04_14_1846317/src/products/hls/hls_lib/src/hls/utils/x_hls_utils.h:479->r:/builds/2017.1/nightly/2017_04_14_1846317/src/products/hls/hls_lib/src/hls/hls_round.h:436->r:/builds/2017.1/nightly/2017_04_14_1846317/src/products/hls/hls_lib/src/hls/hls_round.h:523->r:/builds/2017.1/nightly/2017_04_14_1846317/src/products/hls/hls_lib/src/lib_floatconversion.cpp:47->IP_1st_restructure.c:27
:9  %loc_V = call i11 @_ssdm_op_PartSelect.i11.i64.i32.i32(i64 %p_Val2_1, i32 52, i32 62) nounwind

ST_47: loc_V_1 (41)  [1/1] 0.00ns  loc: r:/builds/2017.1/nightly/2017_04_14_1846317/src/products/hls/hls_lib/src/hls/utils/x_hls_utils.h:478->r:/builds/2017.1/nightly/2017_04_14_1846317/src/products/hls/hls_lib/src/hls/utils/x_hls_utils.h:479->r:/builds/2017.1/nightly/2017_04_14_1846317/src/products/hls/hls_lib/src/hls/hls_round.h:436->r:/builds/2017.1/nightly/2017_04_14_1846317/src/products/hls/hls_lib/src/hls/hls_round.h:523->r:/builds/2017.1/nightly/2017_04_14_1846317/src/products/hls/hls_lib/src/lib_floatconversion.cpp:47->IP_1st_restructure.c:27
:10  %loc_V_1 = trunc i64 %p_Val2_1 to i52

ST_47: tmp_i_i_i_i_cast1 (44)  [1/1] 0.00ns  loc: r:/builds/2017.1/nightly/2017_04_14_1846317/src/products/hls/hls_lib/src/hls/utils/x_hls_utils.h:502->r:/builds/2017.1/nightly/2017_04_14_1846317/src/products/hls/hls_lib/src/hls/hls_round.h:441->r:/builds/2017.1/nightly/2017_04_14_1846317/src/products/hls/hls_lib/src/hls/hls_round.h:523->r:/builds/2017.1/nightly/2017_04_14_1846317/src/products/hls/hls_lib/src/lib_floatconversion.cpp:47->IP_1st_restructure.c:27
:13  %tmp_i_i_i_i_cast1 = zext i11 %loc_V to i12

ST_47: sh_assign (45)  [1/1] 2.86ns  loc: r:/builds/2017.1/nightly/2017_04_14_1846317/src/products/hls/hls_lib/src/hls/utils/x_hls_utils.h:502->r:/builds/2017.1/nightly/2017_04_14_1846317/src/products/hls/hls_lib/src/hls/hls_round.h:441->r:/builds/2017.1/nightly/2017_04_14_1846317/src/products/hls/hls_lib/src/hls/hls_round.h:523->r:/builds/2017.1/nightly/2017_04_14_1846317/src/products/hls/hls_lib/src/lib_floatconversion.cpp:47->IP_1st_restructure.c:27
:14  %sh_assign = add i12 -1023, %tmp_i_i_i_i_cast1

ST_47: isNeg (46)  [1/1] 0.00ns  loc: r:/builds/2017.1/nightly/2017_04_14_1846317/src/products/hls/hls_lib/src/hls/hls_round.h:441->r:/builds/2017.1/nightly/2017_04_14_1846317/src/products/hls/hls_lib/src/hls/hls_round.h:523->r:/builds/2017.1/nightly/2017_04_14_1846317/src/products/hls/hls_lib/src/lib_floatconversion.cpp:47->IP_1st_restructure.c:27
:15  %isNeg = call i1 @_ssdm_op_BitSelect.i1.i12.i32(i12 %sh_assign, i32 11)

ST_47: tmp_4_i_i_i (47)  [1/1] 2.86ns  loc: r:/builds/2017.1/nightly/2017_04_14_1846317/src/products/hls/hls_lib/src/hls/hls_round.h:441->r:/builds/2017.1/nightly/2017_04_14_1846317/src/products/hls/hls_lib/src/hls/hls_round.h:523->r:/builds/2017.1/nightly/2017_04_14_1846317/src/products/hls/hls_lib/src/lib_floatconversion.cpp:47->IP_1st_restructure.c:27
:16  %tmp_4_i_i_i = sub i11 1023, %loc_V

ST_47: tmp_4_i_i_i_cast (48)  [1/1] 0.00ns  loc: r:/builds/2017.1/nightly/2017_04_14_1846317/src/products/hls/hls_lib/src/hls/hls_round.h:441->r:/builds/2017.1/nightly/2017_04_14_1846317/src/products/hls/hls_lib/src/hls/hls_round.h:523->r:/builds/2017.1/nightly/2017_04_14_1846317/src/products/hls/hls_lib/src/lib_floatconversion.cpp:47->IP_1st_restructure.c:27
:17  %tmp_4_i_i_i_cast = sext i11 %tmp_4_i_i_i to i12

ST_47: sh_assign_1 (49)  [1/1] 2.07ns  loc: r:/builds/2017.1/nightly/2017_04_14_1846317/src/products/hls/hls_lib/src/hls/hls_round.h:441->r:/builds/2017.1/nightly/2017_04_14_1846317/src/products/hls/hls_lib/src/hls/hls_round.h:523->r:/builds/2017.1/nightly/2017_04_14_1846317/src/products/hls/hls_lib/src/lib_floatconversion.cpp:47->IP_1st_restructure.c:27
:18  %sh_assign_1 = select i1 %isNeg, i12 %tmp_4_i_i_i_cast, i12 %sh_assign


 <State 48>: 4.61ns
ST_48: tmp_i_i_i (42)  [1/1] 0.00ns  loc: r:/builds/2017.1/nightly/2017_04_14_1846317/src/products/hls/hls_lib/src/hls/hls_round.h:438->r:/builds/2017.1/nightly/2017_04_14_1846317/src/products/hls/hls_lib/src/hls/hls_round.h:523->r:/builds/2017.1/nightly/2017_04_14_1846317/src/products/hls/hls_lib/src/lib_floatconversion.cpp:47->IP_1st_restructure.c:27
:11  %tmp_i_i_i = call i54 @_ssdm_op_BitConcatenate.i54.i1.i52.i1(i1 true, i52 %loc_V_1, i1 false)

ST_48: tmp_i_i_i_cast (43)  [1/1] 0.00ns  loc: r:/builds/2017.1/nightly/2017_04_14_1846317/src/products/hls/hls_lib/src/hls/hls_round.h:438->r:/builds/2017.1/nightly/2017_04_14_1846317/src/products/hls/hls_lib/src/hls/hls_round.h:523->r:/builds/2017.1/nightly/2017_04_14_1846317/src/products/hls/hls_lib/src/lib_floatconversion.cpp:47->IP_1st_restructure.c:27 (grouped into LUT with out node p_Val2_3)
:12  %tmp_i_i_i_cast = zext i54 %tmp_i_i_i to i137

ST_48: sh_assign_1_cast (50)  [1/1] 0.00ns  loc: r:/builds/2017.1/nightly/2017_04_14_1846317/src/products/hls/hls_lib/src/hls/hls_round.h:441->r:/builds/2017.1/nightly/2017_04_14_1846317/src/products/hls/hls_lib/src/hls/hls_round.h:523->r:/builds/2017.1/nightly/2017_04_14_1846317/src/products/hls/hls_lib/src/lib_floatconversion.cpp:47->IP_1st_restructure.c:27
:19  %sh_assign_1_cast = sext i12 %sh_assign_1 to i32

ST_48: tmp_5_i_i_i (51)  [1/1] 0.00ns  loc: r:/builds/2017.1/nightly/2017_04_14_1846317/src/products/hls/hls_lib/src/hls/hls_round.h:441->r:/builds/2017.1/nightly/2017_04_14_1846317/src/products/hls/hls_lib/src/hls/hls_round.h:523->r:/builds/2017.1/nightly/2017_04_14_1846317/src/products/hls/hls_lib/src/lib_floatconversion.cpp:47->IP_1st_restructure.c:27 (grouped into LUT with out node p_Val2_3)
:20  %tmp_5_i_i_i = zext i32 %sh_assign_1_cast to i137

ST_48: tmp_5_i_i_i_cast (52)  [1/1] 0.00ns  loc: r:/builds/2017.1/nightly/2017_04_14_1846317/src/products/hls/hls_lib/src/hls/hls_round.h:441->r:/builds/2017.1/nightly/2017_04_14_1846317/src/products/hls/hls_lib/src/hls/hls_round.h:523->r:/builds/2017.1/nightly/2017_04_14_1846317/src/products/hls/hls_lib/src/lib_floatconversion.cpp:47->IP_1st_restructure.c:27 (grouped into LUT with out node p_Val2_3)
:21  %tmp_5_i_i_i_cast = zext i32 %sh_assign_1_cast to i54

ST_48: tmp_6_i_i_i (53)  [1/1] 0.00ns  loc: r:/builds/2017.1/nightly/2017_04_14_1846317/src/products/hls/hls_lib/src/hls/hls_round.h:441->r:/builds/2017.1/nightly/2017_04_14_1846317/src/products/hls/hls_lib/src/hls/hls_round.h:523->r:/builds/2017.1/nightly/2017_04_14_1846317/src/products/hls/hls_lib/src/lib_floatconversion.cpp:47->IP_1st_restructure.c:27 (grouped into LUT with out node p_Val2_3)
:22  %tmp_6_i_i_i = lshr i54 %tmp_i_i_i, %tmp_5_i_i_i_cast

ST_48: tmp_7_i_i_i (54)  [1/1] 0.00ns  loc: r:/builds/2017.1/nightly/2017_04_14_1846317/src/products/hls/hls_lib/src/hls/hls_round.h:441->r:/builds/2017.1/nightly/2017_04_14_1846317/src/products/hls/hls_lib/src/hls/hls_round.h:523->r:/builds/2017.1/nightly/2017_04_14_1846317/src/products/hls/hls_lib/src/lib_floatconversion.cpp:47->IP_1st_restructure.c:27 (grouped into LUT with out node p_Val2_3)
:23  %tmp_7_i_i_i = shl i137 %tmp_i_i_i_cast, %tmp_5_i_i_i

ST_48: tmp_10 (55)  [1/1] 0.00ns  loc: r:/builds/2017.1/nightly/2017_04_14_1846317/src/products/hls/hls_lib/src/hls/hls_round.h:444->r:/builds/2017.1/nightly/2017_04_14_1846317/src/products/hls/hls_lib/src/hls/hls_round.h:523->r:/builds/2017.1/nightly/2017_04_14_1846317/src/products/hls/hls_lib/src/lib_floatconversion.cpp:47->IP_1st_restructure.c:27 (grouped into LUT with out node p_Val2_3)
:24  %tmp_10 = call i1 @_ssdm_op_BitSelect.i1.i54.i32(i54 %tmp_6_i_i_i, i32 53)

ST_48: tmp_4 (56)  [1/1] 0.00ns  loc: r:/builds/2017.1/nightly/2017_04_14_1846317/src/products/hls/hls_lib/src/hls/hls_round.h:444->r:/builds/2017.1/nightly/2017_04_14_1846317/src/products/hls/hls_lib/src/hls/hls_round.h:523->r:/builds/2017.1/nightly/2017_04_14_1846317/src/products/hls/hls_lib/src/lib_floatconversion.cpp:47->IP_1st_restructure.c:27 (grouped into LUT with out node p_Val2_3)
:25  %tmp_4 = zext i1 %tmp_10 to i31

ST_48: tmp_7 (57)  [1/1] 0.00ns  loc: r:/builds/2017.1/nightly/2017_04_14_1846317/src/products/hls/hls_lib/src/hls/hls_round.h:444->r:/builds/2017.1/nightly/2017_04_14_1846317/src/products/hls/hls_lib/src/hls/hls_round.h:523->r:/builds/2017.1/nightly/2017_04_14_1846317/src/products/hls/hls_lib/src/lib_floatconversion.cpp:47->IP_1st_restructure.c:27 (grouped into LUT with out node p_Val2_3)
:26  %tmp_7 = call i31 @_ssdm_op_PartSelect.i31.i137.i32.i32(i137 %tmp_7_i_i_i, i32 53, i32 83)

ST_48: p_Val2_3 (58)  [1/1] 4.61ns  loc: r:/builds/2017.1/nightly/2017_04_14_1846317/src/products/hls/hls_lib/src/hls/hls_round.h:441->r:/builds/2017.1/nightly/2017_04_14_1846317/src/products/hls/hls_lib/src/hls/hls_round.h:523->r:/builds/2017.1/nightly/2017_04_14_1846317/src/products/hls/hls_lib/src/lib_floatconversion.cpp:47->IP_1st_restructure.c:27 (out node of the LUT)
:27  %p_Val2_3 = select i1 %isNeg, i31 %tmp_4, i31 %tmp_7


 <State 49>: 8.70ns
ST_49: tmp_9_i_i_i (59)  [1/1] 0.00ns  loc: r:/builds/2017.1/nightly/2017_04_14_1846317/src/products/hls/hls_lib/src/hls/hls_round.h:472->r:/builds/2017.1/nightly/2017_04_14_1846317/src/products/hls/hls_lib/src/hls/hls_round.h:523->r:/builds/2017.1/nightly/2017_04_14_1846317/src/products/hls/hls_lib/src/lib_floatconversion.cpp:47->IP_1st_restructure.c:27
:28  %tmp_9_i_i_i = zext i31 %p_Val2_3 to i32

ST_49: tmp_12_i_i_i (60)  [1/1] 3.41ns  loc: r:/builds/2017.1/nightly/2017_04_14_1846317/src/products/hls/hls_lib/src/hls/hls_round.h:473->r:/builds/2017.1/nightly/2017_04_14_1846317/src/products/hls/hls_lib/src/hls/hls_round.h:523->r:/builds/2017.1/nightly/2017_04_14_1846317/src/products/hls/hls_lib/src/lib_floatconversion.cpp:47->IP_1st_restructure.c:27
:29  %tmp_12_i_i_i = sub nsw i32 0, %tmp_9_i_i_i

ST_49: p_Val2_s (61)  [1/1] 2.07ns  loc: r:/builds/2017.1/nightly/2017_04_14_1846317/src/products/hls/hls_lib/src/hls/hls_round.h:473->r:/builds/2017.1/nightly/2017_04_14_1846317/src/products/hls/hls_lib/src/hls/hls_round.h:523->r:/builds/2017.1/nightly/2017_04_14_1846317/src/products/hls/hls_lib/src/lib_floatconversion.cpp:47->IP_1st_restructure.c:27
:30  %p_Val2_s = select i1 %p_Result_s, i32 %tmp_12_i_i_i, i32 %tmp_9_i_i_i

ST_49: tmp_11 (62)  [1/1] 0.00ns  loc: IP_1st_restructure.c:28
:31  %tmp_11 = call i24 @_ssdm_op_PartSelect.i24.i32.i32.i32(i32 %p_Val2_s, i32 8, i32 31)

ST_49: icmp (63)  [1/1] 3.23ns  loc: IP_1st_restructure.c:28
:32  %icmp = icmp sgt i24 %tmp_11, 0

ST_49: StgValue_160 (64)  [1/1] 0.00ns  loc: IP_1st_restructure.c:28
:33  br i1 %icmp, label %2, label %3

ST_49: tmp_12 (66)  [1/1] 0.00ns  loc: IP_1st_restructure.c:33
:0  %tmp_12 = trunc i32 %p_Val2_s to i8

ST_49: sum3 (67)  [1/1] 0.00ns  loc: IP_1st_restructure.c:24
:1  %sum3 = call i20 @_ssdm_op_BitConcatenate.i20.i10.i10(i10 %i, i10 %j)

ST_49: sum3_cast (68)  [1/1] 0.00ns  loc: IP_1st_restructure.c:24
:2  %sum3_cast = zext i20 %sum3 to i32

ST_49: output4_sum (69)  [1/1] 3.44ns  loc: IP_1st_restructure.c:24
:3  %output4_sum = add i32 %output_read, %sum3_cast

ST_49: OUTPUT_BUNDLE_addr_1 (70)  [1/1] 0.00ns  loc: IP_1st_restructure.c:24
:4  %OUTPUT_BUNDLE_addr_1 = getelementptr i8* %OUTPUT_BUNDLE, i32 %output4_sum

ST_49: sum (76)  [1/1] 0.00ns  loc: IP_1st_restructure.c:24
:0  %sum = call i20 @_ssdm_op_BitConcatenate.i20.i10.i10(i10 %i, i10 %j)

ST_49: sum_cast (77)  [1/1] 0.00ns  loc: IP_1st_restructure.c:24
:1  %sum_cast = zext i20 %sum to i32

ST_49: output4_sum5 (78)  [1/1] 3.44ns  loc: IP_1st_restructure.c:24
:2  %output4_sum5 = add i32 %sum_cast, %output_read

ST_49: OUTPUT_BUNDLE_addr (79)  [1/1] 0.00ns  loc: IP_1st_restructure.c:24
:3  %OUTPUT_BUNDLE_addr = getelementptr i8* %OUTPUT_BUNDLE, i32 %output4_sum5


 <State 50>: 8.75ns
ST_50: OUTPUT_BUNDLE_addr_1_1 (71)  [1/1] 8.75ns  loc: IP_1st_restructure.c:33
:5  %OUTPUT_BUNDLE_addr_1_1 = call i1 @_ssdm_op_WriteReq.m_axi.i8P(i8* %OUTPUT_BUNDLE_addr_1, i32 1)


 <State 51>: 8.75ns
ST_51: StgValue_171 (72)  [1/1] 8.75ns  loc: IP_1st_restructure.c:33
:6  call void @_ssdm_op_Write.m_axi.i8P(i8* %OUTPUT_BUNDLE_addr_1, i8 %tmp_12, i1 true)


 <State 52>: 8.75ns
ST_52: OUTPUT_BUNDLE_addr_1_2 (73)  [5/5] 8.75ns  loc: IP_1st_restructure.c:33
:7  %OUTPUT_BUNDLE_addr_1_2 = call i1 @_ssdm_op_WriteResp.m_axi.i8P(i8* %OUTPUT_BUNDLE_addr_1)


 <State 53>: 8.75ns
ST_53: OUTPUT_BUNDLE_addr_1_2 (73)  [4/5] 8.75ns  loc: IP_1st_restructure.c:33
:7  %OUTPUT_BUNDLE_addr_1_2 = call i1 @_ssdm_op_WriteResp.m_axi.i8P(i8* %OUTPUT_BUNDLE_addr_1)


 <State 54>: 8.75ns
ST_54: OUTPUT_BUNDLE_addr_1_2 (73)  [3/5] 8.75ns  loc: IP_1st_restructure.c:33
:7  %OUTPUT_BUNDLE_addr_1_2 = call i1 @_ssdm_op_WriteResp.m_axi.i8P(i8* %OUTPUT_BUNDLE_addr_1)


 <State 55>: 8.75ns
ST_55: OUTPUT_BUNDLE_addr_1_2 (73)  [2/5] 8.75ns  loc: IP_1st_restructure.c:33
:7  %OUTPUT_BUNDLE_addr_1_2 = call i1 @_ssdm_op_WriteResp.m_axi.i8P(i8* %OUTPUT_BUNDLE_addr_1)


 <State 56>: 8.75ns
ST_56: OUTPUT_BUNDLE_addr_1_2 (73)  [1/5] 8.75ns  loc: IP_1st_restructure.c:33
:7  %OUTPUT_BUNDLE_addr_1_2 = call i1 @_ssdm_op_WriteResp.m_axi.i8P(i8* %OUTPUT_BUNDLE_addr_1)

ST_56: StgValue_177 (74)  [1/1] 0.00ns
:8  br label %4

ST_56: OUTPUT_BUNDLE_addr_r_1 (82)  [1/5] 8.75ns  loc: IP_1st_restructure.c:29
:6  %OUTPUT_BUNDLE_addr_r_1 = call i1 @_ssdm_op_WriteResp.m_axi.i8P(i8* %OUTPUT_BUNDLE_addr)

ST_56: StgValue_179 (83)  [1/1] 0.00ns  loc: IP_1st_restructure.c:31
:7  br label %4

ST_56: i_1 (85)  [1/1] 2.84ns  loc: IP_1st_restructure.c:24
:0  %i_1 = add i10 %i, 1

ST_56: StgValue_181 (86)  [1/1] 0.00ns  loc: IP_1st_restructure.c:24
:1  br label %.preheader


 <State 57>: 8.75ns
ST_57: OUTPUT_BUNDLE_addr_r (80)  [1/1] 8.75ns  loc: IP_1st_restructure.c:29
:4  %OUTPUT_BUNDLE_addr_r = call i1 @_ssdm_op_WriteReq.m_axi.i8P(i8* %OUTPUT_BUNDLE_addr, i32 1)


 <State 58>: 8.75ns
ST_58: StgValue_183 (81)  [1/1] 8.75ns  loc: IP_1st_restructure.c:29
:5  call void @_ssdm_op_Write.m_axi.i8P(i8* %OUTPUT_BUNDLE_addr, i8 -1, i1 true)


 <State 59>: 8.75ns
ST_59: OUTPUT_BUNDLE_addr_r_1 (82)  [5/5] 8.75ns  loc: IP_1st_restructure.c:29
:6  %OUTPUT_BUNDLE_addr_r_1 = call i1 @_ssdm_op_WriteResp.m_axi.i8P(i8* %OUTPUT_BUNDLE_addr)


 <State 60>: 8.75ns
ST_60: OUTPUT_BUNDLE_addr_r_1 (82)  [4/5] 8.75ns  loc: IP_1st_restructure.c:29
:6  %OUTPUT_BUNDLE_addr_r_1 = call i1 @_ssdm_op_WriteResp.m_axi.i8P(i8* %OUTPUT_BUNDLE_addr)


 <State 61>: 8.75ns
ST_61: OUTPUT_BUNDLE_addr_r_1 (82)  [3/5] 8.75ns  loc: IP_1st_restructure.c:29
:6  %OUTPUT_BUNDLE_addr_r_1 = call i1 @_ssdm_op_WriteResp.m_axi.i8P(i8* %OUTPUT_BUNDLE_addr)


 <State 62>: 8.75ns
ST_62: OUTPUT_BUNDLE_addr_r_1 (82)  [2/5] 8.75ns  loc: IP_1st_restructure.c:29
:6  %OUTPUT_BUNDLE_addr_r_1 = call i1 @_ssdm_op_WriteResp.m_axi.i8P(i8* %OUTPUT_BUNDLE_addr)



============================================================
+ Verbose Summary: Timing violations
============================================================
Target clock period: 10ns, clock uncertainty: 1.25ns.

 <State 1>: 1.77ns
The critical path consists of the following:
	multiplexor before 'phi' operation ('j') with incoming values : ('j', IP_1st_restructure.c:23) [19]  (1.77 ns)

 <State 2>: 3.02ns
The critical path consists of the following:
	'phi' operation ('j') with incoming values : ('j', IP_1st_restructure.c:23) [19]  (0 ns)
	'icmp' operation ('exitcond1', IP_1st_restructure.c:23) [20]  (3.02 ns)

 <State 3>: 3.02ns
The critical path consists of the following:
	'phi' operation ('i') with incoming values : ('i', IP_1st_restructure.c:24) [26]  (0 ns)
	'icmp' operation ('exitcond', IP_1st_restructure.c:24) [27]  (3.02 ns)

 <State 4>: 0ns
The critical path consists of the following:

 <State 5>: 1.77ns
The critical path consists of the following:
	'call' operation ('tmp_1', IP_1st_restructure.c:26) to 'convolution2D' [33]  (1.77 ns)

 <State 6>: 5.75ns
The critical path consists of the following:
	'mul' operation ('tmp_2', IP_1st_restructure.c:25) [32]  (5.75 ns)

 <State 7>: 5.75ns
The critical path consists of the following:
	'mul' operation ('tmp_2', IP_1st_restructure.c:25) [32]  (5.75 ns)

 <State 8>: 5.75ns
The critical path consists of the following:
	'mul' operation ('tmp_2', IP_1st_restructure.c:25) [32]  (5.75 ns)

 <State 9>: 3.44ns
The critical path consists of the following:
	'add' operation ('tmp_6', IP_1st_restructure.c:26) [35]  (3.44 ns)

 <State 10>: 6.28ns
The critical path consists of the following:
	'sitodp' operation ('p', IP_1st_restructure.c:26) [36]  (6.28 ns)

 <State 11>: 6.28ns
The critical path consists of the following:
	'sitodp' operation ('p', IP_1st_restructure.c:26) [36]  (6.28 ns)

 <State 12>: 6.28ns
The critical path consists of the following:
	'sitodp' operation ('p', IP_1st_restructure.c:26) [36]  (6.28 ns)

 <State 13>: 6.28ns
The critical path consists of the following:
	'sitodp' operation ('p', IP_1st_restructure.c:26) [36]  (6.28 ns)

 <State 14>: 6.28ns
The critical path consists of the following:
	'sitodp' operation ('p', IP_1st_restructure.c:26) [36]  (6.28 ns)

 <State 15>: 6.28ns
The critical path consists of the following:
	'sitodp' operation ('p', IP_1st_restructure.c:26) [36]  (6.28 ns)

 <State 16>: 8.62ns
The critical path consists of the following:
	'dsqrt' operation ('x', IP_1st_restructure.c:27) [37]  (8.62 ns)

 <State 17>: 8.62ns
The critical path consists of the following:
	'dsqrt' operation ('x', IP_1st_restructure.c:27) [37]  (8.62 ns)

 <State 18>: 8.62ns
The critical path consists of the following:
	'dsqrt' operation ('x', IP_1st_restructure.c:27) [37]  (8.62 ns)

 <State 19>: 8.62ns
The critical path consists of the following:
	'dsqrt' operation ('x', IP_1st_restructure.c:27) [37]  (8.62 ns)

 <State 20>: 8.62ns
The critical path consists of the following:
	'dsqrt' operation ('x', IP_1st_restructure.c:27) [37]  (8.62 ns)

 <State 21>: 8.62ns
The critical path consists of the following:
	'dsqrt' operation ('x', IP_1st_restructure.c:27) [37]  (8.62 ns)

 <State 22>: 8.62ns
The critical path consists of the following:
	'dsqrt' operation ('x', IP_1st_restructure.c:27) [37]  (8.62 ns)

 <State 23>: 8.62ns
The critical path consists of the following:
	'dsqrt' operation ('x', IP_1st_restructure.c:27) [37]  (8.62 ns)

 <State 24>: 8.62ns
The critical path consists of the following:
	'dsqrt' operation ('x', IP_1st_restructure.c:27) [37]  (8.62 ns)

 <State 25>: 8.62ns
The critical path consists of the following:
	'dsqrt' operation ('x', IP_1st_restructure.c:27) [37]  (8.62 ns)

 <State 26>: 8.62ns
The critical path consists of the following:
	'dsqrt' operation ('x', IP_1st_restructure.c:27) [37]  (8.62 ns)

 <State 27>: 8.62ns
The critical path consists of the following:
	'dsqrt' operation ('x', IP_1st_restructure.c:27) [37]  (8.62 ns)

 <State 28>: 8.62ns
The critical path consists of the following:
	'dsqrt' operation ('x', IP_1st_restructure.c:27) [37]  (8.62 ns)

 <State 29>: 8.62ns
The critical path consists of the following:
	'dsqrt' operation ('x', IP_1st_restructure.c:27) [37]  (8.62 ns)

 <State 30>: 8.62ns
The critical path consists of the following:
	'dsqrt' operation ('x', IP_1st_restructure.c:27) [37]  (8.62 ns)

 <State 31>: 8.62ns
The critical path consists of the following:
	'dsqrt' operation ('x', IP_1st_restructure.c:27) [37]  (8.62 ns)

 <State 32>: 8.62ns
The critical path consists of the following:
	'dsqrt' operation ('x', IP_1st_restructure.c:27) [37]  (8.62 ns)

 <State 33>: 8.62ns
The critical path consists of the following:
	'dsqrt' operation ('x', IP_1st_restructure.c:27) [37]  (8.62 ns)

 <State 34>: 8.62ns
The critical path consists of the following:
	'dsqrt' operation ('x', IP_1st_restructure.c:27) [37]  (8.62 ns)

 <State 35>: 8.62ns
The critical path consists of the following:
	'dsqrt' operation ('x', IP_1st_restructure.c:27) [37]  (8.62 ns)

 <State 36>: 8.62ns
The critical path consists of the following:
	'dsqrt' operation ('x', IP_1st_restructure.c:27) [37]  (8.62 ns)

 <State 37>: 8.62ns
The critical path consists of the following:
	'dsqrt' operation ('x', IP_1st_restructure.c:27) [37]  (8.62 ns)

 <State 38>: 8.62ns
The critical path consists of the following:
	'dsqrt' operation ('x', IP_1st_restructure.c:27) [37]  (8.62 ns)

 <State 39>: 8.62ns
The critical path consists of the following:
	'dsqrt' operation ('x', IP_1st_restructure.c:27) [37]  (8.62 ns)

 <State 40>: 8.62ns
The critical path consists of the following:
	'dsqrt' operation ('x', IP_1st_restructure.c:27) [37]  (8.62 ns)

 <State 41>: 8.62ns
The critical path consists of the following:
	'dsqrt' operation ('x', IP_1st_restructure.c:27) [37]  (8.62 ns)

 <State 42>: 8.62ns
The critical path consists of the following:
	'dsqrt' operation ('x', IP_1st_restructure.c:27) [37]  (8.62 ns)

 <State 43>: 8.62ns
The critical path consists of the following:
	'dsqrt' operation ('x', IP_1st_restructure.c:27) [37]  (8.62 ns)

 <State 44>: 8.62ns
The critical path consists of the following:
	'dsqrt' operation ('x', IP_1st_restructure.c:27) [37]  (8.62 ns)

 <State 45>: 8.62ns
The critical path consists of the following:
	'dsqrt' operation ('x', IP_1st_restructure.c:27) [37]  (8.62 ns)

 <State 46>: 8.62ns
The critical path consists of the following:
	'dsqrt' operation ('x', IP_1st_restructure.c:27) [37]  (8.62 ns)

 <State 47>: 4.93ns
The critical path consists of the following:
	'add' operation ('sh', r:/builds/2017.1/nightly/2017_04_14_1846317/src/products/hls/hls_lib/src/hls/utils/x_hls_utils.h:502->r:/builds/2017.1/nightly/2017_04_14_1846317/src/products/hls/hls_lib/src/hls/hls_round.h:441->r:/builds/2017.1/nightly/2017_04_14_1846317/src/products/hls/hls_lib/src/hls/hls_round.h:523->r:/builds/2017.1/nightly/2017_04_14_1846317/src/products/hls/hls_lib/src/lib_floatconversion.cpp:47->IP_1st_restructure.c:27) [45]  (2.86 ns)
	'select' operation ('sh', r:/builds/2017.1/nightly/2017_04_14_1846317/src/products/hls/hls_lib/src/hls/hls_round.h:441->r:/builds/2017.1/nightly/2017_04_14_1846317/src/products/hls/hls_lib/src/hls/hls_round.h:523->r:/builds/2017.1/nightly/2017_04_14_1846317/src/products/hls/hls_lib/src/lib_floatconversion.cpp:47->IP_1st_restructure.c:27) [49]  (2.07 ns)

 <State 48>: 4.61ns
The critical path consists of the following:
	'lshr' operation ('tmp_6_i_i_i', r:/builds/2017.1/nightly/2017_04_14_1846317/src/products/hls/hls_lib/src/hls/hls_round.h:441->r:/builds/2017.1/nightly/2017_04_14_1846317/src/products/hls/hls_lib/src/hls/hls_round.h:523->r:/builds/2017.1/nightly/2017_04_14_1846317/src/products/hls/hls_lib/src/lib_floatconversion.cpp:47->IP_1st_restructure.c:27) [53]  (0 ns)
	'select' operation ('__Val2__', r:/builds/2017.1/nightly/2017_04_14_1846317/src/products/hls/hls_lib/src/hls/hls_round.h:441->r:/builds/2017.1/nightly/2017_04_14_1846317/src/products/hls/hls_lib/src/hls/hls_round.h:523->r:/builds/2017.1/nightly/2017_04_14_1846317/src/products/hls/hls_lib/src/lib_floatconversion.cpp:47->IP_1st_restructure.c:27) [58]  (4.61 ns)

 <State 49>: 8.7ns
The critical path consists of the following:
	'sub' operation ('tmp_12_i_i_i', r:/builds/2017.1/nightly/2017_04_14_1846317/src/products/hls/hls_lib/src/hls/hls_round.h:473->r:/builds/2017.1/nightly/2017_04_14_1846317/src/products/hls/hls_lib/src/hls/hls_round.h:523->r:/builds/2017.1/nightly/2017_04_14_1846317/src/products/hls/hls_lib/src/lib_floatconversion.cpp:47->IP_1st_restructure.c:27) [60]  (3.41 ns)
	'select' operation ('__Val2__', r:/builds/2017.1/nightly/2017_04_14_1846317/src/products/hls/hls_lib/src/hls/hls_round.h:473->r:/builds/2017.1/nightly/2017_04_14_1846317/src/products/hls/hls_lib/src/hls/hls_round.h:523->r:/builds/2017.1/nightly/2017_04_14_1846317/src/products/hls/hls_lib/src/lib_floatconversion.cpp:47->IP_1st_restructure.c:27) [61]  (2.07 ns)
	'icmp' operation ('icmp', IP_1st_restructure.c:28) [63]  (3.23 ns)

 <State 50>: 8.75ns
The critical path consists of the following:
	bus request on port 'OUTPUT_BUNDLE' (IP_1st_restructure.c:33) [71]  (8.75 ns)

 <State 51>: 8.75ns
The critical path consists of the following:
	bus write on port 'OUTPUT_BUNDLE' (IP_1st_restructure.c:33) [72]  (8.75 ns)

 <State 52>: 8.75ns
The critical path consists of the following:
	bus access on port 'OUTPUT_BUNDLE' (IP_1st_restructure.c:33) [73]  (8.75 ns)

 <State 53>: 8.75ns
The critical path consists of the following:
	bus access on port 'OUTPUT_BUNDLE' (IP_1st_restructure.c:33) [73]  (8.75 ns)

 <State 54>: 8.75ns
The critical path consists of the following:
	bus access on port 'OUTPUT_BUNDLE' (IP_1st_restructure.c:33) [73]  (8.75 ns)

 <State 55>: 8.75ns
The critical path consists of the following:
	bus access on port 'OUTPUT_BUNDLE' (IP_1st_restructure.c:33) [73]  (8.75 ns)

 <State 56>: 8.75ns
The critical path consists of the following:
	bus access on port 'OUTPUT_BUNDLE' (IP_1st_restructure.c:33) [73]  (8.75 ns)

 <State 57>: 8.75ns
The critical path consists of the following:
	bus request on port 'OUTPUT_BUNDLE' (IP_1st_restructure.c:29) [80]  (8.75 ns)

 <State 58>: 8.75ns
The critical path consists of the following:
	bus write on port 'OUTPUT_BUNDLE' (IP_1st_restructure.c:29) [81]  (8.75 ns)

 <State 59>: 8.75ns
The critical path consists of the following:
	bus access on port 'OUTPUT_BUNDLE' (IP_1st_restructure.c:29) [82]  (8.75 ns)

 <State 60>: 8.75ns
The critical path consists of the following:
	bus access on port 'OUTPUT_BUNDLE' (IP_1st_restructure.c:29) [82]  (8.75 ns)

 <State 61>: 8.75ns
The critical path consists of the following:
	bus access on port 'OUTPUT_BUNDLE' (IP_1st_restructure.c:29) [82]  (8.75 ns)

 <State 62>: 8.75ns
The critical path consists of the following:
	bus access on port 'OUTPUT_BUNDLE' (IP_1st_restructure.c:29) [82]  (8.75 ns)


============================================================
+ Verbose Summary: Binding
============================================================
N/A
* FSMD analyzer results:
  - Output states:
 - Input state : 
  - Chain level:
	State 1
	State 2
	State 3
	State 4
	State 5
	State 6
	State 7
	State 8
	State 9
	State 10
	State 11
	State 12
	State 13
	State 14
	State 15
	State 16
	State 17
	State 18
	State 19
	State 20
	State 21
	State 22
	State 23
	State 24
	State 25
	State 26
	State 27
	State 28
	State 29
	State 30
	State 31
	State 32
	State 33
	State 34
	State 35
	State 36
	State 37
	State 38
	State 39
	State 40
	State 41
	State 42
	State 43
	State 44
	State 45
	State 46
	State 47
	State 48
	State 49
	State 50
	State 51
	State 52
	State 53
	State 54
	State 55
	State 56
	State 57
	State 58
	State 59
	State 60
	State 61
	State 62


============================================================
+ Verbose Summary: Datapath Resource usage 
============================================================
N/A
